[ 2018-10-08T08:36:20+08:00 ] 127.0.0.1 /index.php
INFO: [ app_init ] --START--
INFO: Run Behavior\BuildLiteBehavior [ RunTime:0.000037s ]
INFO: [ app_init ] --END-- [ RunTime:0.000595s ]
INFO: [ app_begin ] --START--
INFO: Run Behavior\ReadHtmlCacheBehavior [ RunTime:0.000767s ]
INFO: [ app_begin ] --END-- [ RunTime:0.000806s ]
INFO: [ view_parse ] --START--
INFO: Run Behavior\ParseTemplateBehavior [ RunTime:0.000880s ]
INFO: [ view_parse ] --END-- [ RunTime:0.000937s ]
INFO: [ view_filter ] --START--
INFO: Run Behavior\WriteHtmlCacheBehavior [ RunTime:0.001543s ]
INFO: [ view_filter ] --END-- [ RunTime:0.001612s ]
INFO: [ app_end ] --START--
INFO: Run Behavior\ShowPageTraceBehavior [ RunTime:0.001070s ]
INFO: [ app_end ] --END-- [ RunTime:0.001109s ]

[ 2018-10-08T09:53:53+08:00 ] 127.0.0.1 /index.php
INFO: [ app_init ] --START--
INFO: Run Behavior\BuildLiteBehavior [ RunTime:0.000011s ]
INFO: [ app_init ] --END-- [ RunTime:0.000597s ]
INFO: [ app_begin ] --START--
INFO: Run Behavior\ReadHtmlCacheBehavior [ RunTime:0.000929s ]
INFO: [ app_begin ] --END-- [ RunTime:0.000970s ]
INFO: [ view_parse ] --START--
INFO: Run Behavior\ParseTemplateBehavior [ RunTime:0.001465s ]
INFO: [ view_parse ] --END-- [ RunTime:0.001558s ]
INFO: [ view_filter ] --START--
INFO: Run Behavior\WriteHtmlCacheBehavior [ RunTime:0.000812s ]
INFO: [ view_filter ] --END-- [ RunTime:0.000864s ]
INFO: [ app_end ] --START--
INFO: Run Behavior\ShowPageTraceBehavior [ RunTime:0.000951s ]
INFO: [ app_end ] --END-- [ RunTime:0.000987s ]

[ 2018-10-08T10:25:55+08:00 ] 127.0.0.1 /Home/Public/js/jq.js
INFO: [ app_init ] --START--
INFO: Run Behavior\BuildLiteBehavior [ RunTime:0.000017s ]
INFO: [ app_init ] --END-- [ RunTime:0.000850s ]
INFO: [ app_begin ] --START--
INFO: Run Behavior\ReadHtmlCacheBehavior [ RunTime:0.000932s ]
INFO: [ app_begin ] --END-- [ RunTime:0.000973s ]
ERR: 无法加载控制器:Public

[ 2018-10-08T11:52:12+08:00 ] 127.0.0.1 /index.php
INFO: [ app_init ] --START--
INFO: Run Behavior\BuildLiteBehavior [ RunTime:0.000013s ]
INFO: [ app_init ] --END-- [ RunTime:0.000745s ]
INFO: [ app_begin ] --START--
INFO: Run Behavior\ReadHtmlCacheBehavior [ RunTime:0.000973s ]
INFO: [ app_begin ] --END-- [ RunTime:0.001022s ]
INFO: [ view_parse ] --START--
INFO: Run Behavior\ParseTemplateBehavior [ RunTime:0.001067s ]
INFO: [ view_parse ] --END-- [ RunTime:0.001110s ]
INFO: [ view_filter ] --START--
INFO: Run Behavior\WriteHtmlCacheBehavior [ RunTime:0.000684s ]
INFO: [ view_filter ] --END-- [ RunTime:0.000714s ]
INFO: [ app_end ] --START--
INFO: Run Behavior\ShowPageTraceBehavior [ RunTime:0.000964s ]
INFO: [ app_end ] --END-- [ RunTime:0.001054s ]

[ 2018-10-08T14:19:38+08:00 ] 127.0.0.1 /index.php
INFO: [ app_init ] --START--
INFO: Run Behavior\BuildLiteBehavior [ RunTime:0.000011s ]
INFO: [ app_init ] --END-- [ RunTime:0.000551s ]
INFO: [ app_begin ] --START--
INFO: Run Behavior\ReadHtmlCacheBehavior [ RunTime:0.000744s ]
INFO: [ app_begin ] --END-- [ RunTime:0.000784s ]
INFO: [ view_parse ] --START--
INFO: Run Behavior\ParseTemplateBehavior [ RunTime:0.000942s ]
INFO: [ view_parse ] --END-- [ RunTime:0.000986s ]
INFO: [ view_filter ] --START--
INFO: Run Behavior\WriteHtmlCacheBehavior [ RunTime:0.000669s ]
INFO: [ view_filter ] --END-- [ RunTime:0.000697s ]
INFO: [ app_end ] --START--
INFO: Run Behavior\ShowPageTraceBehavior [ RunTime:0.000879s ]
INFO: [ app_end ] --END-- [ RunTime:0.000910s ]

[ 2018-10-08T18:27:21+08:00 ] 127.0.0.1 /index.php/home/goods/showList.html?jiange=1000
INFO: [ app_init ] --START--
INFO: Run Behavior\BuildLiteBehavior [ RunTime:0.000012s ]
INFO: [ app_init ] --END-- [ RunTime:0.000601s ]
INFO: [ app_begin ] --START--
INFO: Run Behavior\ReadHtmlCacheBehavior [ RunTime:0.000821s ]
INFO: [ app_begin ] --END-- [ RunTime:0.000875s ]
ERR: 无法加载控制器:Goods

[ 2018-10-08T18:27:38+08:00 ] 127.0.0.1 /index.php/home/goods/showList.html?jiange=1000
INFO: [ app_init ] --START--
INFO: Run Behavior\BuildLiteBehavior [ RunTime:0.000050s ]
INFO: [ app_init ] --END-- [ RunTime:0.001427s ]
INFO: [ app_begin ] --START--
INFO: Run Behavior\ReadHtmlCacheBehavior [ RunTime:0.001103s ]
INFO: [ app_begin ] --END-- [ RunTime:0.001147s ]
ERR: 无法加载控制器:Goods

[ 2018-10-08T18:41:46+08:00 ] 127.0.0.1 /index.php/home/goods/showList.html?jiange=1000
INFO: [ app_init ] --START--
INFO: Run Behavior\BuildLiteBehavior [ RunTime:0.000019s ]
INFO: [ app_init ] --END-- [ RunTime:0.000682s ]
INFO: [ app_begin ] --START--
INFO: Run Behavior\ReadHtmlCacheBehavior [ RunTime:0.001123s ]
INFO: [ app_begin ] --END-- [ RunTime:0.001169s ]
SQL: SHOW COLUMNS FROM `shop0926_goods` [ RunTime:0.0059s ]
ERR: SQLSTATE[42S22]: Column not found: 1054 Unknown column 'youxian' in 'order clause'

[ 2018-10-08T18:42:54+08:00 ] 127.0.0.1 /index.php/home/goods/showList.html?jiange=1000
INFO: [ app_init ] --START--
INFO: Run Behavior\BuildLiteBehavior [ RunTime:0.000039s ]
INFO: [ app_init ] --END-- [ RunTime:0.000980s ]
INFO: [ app_begin ] --START--
INFO: Run Behavior\ReadHtmlCacheBehavior [ RunTime:0.001088s ]
INFO: [ app_begin ] --END-- [ RunTime:0.001135s ]
SQL: SHOW COLUMNS FROM `shop0926_goods` [ RunTime:0.0066s ]
SQL: SELECT * FROM `shop0926_goods`  [ RunTime:0.0004s ]
SQL: SELECT COUNT(*) AS tp_count FROM `shop0926_goods` LIMIT 1   [ RunTime:0.0002s ]
NOTIC: [8] Undefined index: jiange D:\phpStudy\WWW\www.shop0926.com\Application\Home\Controller\GoodsController.class.php 第 22 行.
INFO: [ view_parse ] --START--
INFO: [ template_filter ] --START--
INFO: Run Behavior\ContentReplaceBehavior [ RunTime:0.000031s ]
INFO: [ template_filter ] --END-- [ RunTime:0.000069s ]
NOTIC: [8] Undefined index: img D:\phpStudy\WWW\www.shop0926.com\Application\Runtime\Cache\Home\1f121f5f0f768d22b81ec2c1de38f87a.php 第 74 行.
NOTIC: [8] Undefined index: img D:\phpStudy\WWW\www.shop0926.com\Application\Runtime\Cache\Home\1f121f5f0f768d22b81ec2c1de38f87a.php 第 74 行.
INFO: Run Behavior\ParseTemplateBehavior [ RunTime:0.010555s ]
INFO: [ view_parse ] --END-- [ RunTime:0.010598s ]
INFO: [ view_filter ] --START--
INFO: Run Behavior\WriteHtmlCacheBehavior [ RunTime:0.001535s ]
INFO: [ view_filter ] --END-- [ RunTime:0.001574s ]
INFO: [ app_end ] --START--
INFO: Run Behavior\ShowPageTraceBehavior [ RunTime:0.001291s ]
INFO: [ app_end ] --END-- [ RunTime:0.001349s ]

[ 2018-10-08T18:43:31+08:00 ] 127.0.0.1 /index.php/home/goods/showList.html?jiange=3000
INFO: [ app_init ] --START--
INFO: Run Behavior\BuildLiteBehavior [ RunTime:0.000016s ]
INFO: [ app_init ] --END-- [ RunTime:0.000864s ]
INFO: [ app_begin ] --START--
INFO: Run Behavior\ReadHtmlCacheBehavior [ RunTime:0.001641s ]
INFO: [ app_begin ] --END-- [ RunTime:0.001706s ]
SQL: SHOW COLUMNS FROM `shop0926_goods` [ RunTime:0.0063s ]
SQL: SELECT * FROM `shop0926_goods`  [ RunTime:0.0005s ]
SQL: SELECT COUNT(*) AS tp_count FROM `shop0926_goods` LIMIT 1   [ RunTime:0.0003s ]
NOTIC: [8] Undefined index: jiange D:\phpStudy\WWW\www.shop0926.com\Application\Home\Controller\GoodsController.class.php 第 22 行.
INFO: [ view_parse ] --START--
INFO: [ template_filter ] --START--
INFO: Run Behavior\ContentReplaceBehavior [ RunTime:0.000036s ]
INFO: [ template_filter ] --END-- [ RunTime:0.000076s ]
NOTIC: [8] Undefined index: img D:\phpStudy\WWW\www.shop0926.com\Application\Runtime\Cache\Home\1f121f5f0f768d22b81ec2c1de38f87a.php 第 74 行.
NOTIC: [8] Undefined index: img D:\phpStudy\WWW\www.shop0926.com\Application\Runtime\Cache\Home\1f121f5f0f768d22b81ec2c1de38f87a.php 第 74 行.
INFO: Run Behavior\ParseTemplateBehavior [ RunTime:0.011318s ]
INFO: [ view_parse ] --END-- [ RunTime:0.011372s ]
INFO: [ view_filter ] --START--
INFO: Run Behavior\WriteHtmlCacheBehavior [ RunTime:0.000865s ]
INFO: [ view_filter ] --END-- [ RunTime:0.000910s ]
INFO: [ app_end ] --START--
INFO: Run Behavior\ShowPageTraceBehavior [ RunTime:0.001055s ]
INFO: [ app_end ] --END-- [ RunTime:0.001088s ]

[ 2018-10-08T18:44:22+08:00 ] 127.0.0.1 /index.php/home/goods/showList.html?jiange=3000
INFO: [ app_init ] --START--
INFO: Run Behavior\BuildLiteBehavior [ RunTime:0.000012s ]
INFO: [ app_init ] --END-- [ RunTime:0.000627s ]
INFO: [ app_begin ] --START--
INFO: Run Behavior\ReadHtmlCacheBehavior [ RunTime:0.001038s ]
INFO: [ app_begin ] --END-- [ RunTime:0.001081s ]
SQL: SHOW COLUMNS FROM `shop0926_goods` [ RunTime:0.0049s ]
SQL: SELECT * FROM `shop0926_goods`  [ RunTime:0.0004s ]
SQL: SELECT COUNT(*) AS tp_count FROM `shop0926_goods` LIMIT 1   [ RunTime:0.0002s ]
NOTIC: [8] Undefined index: jiange D:\phpStudy\WWW\www.shop0926.com\Application\Home\Controller\GoodsController.class.php 第 22 行.
INFO: [ view_parse ] --START--
INFO: [ template_filter ] --START--
INFO: Run Behavior\ContentReplaceBehavior [ RunTime:0.000030s ]
INFO: [ template_filter ] --END-- [ RunTime:0.000067s ]
NOTIC: [8] Undefined index: img D:\phpStudy\WWW\www.shop0926.com\Application\Runtime\Cache\Home\1f121f5f0f768d22b81ec2c1de38f87a.php 第 74 行.
NOTIC: [8] Undefined index: img D:\phpStudy\WWW\www.shop0926.com\Application\Runtime\Cache\Home\1f121f5f0f768d22b81ec2c1de38f87a.php 第 74 行.
INFO: Run Behavior\ParseTemplateBehavior [ RunTime:0.009203s ]
INFO: [ view_parse ] --END-- [ RunTime:0.009246s ]
INFO: [ view_filter ] --START--
INFO: Run Behavior\WriteHtmlCacheBehavior [ RunTime:0.000743s ]
INFO: [ view_filter ] --END-- [ RunTime:0.000773s ]
INFO: [ app_end ] --START--
INFO: Run Behavior\ShowPageTraceBehavior [ RunTime:0.000929s ]
INFO: [ app_end ] --END-- [ RunTime:0.000960s ]

[ 2018-10-08T18:45:55+08:00 ] 127.0.0.1 /index.php/Home/Goods/showList.html?jiange=5000
INFO: [ app_init ] --START--
INFO: Run Behavior\BuildLiteBehavior [ RunTime:0.000010s ]
INFO: [ app_init ] --END-- [ RunTime:0.000579s ]
INFO: [ app_begin ] --START--
INFO: Run Behavior\ReadHtmlCacheBehavior [ RunTime:0.001377s ]
INFO: [ app_begin ] --END-- [ RunTime:0.001553s ]
SQL: SHOW COLUMNS FROM `shop0926_goods` [ RunTime:0.0049s ]
SQL: SELECT * FROM `shop0926_goods`  [ RunTime:0.0003s ]
SQL: SELECT COUNT(*) AS tp_count FROM `shop0926_goods` LIMIT 1   [ RunTime:0.0002s ]
NOTIC: [8] Undefined index: jiange D:\phpStudy\WWW\www.shop0926.com\Application\Home\Controller\GoodsController.class.php 第 22 行.
INFO: [ view_parse ] --START--
INFO: [ template_filter ] --START--
INFO: Run Behavior\ContentReplaceBehavior [ RunTime:0.000032s ]
INFO: [ template_filter ] --END-- [ RunTime:0.000067s ]
NOTIC: [8] Undefined index: img D:\phpStudy\WWW\www.shop0926.com\Application\Runtime\Cache\Home\1f121f5f0f768d22b81ec2c1de38f87a.php 第 74 行.
NOTIC: [8] Undefined index: img D:\phpStudy\WWW\www.shop0926.com\Application\Runtime\Cache\Home\1f121f5f0f768d22b81ec2c1de38f87a.php 第 74 行.
INFO: Run Behavior\ParseTemplateBehavior [ RunTime:0.008931s ]
INFO: [ view_parse ] --END-- [ RunTime:0.008970s ]
INFO: [ view_filter ] --START--
INFO: Run Behavior\WriteHtmlCacheBehavior [ RunTime:0.000806s ]
INFO: [ view_filter ] --END-- [ RunTime:0.000835s ]
INFO: [ app_end ] --START--
INFO: Run Behavior\ShowPageTraceBehavior [ RunTime:0.001026s ]
INFO: [ app_end ] --END-- [ RunTime:0.001059s ]

[ 2018-10-08T18:46:42+08:00 ] 127.0.0.1 /index.php/Home/Goods/showList.html?jiange=5000
INFO: [ app_init ] --START--
INFO: Run Behavior\BuildLiteBehavior [ RunTime:0.000047s ]
INFO: [ app_init ] --END-- [ RunTime:0.000705s ]
INFO: [ app_begin ] --START--
INFO: Run Behavior\ReadHtmlCacheBehavior [ RunTime:0.000959s ]
INFO: [ app_begin ] --END-- [ RunTime:0.001005s ]
SQL: SHOW COLUMNS FROM `shop0926_goods` [ RunTime:0.0053s ]
SQL: SELECT * FROM `shop0926_goods`  [ RunTime:0.0004s ]
SQL: SELECT COUNT(*) AS tp_count FROM `shop0926_goods` LIMIT 1   [ RunTime:0.0003s ]
NOTIC: [8] Undefined index: jiange D:\phpStudy\WWW\www.shop0926.com\Application\Home\Controller\GoodsController.class.php 第 22 行.
INFO: [ view_parse ] --START--
INFO: [ template_filter ] --START--
INFO: Run Behavior\ContentReplaceBehavior [ RunTime:0.000030s ]
INFO: [ template_filter ] --END-- [ RunTime:0.000080s ]
NOTIC: [8] Undefined index: img D:\phpStudy\WWW\www.shop0926.com\Application\Runtime\Cache\Home\1f121f5f0f768d22b81ec2c1de38f87a.php 第 74 行.
NOTIC: [8] Undefined index: img D:\phpStudy\WWW\www.shop0926.com\Application\Runtime\Cache\Home\1f121f5f0f768d22b81ec2c1de38f87a.php 第 74 行.
INFO: Run Behavior\ParseTemplateBehavior [ RunTime:0.010030s ]
INFO: [ view_parse ] --END-- [ RunTime:0.010073s ]
INFO: [ view_filter ] --START--
INFO: Run Behavior\WriteHtmlCacheBehavior [ RunTime:0.001064s ]
INFO: [ view_filter ] --END-- [ RunTime:0.001099s ]
INFO: [ app_end ] --START--
INFO: Run Behavior\ShowPageTraceBehavior [ RunTime:0.001191s ]
INFO: [ app_end ] --END-- [ RunTime:0.001239s ]

[ 2018-10-08T18:48:09+08:00 ] 127.0.0.1 /index.php/Home/Goods/showList.html?jiange=5000
INFO: [ app_init ] --START--
INFO: Run Behavior\BuildLiteBehavior [ RunTime:0.000012s ]
INFO: [ app_init ] --END-- [ RunTime:0.000684s ]
INFO: [ app_begin ] --START--
INFO: Run Behavior\ReadHtmlCacheBehavior [ RunTime:0.005627s ]
INFO: [ app_begin ] --END-- [ RunTime:0.005717s ]
SQL: SHOW COLUMNS FROM `shop0926_goods` [ RunTime:0.0050s ]
SQL: SELECT * FROM `shop0926_goods`  [ RunTime:0.0004s ]
SQL: SELECT COUNT(*) AS tp_count FROM `shop0926_goods` LIMIT 1   [ RunTime:0.0003s ]
NOTIC: [8] Undefined index: jiange D:\phpStudy\WWW\www.shop0926.com\Application\Home\Controller\GoodsController.class.php 第 22 行.
INFO: [ view_parse ] --START--
INFO: [ template_filter ] --START--
INFO: Run Behavior\ContentReplaceBehavior [ RunTime:0.000039s ]
INFO: [ template_filter ] --END-- [ RunTime:0.000090s ]
NOTIC: [8] Undefined index: img D:\phpStudy\WWW\www.shop0926.com\Application\Runtime\Cache\Home\1f121f5f0f768d22b81ec2c1de38f87a.php 第 74 行.
NOTIC: [8] Undefined index: img D:\phpStudy\WWW\www.shop0926.com\Application\Runtime\Cache\Home\1f121f5f0f768d22b81ec2c1de38f87a.php 第 74 行.
INFO: Run Behavior\ParseTemplateBehavior [ RunTime:0.009698s ]
INFO: [ view_parse ] --END-- [ RunTime:0.009738s ]
INFO: [ view_filter ] --START--
INFO: Run Behavior\WriteHtmlCacheBehavior [ RunTime:0.000921s ]
INFO: [ view_filter ] --END-- [ RunTime:0.000955s ]
INFO: [ app_end ] --START--
INFO: Run Behavior\ShowPageTraceBehavior [ RunTime:0.000992s ]
INFO: [ app_end ] --END-- [ RunTime:0.001026s ]

[ 2018-10-08T18:49:00+08:00 ] 127.0.0.1 /index.php/Home/Goods/showList.html?jiange=5000
INFO: [ app_init ] --START--
INFO: Run Behavior\BuildLiteBehavior [ RunTime:0.000016s ]
INFO: [ app_init ] --END-- [ RunTime:0.000753s ]
INFO: [ app_begin ] --START--
INFO: Run Behavior\ReadHtmlCacheBehavior [ RunTime:0.001307s ]
INFO: [ app_begin ] --END-- [ RunTime:0.001354s ]
SQL: SHOW COLUMNS FROM `shop0926_goods` [ RunTime:0.0050s ]
SQL: SELECT * FROM `shop0926_goods`  [ RunTime:0.0004s ]
SQL: SELECT COUNT(*) AS tp_count FROM `shop0926_goods` LIMIT 1   [ RunTime:0.0003s ]
NOTIC: [8] Undefined index: jiange D:\phpStudy\WWW\www.shop0926.com\Application\Home\Controller\GoodsController.class.php 第 22 行.
INFO: [ view_parse ] --START--
INFO: [ template_filter ] --START--
INFO: Run Behavior\ContentReplaceBehavior [ RunTime:0.000030s ]
INFO: [ template_filter ] --END-- [ RunTime:0.000067s ]
NOTIC: [8] Undefined index: img D:\phpStudy\WWW\www.shop0926.com\Application\Runtime\Cache\Home\1f121f5f0f768d22b81ec2c1de38f87a.php 第 74 行.
NOTIC: [8] Undefined index: img D:\phpStudy\WWW\www.shop0926.com\Application\Runtime\Cache\Home\1f121f5f0f768d22b81ec2c1de38f87a.php 第 74 行.
INFO: Run Behavior\ParseTemplateBehavior [ RunTime:0.008378s ]
INFO: [ view_parse ] --END-- [ RunTime:0.008418s ]
INFO: [ view_filter ] --START--
INFO: Run Behavior\WriteHtmlCacheBehavior [ RunTime:0.000801s ]
INFO: [ view_filter ] --END-- [ RunTime:0.000831s ]
INFO: [ app_end ] --START--
INFO: Run Behavior\ShowPageTraceBehavior [ RunTime:0.001022s ]
INFO: [ app_end ] --END-- [ RunTime:0.001056s ]

[ 2018-10-08T18:53:48+08:00 ] 127.0.0.1 /index.php/Home/Goods/showList.html?jiange=5000
INFO: [ app_init ] --START--
INFO: Run Behavior\BuildLiteBehavior [ RunTime:0.000013s ]
INFO: [ app_init ] --END-- [ RunTime:0.000968s ]
INFO: [ app_begin ] --START--
INFO: Run Behavior\ReadHtmlCacheBehavior [ RunTime:0.001059s ]
INFO: [ app_begin ] --END-- [ RunTime:0.001102s ]
SQL: SHOW COLUMNS FROM `shop0926_goods` [ RunTime:0.0050s ]
SQL: SELECT * FROM `shop0926_goods`  [ RunTime:0.0006s ]
SQL: SELECT COUNT(*) AS tp_count FROM `shop0926_goods` LIMIT 1   [ RunTime:0.0005s ]
NOTIC: [8] Undefined index: jiange D:\phpStudy\WWW\www.shop0926.com\Application\Home\Controller\GoodsController.class.php 第 22 行.
INFO: [ view_parse ] --START--
INFO: [ template_filter ] --START--
INFO: Run Behavior\ContentReplaceBehavior [ RunTime:0.000030s ]
INFO: [ template_filter ] --END-- [ RunTime:0.000066s ]
NOTIC: [8] Undefined index: img D:\phpStudy\WWW\www.shop0926.com\Application\Runtime\Cache\Home\1f121f5f0f768d22b81ec2c1de38f87a.php 第 74 行.
NOTIC: [8] Undefined index: img D:\phpStudy\WWW\www.shop0926.com\Application\Runtime\Cache\Home\1f121f5f0f768d22b81ec2c1de38f87a.php 第 74 行.
INFO: Run Behavior\ParseTemplateBehavior [ RunTime:0.009011s ]
INFO: [ view_parse ] --END-- [ RunTime:0.009077s ]
INFO: [ view_filter ] --START--
INFO: Run Behavior\WriteHtmlCacheBehavior [ RunTime:0.000954s ]
INFO: [ view_filter ] --END-- [ RunTime:0.000986s ]
INFO: [ app_end ] --START--
INFO: Run Behavior\ShowPageTraceBehavior [ RunTime:0.001197s ]
INFO: [ app_end ] --END-- [ RunTime:0.001230s ]

[ 2018-10-08T18:54:29+08:00 ] 127.0.0.1 /index.php/Home/Goods/showList.html?jiange=5000
INFO: [ app_init ] --START--
INFO: Run Behavior\BuildLiteBehavior [ RunTime:0.000012s ]
INFO: [ app_init ] --END-- [ RunTime:0.000679s ]
INFO: [ app_begin ] --START--
INFO: Run Behavior\ReadHtmlCacheBehavior [ RunTime:0.000963s ]
INFO: [ app_begin ] --END-- [ RunTime:0.001008s ]
SQL: SHOW COLUMNS FROM `shop0926_goods` [ RunTime:0.0057s ]
SQL: SELECT * FROM `shop0926_goods`  [ RunTime:0.0003s ]
SQL: SELECT COUNT(*) AS tp_count FROM `shop0926_goods` LIMIT 1   [ RunTime:0.0002s ]
NOTIC: [8] Undefined index: jiange D:\phpStudy\WWW\www.shop0926.com\Application\Home\Controller\GoodsController.class.php 第 22 行.
INFO: [ view_parse ] --START--
INFO: [ template_filter ] --START--
INFO: Run Behavior\ContentReplaceBehavior [ RunTime:0.000031s ]
INFO: [ template_filter ] --END-- [ RunTime:0.000067s ]
INFO: Run Behavior\ParseTemplateBehavior [ RunTime:0.008913s ]
INFO: [ view_parse ] --END-- [ RunTime:0.008966s ]
INFO: [ view_filter ] --START--
INFO: Run Behavior\WriteHtmlCacheBehavior [ RunTime:0.000929s ]
INFO: [ view_filter ] --END-- [ RunTime:0.000960s ]
INFO: [ app_end ] --START--
INFO: Run Behavior\ShowPageTraceBehavior [ RunTime:0.001098s ]
INFO: [ app_end ] --END-- [ RunTime:0.001133s ]

[ 2018-10-08T18:58:28+08:00 ] 127.0.0.1 /index.php/Home/Goods/showList.html?jiange=5000
INFO: [ app_init ] --START--
INFO: Run Behavior\BuildLiteBehavior [ RunTime:0.000012s ]
INFO: [ app_init ] --END-- [ RunTime:0.000599s ]
INFO: [ app_begin ] --START--
INFO: Run Behavior\ReadHtmlCacheBehavior [ RunTime:0.001049s ]
INFO: [ app_begin ] --END-- [ RunTime:0.001090s ]
SQL: SHOW COLUMNS FROM `shop0926_goods` [ RunTime:0.0050s ]
SQL: SELECT * FROM `shop0926_goods`  [ RunTime:0.0004s ]
SQL: SELECT COUNT(*) AS tp_count FROM `shop0926_goods` LIMIT 1   [ RunTime:0.0002s ]
NOTIC: [8] Undefined index: jiange D:\phpStudy\WWW\www.shop0926.com\Application\Home\Controller\GoodsController.class.php 第 22 行.
INFO: [ view_parse ] --START--
INFO: [ template_filter ] --START--
INFO: Run Behavior\ContentReplaceBehavior [ RunTime:0.000030s ]
INFO: [ template_filter ] --END-- [ RunTime:0.000064s ]
INFO: Run Behavior\ParseTemplateBehavior [ RunTime:0.008275s ]
INFO: [ view_parse ] --END-- [ RunTime:0.008327s ]
INFO: [ view_filter ] --START--
INFO: Run Behavior\WriteHtmlCacheBehavior [ RunTime:0.000915s ]
INFO: [ view_filter ] --END-- [ RunTime:0.000948s ]
INFO: [ app_end ] --START--
INFO: Run Behavior\ShowPageTraceBehavior [ RunTime:0.001055s ]
INFO: [ app_end ] --END-- [ RunTime:0.001102s ]

[ 2018-10-08T19:05:25+08:00 ] 127.0.0.1 /index.php/Home/Goods/showList.html?jiange=5000
INFO: [ app_init ] --START--
INFO: Run Behavior\BuildLiteBehavior [ RunTime:0.000012s ]
INFO: [ app_init ] --END-- [ RunTime:0.000632s ]
INFO: [ app_begin ] --START--
INFO: Run Behavior\ReadHtmlCacheBehavior [ RunTime:0.001051s ]
INFO: [ app_begin ] --END-- [ RunTime:0.001091s ]
SQL: SHOW COLUMNS FROM `shop0926_goods` [ RunTime:0.0061s ]
SQL: SELECT * FROM `shop0926_goods`  [ RunTime:0.0004s ]
SQL: SELECT COUNT(*) AS tp_count FROM `shop0926_goods` LIMIT 1   [ RunTime:0.0002s ]
NOTIC: [8] Undefined index: jiange D:\phpStudy\WWW\www.shop0926.com\Application\Home\Controller\GoodsController.class.php 第 22 行.
INFO: [ view_parse ] --START--
INFO: [ template_filter ] --START--
INFO: Run Behavior\ContentReplaceBehavior [ RunTime:0.000034s ]
INFO: [ template_filter ] --END-- [ RunTime:0.000076s ]
INFO: Run Behavior\ParseTemplateBehavior [ RunTime:0.008904s ]
INFO: [ view_parse ] --END-- [ RunTime:0.008953s ]
INFO: [ view_filter ] --START--
INFO: Run Behavior\WriteHtmlCacheBehavior [ RunTime:0.000721s ]
INFO: [ view_filter ] --END-- [ RunTime:0.000750s ]
INFO: [ app_end ] --START--
INFO: Run Behavior\ShowPageTraceBehavior [ RunTime:0.001223s ]
INFO: [ app_end ] --END-- [ RunTime:0.001306s ]

[ 2018-10-08T19:06:20+08:00 ] 127.0.0.1 /index.php/Home/Goods/showList.html?jiange=5000
INFO: [ app_init ] --START--
INFO: Run Behavior\BuildLiteBehavior [ RunTime:0.000019s ]
INFO: [ app_init ] --END-- [ RunTime:0.001105s ]
INFO: [ app_begin ] --START--
INFO: Run Behavior\ReadHtmlCacheBehavior [ RunTime:0.002154s ]
INFO: [ app_begin ] --END-- [ RunTime:0.002312s ]
SQL: SHOW COLUMNS FROM `shop0926_goods` [ RunTime:0.0055s ]
SQL: SELECT * FROM `shop0926_goods`  [ RunTime:0.0005s ]
SQL: SELECT COUNT(*) AS tp_count FROM `shop0926_goods` LIMIT 1   [ RunTime:0.0003s ]
NOTIC: [8] Undefined index: jiange D:\phpStudy\WWW\www.shop0926.com\Application\Home\Controller\GoodsController.class.php 第 22 行.
INFO: [ view_parse ] --START--
INFO: [ template_filter ] --START--
INFO: Run Behavior\ContentReplaceBehavior [ RunTime:0.000032s ]
INFO: [ template_filter ] --END-- [ RunTime:0.000066s ]
INFO: Run Behavior\ParseTemplateBehavior [ RunTime:0.009028s ]
INFO: [ view_parse ] --END-- [ RunTime:0.009137s ]
INFO: [ view_filter ] --START--
INFO: Run Behavior\WriteHtmlCacheBehavior [ RunTime:0.000958s ]
INFO: [ view_filter ] --END-- [ RunTime:0.000993s ]
INFO: [ app_end ] --START--
INFO: Run Behavior\ShowPageTraceBehavior [ RunTime:0.001156s ]
INFO: [ app_end ] --END-- [ RunTime:0.001190s ]

[ 2018-10-08T19:06:24+08:00 ] 127.0.0.1 /index.php/Home/Goods/showList.html?jiange=5000
INFO: [ app_init ] --START--
INFO: Run Behavior\BuildLiteBehavior [ RunTime:0.000011s ]
INFO: [ app_init ] --END-- [ RunTime:0.000560s ]
INFO: [ app_begin ] --START--
INFO: Run Behavior\ReadHtmlCacheBehavior [ RunTime:0.001024s ]
INFO: [ app_begin ] --END-- [ RunTime:0.001065s ]
SQL: SHOW COLUMNS FROM `shop0926_goods` [ RunTime:0.0060s ]
SQL: SELECT * FROM `shop0926_goods`  [ RunTime:0.0003s ]
SQL: SELECT COUNT(*) AS tp_count FROM `shop0926_goods` LIMIT 1   [ RunTime:0.0002s ]
NOTIC: [8] Undefined index: jiange D:\phpStudy\WWW\www.shop0926.com\Application\Home\Controller\GoodsController.class.php 第 22 行.
INFO: [ view_parse ] --START--
INFO: [ template_filter ] --START--
INFO: Run Behavior\ContentReplaceBehavior [ RunTime:0.000031s ]
INFO: [ template_filter ] --END-- [ RunTime:0.000067s ]
INFO: Run Behavior\ParseTemplateBehavior [ RunTime:0.008447s ]
INFO: [ view_parse ] --END-- [ RunTime:0.008509s ]
INFO: [ view_filter ] --START--
INFO: Run Behavior\WriteHtmlCacheBehavior [ RunTime:0.001064s ]
INFO: [ view_filter ] --END-- [ RunTime:0.001109s ]
INFO: [ app_end ] --START--
INFO: Run Behavior\ShowPageTraceBehavior [ RunTime:0.001347s ]
INFO: [ app_end ] --END-- [ RunTime:0.001391s ]

[ 2018-10-08T19:12:38+08:00 ] 127.0.0.1 /index.php/Home/Goods/showList.html?jiange=5000
INFO: [ app_init ] --START--
INFO: Run Behavior\BuildLiteBehavior [ RunTime:0.000019s ]
INFO: [ app_init ] --END-- [ RunTime:0.001704s ]
INFO: [ app_begin ] --START--
INFO: Run Behavior\ReadHtmlCacheBehavior [ RunTime:0.001925s ]
INFO: [ app_begin ] --END-- [ RunTime:0.001977s ]
SQL: SHOW COLUMNS FROM `shop0926_goods` [ RunTime:0.0058s ]
SQL: SELECT * FROM `shop0926_goods`  [ RunTime:0.0004s ]
SQL: SELECT COUNT(*) AS tp_count FROM `shop0926_goods` LIMIT 1   [ RunTime:0.0002s ]
NOTIC: [8] Undefined index: jiange D:\phpStudy\WWW\www.shop0926.com\Application\Home\Controller\GoodsController.class.php 第 22 行.
INFO: [ view_parse ] --START--
INFO: [ template_filter ] --START--
INFO: Run Behavior\ContentReplaceBehavior [ RunTime:0.000032s ]
INFO: [ template_filter ] --END-- [ RunTime:0.000071s ]
INFO: Run Behavior\ParseTemplateBehavior [ RunTime:0.009971s ]
INFO: [ view_parse ] --END-- [ RunTime:0.010023s ]
INFO: [ view_filter ] --START--
INFO: Run Behavior\WriteHtmlCacheBehavior [ RunTime:0.000846s ]
INFO: [ view_filter ] --END-- [ RunTime:0.000879s ]
INFO: [ app_end ] --START--
INFO: Run Behavior\ShowPageTraceBehavior [ RunTime:0.001050s ]
INFO: [ app_end ] --END-- [ RunTime:0.001083s ]

[ 2018-10-08T20:16:16+08:00 ] 127.0.0.1 /index.php/Home/Goods/showList.html?jiange=1000
INFO: [ app_init ] --START--
INFO: Run Behavior\BuildLiteBehavior [ RunTime:0.000011s ]
INFO: [ app_init ] --END-- [ RunTime:0.000628s ]
INFO: [ app_begin ] --START--
INFO: Run Behavior\ReadHtmlCacheBehavior [ RunTime:0.002016s ]
INFO: [ app_begin ] --END-- [ RunTime:0.002139s ]
SQL: SHOW COLUMNS FROM `shop0926_goods` [ RunTime:0.0045s ]
SQL: SELECT * FROM `shop0926_goods`  [ RunTime:0.0003s ]
SQL: SELECT COUNT(*) AS tp_count FROM `shop0926_goods` LIMIT 1   [ RunTime:0.0002s ]
NOTIC: [8] Undefined index: jiange D:\phpStudy\WWW\www.shop0926.com\Application\Home\Controller\GoodsController.class.php 第 22 行.
INFO: [ view_parse ] --START--
INFO: [ template_filter ] --START--
INFO: Run Behavior\ContentReplaceBehavior [ RunTime:0.000032s ]
INFO: [ template_filter ] --END-- [ RunTime:0.000070s ]
INFO: Run Behavior\ParseTemplateBehavior [ RunTime:0.008703s ]
INFO: [ view_parse ] --END-- [ RunTime:0.008752s ]
INFO: [ view_filter ] --START--
INFO: Run Behavior\WriteHtmlCacheBehavior [ RunTime:0.000784s ]
INFO: [ view_filter ] --END-- [ RunTime:0.000814s ]
INFO: [ app_end ] --START--
INFO: Run Behavior\ShowPageTraceBehavior [ RunTime:0.001048s ]
INFO: [ app_end ] --END-- [ RunTime:0.001080s ]

[ 2018-10-08T20:16:16+08:00 ] 127.0.0.1 /
INFO: [ app_init ] --START--
INFO: Run Behavior\BuildLiteBehavior [ RunTime:0.000012s ]
INFO: [ app_init ] --END-- [ RunTime:0.000588s ]
INFO: [ app_begin ] --START--
INFO: Run Behavior\ReadHtmlCacheBehavior [ RunTime:0.001179s ]
INFO: [ app_begin ] --END-- [ RunTime:0.001237s ]
INFO: [ view_parse ] --START--
INFO: Run Behavior\ParseTemplateBehavior [ RunTime:0.001012s ]
INFO: [ view_parse ] --END-- [ RunTime:0.001073s ]
INFO: [ view_filter ] --START--
INFO: Run Behavior\WriteHtmlCacheBehavior [ RunTime:0.000896s ]
INFO: [ view_filter ] --END-- [ RunTime:0.000930s ]
INFO: [ app_end ] --START--
INFO: Run Behavior\ShowPageTraceBehavior [ RunTime:0.002852s ]
INFO: [ app_end ] --END-- [ RunTime:0.002975s ]

[ 2018-10-08T20:16:56+08:00 ] 127.0.0.1 /index.php/Home/Goods/showList.html?jiange=1000
INFO: [ app_init ] --START--
INFO: Run Behavior\BuildLiteBehavior [ RunTime:0.000012s ]
INFO: [ app_init ] --END-- [ RunTime:0.000895s ]
INFO: [ app_begin ] --START--
INFO: Run Behavior\ReadHtmlCacheBehavior [ RunTime:0.001340s ]
INFO: [ app_begin ] --END-- [ RunTime:0.001387s ]
SQL: SHOW COLUMNS FROM `shop0926_goods` [ RunTime:0.0045s ]
SQL: SELECT * FROM `shop0926_goods`  [ RunTime:0.0003s ]
SQL: SELECT COUNT(*) AS tp_count FROM `shop0926_goods` LIMIT 1   [ RunTime:0.0002s ]
NOTIC: [8] Undefined index: jiange D:\phpStudy\WWW\www.shop0926.com\Application\Home\Controller\GoodsController.class.php 第 22 行.
INFO: [ view_parse ] --START--
INFO: [ template_filter ] --START--
INFO: Run Behavior\ContentReplaceBehavior [ RunTime:0.000033s ]
INFO: [ template_filter ] --END-- [ RunTime:0.000074s ]
INFO: Run Behavior\ParseTemplateBehavior [ RunTime:0.009817s ]
INFO: [ view_parse ] --END-- [ RunTime:0.009867s ]
INFO: [ view_filter ] --START--
INFO: Run Behavior\WriteHtmlCacheBehavior [ RunTime:0.000722s ]
INFO: [ view_filter ] --END-- [ RunTime:0.000754s ]
INFO: [ app_end ] --START--
INFO: Run Behavior\ShowPageTraceBehavior [ RunTime:0.001010s ]
INFO: [ app_end ] --END-- [ RunTime:0.001043s ]

[ 2018-10-08T20:16:56+08:00 ] 127.0.0.1 /
INFO: [ app_init ] --START--
INFO: Run Behavior\BuildLiteBehavior [ RunTime:0.000030s ]
INFO: [ app_init ] --END-- [ RunTime:0.000733s ]
INFO: [ app_begin ] --START--
INFO: Run Behavior\ReadHtmlCacheBehavior [ RunTime:0.001506s ]
INFO: [ app_begin ] --END-- [ RunTime:0.001646s ]
INFO: [ view_parse ] --START--
INFO: Run Behavior\ParseTemplateBehavior [ RunTime:0.000989s ]
INFO: [ view_parse ] --END-- [ RunTime:0.001041s ]
INFO: [ view_filter ] --START--
INFO: Run Behavior\WriteHtmlCacheBehavior [ RunTime:0.000809s ]
INFO: [ view_filter ] --END-- [ RunTime:0.000839s ]
INFO: [ app_end ] --START--
INFO: Run Behavior\ShowPageTraceBehavior [ RunTime:0.001347s ]
INFO: [ app_end ] --END-- [ RunTime:0.001393s ]

[ 2018-10-08T20:30:00+08:00 ] 127.0.0.1 /index.php/Home/Goods/showList.html?jiange=1000
INFO: [ app_init ] --START--
INFO: Run Behavior\BuildLiteBehavior [ RunTime:0.000030s ]
INFO: [ app_init ] --END-- [ RunTime:0.000920s ]
INFO: [ app_begin ] --START--
INFO: Run Behavior\ReadHtmlCacheBehavior [ RunTime:0.001075s ]
INFO: [ app_begin ] --END-- [ RunTime:0.001116s ]
SQL: SHOW COLUMNS FROM `shop0926_goods` [ RunTime:0.0051s ]
SQL: SELECT * FROM `shop0926_goods`  [ RunTime:0.0005s ]
SQL: SELECT COUNT(*) AS tp_count FROM `shop0926_goods` LIMIT 1   [ RunTime:0.0002s ]
NOTIC: [8] Undefined index: jiange D:\phpStudy\WWW\www.shop0926.com\Application\Home\Controller\GoodsController.class.php 第 22 行.
INFO: [ view_parse ] --START--
INFO: [ template_filter ] --START--
INFO: Run Behavior\ContentReplaceBehavior [ RunTime:0.000093s ]
INFO: [ template_filter ] --END-- [ RunTime:0.000222s ]
INFO: Run Behavior\ParseTemplateBehavior [ RunTime:0.012527s ]
INFO: [ view_parse ] --END-- [ RunTime:0.012592s ]
INFO: [ view_filter ] --START--
INFO: Run Behavior\WriteHtmlCacheBehavior [ RunTime:0.000919s ]
INFO: [ view_filter ] --END-- [ RunTime:0.000967s ]
INFO: [ app_end ] --START--
INFO: Run Behavior\ShowPageTraceBehavior [ RunTime:0.001047s ]
INFO: [ app_end ] --END-- [ RunTime:0.001079s ]

[ 2018-10-08T20:30:21+08:00 ] 127.0.0.1 /index.php/Home/Goods/showList.html?jiange=1000
INFO: [ app_init ] --START--
INFO: Run Behavior\BuildLiteBehavior [ RunTime:0.000012s ]
INFO: [ app_init ] --END-- [ RunTime:0.000583s ]
INFO: [ app_begin ] --START--
INFO: Run Behavior\ReadHtmlCacheBehavior [ RunTime:0.002421s ]
INFO: [ app_begin ] --END-- [ RunTime:0.002488s ]
SQL: SHOW COLUMNS FROM `shop0926_goods` [ RunTime:0.0046s ]
SQL: SELECT * FROM `shop0926_goods`  [ RunTime:0.0003s ]
SQL: SELECT COUNT(*) AS tp_count FROM `shop0926_goods` LIMIT 1   [ RunTime:0.0002s ]
NOTIC: [8] Undefined index: jiange D:\phpStudy\WWW\www.shop0926.com\Application\Home\Controller\GoodsController.class.php 第 22 行.
INFO: [ view_parse ] --START--
INFO: [ template_filter ] --START--
INFO: Run Behavior\ContentReplaceBehavior [ RunTime:0.000031s ]
INFO: [ template_filter ] --END-- [ RunTime:0.000118s ]
INFO: Run Behavior\ParseTemplateBehavior [ RunTime:0.010533s ]
INFO: [ view_parse ] --END-- [ RunTime:0.010582s ]
INFO: [ view_filter ] --START--
INFO: Run Behavior\WriteHtmlCacheBehavior [ RunTime:0.000813s ]
INFO: [ view_filter ] --END-- [ RunTime:0.000844s ]
INFO: [ app_end ] --START--
INFO: Run Behavior\ShowPageTraceBehavior [ RunTime:0.000998s ]
INFO: [ app_end ] --END-- [ RunTime:0.001030s ]

[ 2018-10-08T20:30:41+08:00 ] 127.0.0.1 /index.php/Home/Goods/showList.html?jiange=1000
INFO: [ app_init ] --START--
INFO: Run Behavior\BuildLiteBehavior [ RunTime:0.000011s ]
INFO: [ app_init ] --END-- [ RunTime:0.000591s ]
INFO: [ app_begin ] --START--
INFO: Run Behavior\ReadHtmlCacheBehavior [ RunTime:0.001552s ]
INFO: [ app_begin ] --END-- [ RunTime:0.001705s ]
SQL: SHOW COLUMNS FROM `shop0926_goods` [ RunTime:0.0049s ]
SQL: SELECT * FROM `shop0926_goods`  [ RunTime:0.0004s ]
SQL: SELECT COUNT(*) AS tp_count FROM `shop0926_goods` LIMIT 1   [ RunTime:0.0002s ]
NOTIC: [8] Undefined index: jiange D:\phpStudy\WWW\www.shop0926.com\Application\Home\Controller\GoodsController.class.php 第 22 行.
INFO: [ view_parse ] --START--
INFO: [ template_filter ] --START--
INFO: Run Behavior\ContentReplaceBehavior [ RunTime:0.000052s ]
INFO: [ template_filter ] --END-- [ RunTime:0.000106s ]
INFO: Run Behavior\ParseTemplateBehavior [ RunTime:0.009918s ]
INFO: [ view_parse ] --END-- [ RunTime:0.010005s ]
INFO: [ view_filter ] --START--
INFO: Run Behavior\WriteHtmlCacheBehavior [ RunTime:0.001338s ]
INFO: [ view_filter ] --END-- [ RunTime:0.001374s ]
INFO: [ app_end ] --START--
INFO: Run Behavior\ShowPageTraceBehavior [ RunTime:0.001167s ]
INFO: [ app_end ] --END-- [ RunTime:0.001209s ]

[ 2018-10-08T20:30:55+08:00 ] 127.0.0.1 /index.php/Home/Goods/showList.html?jiange=1000
INFO: [ app_init ] --START--
INFO: Run Behavior\BuildLiteBehavior [ RunTime:0.000047s ]
INFO: [ app_init ] --END-- [ RunTime:0.001028s ]
INFO: [ app_begin ] --START--
INFO: Run Behavior\ReadHtmlCacheBehavior [ RunTime:0.002087s ]
INFO: [ app_begin ] --END-- [ RunTime:0.002152s ]
SQL: SHOW COLUMNS FROM `shop0926_goods` [ RunTime:0.0047s ]
SQL: SELECT * FROM `shop0926_goods`  [ RunTime:0.0006s ]
SQL: SELECT COUNT(*) AS tp_count FROM `shop0926_goods` LIMIT 1   [ RunTime:0.0002s ]
NOTIC: [8] Undefined index: jiange D:\phpStudy\WWW\www.shop0926.com\Application\Home\Controller\GoodsController.class.php 第 22 行.
INFO: [ view_parse ] --START--
INFO: [ template_filter ] --START--
INFO: Run Behavior\ContentReplaceBehavior [ RunTime:0.000035s ]
INFO: [ template_filter ] --END-- [ RunTime:0.000076s ]
INFO: Run Behavior\ParseTemplateBehavior [ RunTime:0.010223s ]
INFO: [ view_parse ] --END-- [ RunTime:0.010276s ]
INFO: [ view_filter ] --START--
INFO: Run Behavior\WriteHtmlCacheBehavior [ RunTime:0.000788s ]
INFO: [ view_filter ] --END-- [ RunTime:0.000820s ]
INFO: [ app_end ] --START--
INFO: Run Behavior\ShowPageTraceBehavior [ RunTime:0.001019s ]
INFO: [ app_end ] --END-- [ RunTime:0.001055s ]

[ 2018-10-08T20:31:25+08:00 ] 127.0.0.1 /index.php/Home/Goods/showList.html?jiange=1000
INFO: [ app_init ] --START--
INFO: Run Behavior\BuildLiteBehavior [ RunTime:0.000010s ]
INFO: [ app_init ] --END-- [ RunTime:0.000612s ]
INFO: [ app_begin ] --START--
INFO: Run Behavior\ReadHtmlCacheBehavior [ RunTime:0.001666s ]
INFO: [ app_begin ] --END-- [ RunTime:0.001734s ]
SQL: SHOW COLUMNS FROM `shop0926_goods` [ RunTime:0.0057s ]
SQL: SELECT * FROM `shop0926_goods`  [ RunTime:0.0003s ]
SQL: SELECT COUNT(*) AS tp_count FROM `shop0926_goods` LIMIT 1   [ RunTime:0.0002s ]
NOTIC: [8] Undefined index: jiange D:\phpStudy\WWW\www.shop0926.com\Application\Home\Controller\GoodsController.class.php 第 22 行.
INFO: [ view_parse ] --START--
INFO: [ template_filter ] --START--
INFO: Run Behavior\ContentReplaceBehavior [ RunTime:0.000032s ]
INFO: [ template_filter ] --END-- [ RunTime:0.000070s ]
INFO: Run Behavior\ParseTemplateBehavior [ RunTime:0.009523s ]
INFO: [ view_parse ] --END-- [ RunTime:0.009569s ]
INFO: [ view_filter ] --START--
INFO: Run Behavior\WriteHtmlCacheBehavior [ RunTime:0.001040s ]
INFO: [ view_filter ] --END-- [ RunTime:0.001090s ]
INFO: [ app_end ] --START--
INFO: Run Behavior\ShowPageTraceBehavior [ RunTime:0.001992s ]
INFO: [ app_end ] --END-- [ RunTime:0.002071s ]

[ 2018-10-08T20:32:38+08:00 ] 127.0.0.1 /index.php/Home/Goods/showList.html?jiange=1000
INFO: [ app_init ] --START--
INFO: Run Behavior\BuildLiteBehavior [ RunTime:0.000057s ]
INFO: [ app_init ] --END-- [ RunTime:0.002317s ]
INFO: [ app_begin ] --START--
INFO: Run Behavior\ReadHtmlCacheBehavior [ RunTime:0.001277s ]
INFO: [ app_begin ] --END-- [ RunTime:0.001325s ]
SQL: SHOW COLUMNS FROM `shop0926_goods` [ RunTime:0.0065s ]
SQL: SELECT * FROM `shop0926_goods`  [ RunTime:0.0006s ]
SQL: SELECT COUNT(*) AS tp_count FROM `shop0926_goods` LIMIT 1   [ RunTime:0.0003s ]
NOTIC: [8] Undefined index: jiange D:\phpStudy\WWW\www.shop0926.com\Application\Home\Controller\GoodsController.class.php 第 22 行.
INFO: [ view_parse ] --START--
INFO: [ template_filter ] --START--
INFO: Run Behavior\ContentReplaceBehavior [ RunTime:0.000032s ]
INFO: [ template_filter ] --END-- [ RunTime:0.000069s ]
INFO: Run Behavior\ParseTemplateBehavior [ RunTime:0.008567s ]
INFO: [ view_parse ] --END-- [ RunTime:0.008615s ]
INFO: [ view_filter ] --START--
INFO: Run Behavior\WriteHtmlCacheBehavior [ RunTime:0.000994s ]
INFO: [ view_filter ] --END-- [ RunTime:0.001027s ]
INFO: [ app_end ] --START--
INFO: Run Behavior\ShowPageTraceBehavior [ RunTime:0.001223s ]
INFO: [ app_end ] --END-- [ RunTime:0.001255s ]

[ 2018-10-08T20:34:32+08:00 ] 127.0.0.1 /index.php/Home/Goods/showList.html?jiange=2000
INFO: [ app_init ] --START--
INFO: Run Behavior\BuildLiteBehavior [ RunTime:0.000013s ]
INFO: [ app_init ] --END-- [ RunTime:0.000776s ]
INFO: [ app_begin ] --START--
INFO: Run Behavior\ReadHtmlCacheBehavior [ RunTime:0.001629s ]
INFO: [ app_begin ] --END-- [ RunTime:0.001697s ]
SQL: SHOW COLUMNS FROM `shop0926_goods` [ RunTime:0.0053s ]
SQL: SELECT * FROM `shop0926_goods`  [ RunTime:0.0003s ]
SQL: SELECT COUNT(*) AS tp_count FROM `shop0926_goods` LIMIT 1   [ RunTime:0.0002s ]
NOTIC: [8] Undefined index: jiange D:\phpStudy\WWW\www.shop0926.com\Application\Home\Controller\GoodsController.class.php 第 22 行.
INFO: [ view_parse ] --START--
INFO: [ template_filter ] --START--
INFO: Run Behavior\ContentReplaceBehavior [ RunTime:0.000030s ]
INFO: [ template_filter ] --END-- [ RunTime:0.000065s ]
INFO: Run Behavior\ParseTemplateBehavior [ RunTime:0.009083s ]
INFO: [ view_parse ] --END-- [ RunTime:0.009166s ]
INFO: [ view_filter ] --START--
INFO: Run Behavior\WriteHtmlCacheBehavior [ RunTime:0.000877s ]
INFO: [ view_filter ] --END-- [ RunTime:0.000911s ]
INFO: [ app_end ] --START--
INFO: Run Behavior\ShowPageTraceBehavior [ RunTime:0.000799s ]
INFO: [ app_end ] --END-- [ RunTime:0.000832s ]

