[ 2018-09-29T08:47:26+08:00 ] 127.0.0.1 /index.php/Back/Goods/showList
INFO: [ app_init ] --START--
INFO: Run Behavior\BuildLiteBehavior [ RunTime:0.000014s ]
INFO: [ app_init ] --END-- [ RunTime:0.000947s ]
INFO: [ app_begin ] --START--
INFO: Run Behavior\ReadHtmlCacheBehavior [ RunTime:0.001043s ]
INFO: [ app_begin ] --END-- [ RunTime:0.001082s ]
SQL: SHOW COLUMNS FROM `shop0926_goods` [ RunTime:0.0058s ]
SQL: SELECT COUNT(*) AS tp_count FROM `shop0926_goods` LIMIT 1   [ RunTime:0.0003s ]
SQL: SELECT * FROM `shop0926_goods` ORDER BY goods_id asc LIMIT 0,5   [ RunTime:0.0004s ]
INFO: [ view_parse ] --START--
INFO: [ template_filter ] --START--
INFO: Run Behavior\ContentReplaceBehavior [ RunTime:0.000047s ]
INFO: [ template_filter ] --END-- [ RunTime:0.000083s ]
NOTIC: [8] Undefined variable: v D:\phpStudy\WWW\www.shop0926.com\Application\Runtime\Cache\Back\34455927591556e07a05a1b00b8762b9.php 第 92 行.
NOTIC: [8] Undefined variable: v D:\phpStudy\WWW\www.shop0926.com\Application\Runtime\Cache\Back\34455927591556e07a05a1b00b8762b9.php 第 93 行.
NOTIC: [8] Undefined variable: v D:\phpStudy\WWW\www.shop0926.com\Application\Runtime\Cache\Back\34455927591556e07a05a1b00b8762b9.php 第 94 行.
NOTIC: [8] Undefined variable: v D:\phpStudy\WWW\www.shop0926.com\Application\Runtime\Cache\Back\34455927591556e07a05a1b00b8762b9.php 第 95 行.
NOTIC: [8] Undefined variable: v D:\phpStudy\WWW\www.shop0926.com\Application\Runtime\Cache\Back\34455927591556e07a05a1b00b8762b9.php 第 96 行.
NOTIC: [8] Undefined variable: v D:\phpStudy\WWW\www.shop0926.com\Application\Runtime\Cache\Back\34455927591556e07a05a1b00b8762b9.php 第 97 行.
NOTIC: [8] Undefined variable: v D:\phpStudy\WWW\www.shop0926.com\Application\Runtime\Cache\Back\34455927591556e07a05a1b00b8762b9.php 第 98 行.
NOTIC: [8] Undefined variable: v D:\phpStudy\WWW\www.shop0926.com\Application\Runtime\Cache\Back\34455927591556e07a05a1b00b8762b9.php 第 99 行.
NOTIC: [8] Undefined variable: v D:\phpStudy\WWW\www.shop0926.com\Application\Runtime\Cache\Back\34455927591556e07a05a1b00b8762b9.php 第 100 行.
NOTIC: [8] Use of undefined constant 下架 - assumed '下架' D:\phpStudy\WWW\www.shop0926.com\Application\Runtime\Cache\Back\34455927591556e07a05a1b00b8762b9.php 第 100 行.
NOTIC: [8] Undefined variable: v D:\phpStudy\WWW\www.shop0926.com\Application\Runtime\Cache\Back\34455927591556e07a05a1b00b8762b9.php 第 101 行.
NOTIC: [8] Use of undefined constant 未删除 - assumed '未删除' D:\phpStudy\WWW\www.shop0926.com\Application\Runtime\Cache\Back\34455927591556e07a05a1b00b8762b9.php 第 101 行.
NOTIC: [8] Undefined variable: v D:\phpStudy\WWW\www.shop0926.com\Application\Runtime\Cache\Back\34455927591556e07a05a1b00b8762b9.php 第 102 行.
NOTIC: [8] Undefined variable: v D:\phpStudy\WWW\www.shop0926.com\Application\Runtime\Cache\Back\34455927591556e07a05a1b00b8762b9.php 第 103 行.
NOTIC: [8] Undefined variable: v D:\phpStudy\WWW\www.shop0926.com\Application\Runtime\Cache\Back\34455927591556e07a05a1b00b8762b9.php 第 104 行.
INFO: Run Behavior\ParseTemplateBehavior [ RunTime:0.009328s ]
INFO: [ view_parse ] --END-- [ RunTime:0.009375s ]
INFO: [ view_filter ] --START--
INFO: Run Behavior\WriteHtmlCacheBehavior [ RunTime:0.000691s ]
INFO: [ view_filter ] --END-- [ RunTime:0.000722s ]
INFO: [ app_end ] --START--
INFO: Run Behavior\ShowPageTraceBehavior [ RunTime:0.000832s ]
INFO: [ app_end ] --END-- [ RunTime:0.000864s ]

[ 2018-09-29T08:47:31+08:00 ] 127.0.0.1 /index.php/Back/Goods/showList/p/2.html
INFO: [ app_init ] --START--
INFO: Run Behavior\BuildLiteBehavior [ RunTime:0.000013s ]
INFO: [ app_init ] --END-- [ RunTime:0.000510s ]
INFO: [ app_begin ] --START--
INFO: Run Behavior\ReadHtmlCacheBehavior [ RunTime:0.000866s ]
INFO: [ app_begin ] --END-- [ RunTime:0.000912s ]
SQL: SHOW COLUMNS FROM `shop0926_goods` [ RunTime:0.0047s ]
SQL: SELECT COUNT(*) AS tp_count FROM `shop0926_goods` LIMIT 1   [ RunTime:0.0004s ]
SQL: SELECT * FROM `shop0926_goods` ORDER BY goods_id asc LIMIT 5,5   [ RunTime:0.0005s ]
INFO: [ view_parse ] --START--
INFO: [ template_filter ] --START--
INFO: Run Behavior\ContentReplaceBehavior [ RunTime:0.000094s ]
INFO: [ template_filter ] --END-- [ RunTime:0.000158s ]
NOTIC: [8] Undefined variable: v D:\phpStudy\WWW\www.shop0926.com\Application\Runtime\Cache\Back\34455927591556e07a05a1b00b8762b9.php 第 92 行.
NOTIC: [8] Undefined variable: v D:\phpStudy\WWW\www.shop0926.com\Application\Runtime\Cache\Back\34455927591556e07a05a1b00b8762b9.php 第 93 行.
NOTIC: [8] Undefined variable: v D:\phpStudy\WWW\www.shop0926.com\Application\Runtime\Cache\Back\34455927591556e07a05a1b00b8762b9.php 第 94 行.
NOTIC: [8] Undefined variable: v D:\phpStudy\WWW\www.shop0926.com\Application\Runtime\Cache\Back\34455927591556e07a05a1b00b8762b9.php 第 95 行.
NOTIC: [8] Undefined variable: v D:\phpStudy\WWW\www.shop0926.com\Application\Runtime\Cache\Back\34455927591556e07a05a1b00b8762b9.php 第 96 行.
NOTIC: [8] Undefined variable: v D:\phpStudy\WWW\www.shop0926.com\Application\Runtime\Cache\Back\34455927591556e07a05a1b00b8762b9.php 第 97 行.
NOTIC: [8] Undefined variable: v D:\phpStudy\WWW\www.shop0926.com\Application\Runtime\Cache\Back\34455927591556e07a05a1b00b8762b9.php 第 98 行.
NOTIC: [8] Undefined variable: v D:\phpStudy\WWW\www.shop0926.com\Application\Runtime\Cache\Back\34455927591556e07a05a1b00b8762b9.php 第 99 行.
NOTIC: [8] Undefined variable: v D:\phpStudy\WWW\www.shop0926.com\Application\Runtime\Cache\Back\34455927591556e07a05a1b00b8762b9.php 第 100 行.
NOTIC: [8] Use of undefined constant 下架 - assumed '下架' D:\phpStudy\WWW\www.shop0926.com\Application\Runtime\Cache\Back\34455927591556e07a05a1b00b8762b9.php 第 100 行.
NOTIC: [8] Undefined variable: v D:\phpStudy\WWW\www.shop0926.com\Application\Runtime\Cache\Back\34455927591556e07a05a1b00b8762b9.php 第 101 行.
NOTIC: [8] Use of undefined constant 未删除 - assumed '未删除' D:\phpStudy\WWW\www.shop0926.com\Application\Runtime\Cache\Back\34455927591556e07a05a1b00b8762b9.php 第 101 行.
NOTIC: [8] Undefined variable: v D:\phpStudy\WWW\www.shop0926.com\Application\Runtime\Cache\Back\34455927591556e07a05a1b00b8762b9.php 第 102 行.
NOTIC: [8] Undefined variable: v D:\phpStudy\WWW\www.shop0926.com\Application\Runtime\Cache\Back\34455927591556e07a05a1b00b8762b9.php 第 103 行.
NOTIC: [8] Undefined variable: v D:\phpStudy\WWW\www.shop0926.com\Application\Runtime\Cache\Back\34455927591556e07a05a1b00b8762b9.php 第 104 行.
INFO: Run Behavior\ParseTemplateBehavior [ RunTime:0.007851s ]
INFO: [ view_parse ] --END-- [ RunTime:0.007896s ]
INFO: [ view_filter ] --START--
INFO: Run Behavior\WriteHtmlCacheBehavior [ RunTime:0.000551s ]
INFO: [ view_filter ] --END-- [ RunTime:0.000581s ]
INFO: [ app_end ] --START--
INFO: Run Behavior\ShowPageTraceBehavior [ RunTime:0.000765s ]
INFO: [ app_end ] --END-- [ RunTime:0.000797s ]

[ 2018-09-29T08:47:35+08:00 ] 127.0.0.1 /index.php/Back/Goods/showList/p/1.html
INFO: [ app_init ] --START--
INFO: Run Behavior\BuildLiteBehavior [ RunTime:0.000011s ]
INFO: [ app_init ] --END-- [ RunTime:0.000544s ]
INFO: [ app_begin ] --START--
INFO: Run Behavior\ReadHtmlCacheBehavior [ RunTime:0.000746s ]
INFO: [ app_begin ] --END-- [ RunTime:0.000787s ]
SQL: SHOW COLUMNS FROM `shop0926_goods` [ RunTime:0.0142s ]
SQL: SELECT COUNT(*) AS tp_count FROM `shop0926_goods` LIMIT 1   [ RunTime:0.0003s ]
SQL: SELECT * FROM `shop0926_goods` ORDER BY goods_id asc LIMIT 0,5   [ RunTime:0.0005s ]
INFO: [ view_parse ] --START--
INFO: [ template_filter ] --START--
INFO: Run Behavior\ContentReplaceBehavior [ RunTime:0.000047s ]
INFO: [ template_filter ] --END-- [ RunTime:0.000082s ]
NOTIC: [8] Undefined variable: v D:\phpStudy\WWW\www.shop0926.com\Application\Runtime\Cache\Back\34455927591556e07a05a1b00b8762b9.php 第 92 行.
NOTIC: [8] Undefined variable: v D:\phpStudy\WWW\www.shop0926.com\Application\Runtime\Cache\Back\34455927591556e07a05a1b00b8762b9.php 第 93 行.
NOTIC: [8] Undefined variable: v D:\phpStudy\WWW\www.shop0926.com\Application\Runtime\Cache\Back\34455927591556e07a05a1b00b8762b9.php 第 94 行.
NOTIC: [8] Undefined variable: v D:\phpStudy\WWW\www.shop0926.com\Application\Runtime\Cache\Back\34455927591556e07a05a1b00b8762b9.php 第 95 行.
NOTIC: [8] Undefined variable: v D:\phpStudy\WWW\www.shop0926.com\Application\Runtime\Cache\Back\34455927591556e07a05a1b00b8762b9.php 第 96 行.
NOTIC: [8] Undefined variable: v D:\phpStudy\WWW\www.shop0926.com\Application\Runtime\Cache\Back\34455927591556e07a05a1b00b8762b9.php 第 97 行.
NOTIC: [8] Undefined variable: v D:\phpStudy\WWW\www.shop0926.com\Application\Runtime\Cache\Back\34455927591556e07a05a1b00b8762b9.php 第 98 行.
NOTIC: [8] Undefined variable: v D:\phpStudy\WWW\www.shop0926.com\Application\Runtime\Cache\Back\34455927591556e07a05a1b00b8762b9.php 第 99 行.
NOTIC: [8] Undefined variable: v D:\phpStudy\WWW\www.shop0926.com\Application\Runtime\Cache\Back\34455927591556e07a05a1b00b8762b9.php 第 100 行.
NOTIC: [8] Use of undefined constant 下架 - assumed '下架' D:\phpStudy\WWW\www.shop0926.com\Application\Runtime\Cache\Back\34455927591556e07a05a1b00b8762b9.php 第 100 行.
NOTIC: [8] Undefined variable: v D:\phpStudy\WWW\www.shop0926.com\Application\Runtime\Cache\Back\34455927591556e07a05a1b00b8762b9.php 第 101 行.
NOTIC: [8] Use of undefined constant 未删除 - assumed '未删除' D:\phpStudy\WWW\www.shop0926.com\Application\Runtime\Cache\Back\34455927591556e07a05a1b00b8762b9.php 第 101 行.
NOTIC: [8] Undefined variable: v D:\phpStudy\WWW\www.shop0926.com\Application\Runtime\Cache\Back\34455927591556e07a05a1b00b8762b9.php 第 102 行.
NOTIC: [8] Undefined variable: v D:\phpStudy\WWW\www.shop0926.com\Application\Runtime\Cache\Back\34455927591556e07a05a1b00b8762b9.php 第 103 行.
NOTIC: [8] Undefined variable: v D:\phpStudy\WWW\www.shop0926.com\Application\Runtime\Cache\Back\34455927591556e07a05a1b00b8762b9.php 第 104 行.
INFO: Run Behavior\ParseTemplateBehavior [ RunTime:0.008364s ]
INFO: [ view_parse ] --END-- [ RunTime:0.008409s ]
INFO: [ view_filter ] --START--
INFO: Run Behavior\WriteHtmlCacheBehavior [ RunTime:0.000608s ]
INFO: [ view_filter ] --END-- [ RunTime:0.000650s ]
INFO: [ app_end ] --START--
INFO: Run Behavior\ShowPageTraceBehavior [ RunTime:0.000739s ]
INFO: [ app_end ] --END-- [ RunTime:0.000770s ]

[ 2018-09-29T08:47:53+08:00 ] 127.0.0.1 /index.php/Back/Goods/showList
INFO: [ app_init ] --START--
INFO: Run Behavior\BuildLiteBehavior [ RunTime:0.000012s ]
INFO: [ app_init ] --END-- [ RunTime:0.000548s ]
INFO: [ app_begin ] --START--
INFO: Run Behavior\ReadHtmlCacheBehavior [ RunTime:0.000756s ]
INFO: [ app_begin ] --END-- [ RunTime:0.000794s ]
SQL: SHOW COLUMNS FROM `shop0926_goods` [ RunTime:0.0057s ]
SQL: SELECT COUNT(*) AS tp_count FROM `shop0926_goods` LIMIT 1   [ RunTime:0.0002s ]
SQL: SELECT * FROM `shop0926_goods` ORDER BY goods_id asc LIMIT 0,5   [ RunTime:0.0004s ]
INFO: [ view_parse ] --START--
INFO: [ template_filter ] --START--
INFO: Run Behavior\ContentReplaceBehavior [ RunTime:0.000066s ]
INFO: [ template_filter ] --END-- [ RunTime:0.000119s ]
NOTIC: [8] Undefined variable: v D:\phpStudy\WWW\www.shop0926.com\Application\Runtime\Cache\Back\34455927591556e07a05a1b00b8762b9.php 第 92 行.
NOTIC: [8] Undefined variable: v D:\phpStudy\WWW\www.shop0926.com\Application\Runtime\Cache\Back\34455927591556e07a05a1b00b8762b9.php 第 93 行.
NOTIC: [8] Undefined variable: v D:\phpStudy\WWW\www.shop0926.com\Application\Runtime\Cache\Back\34455927591556e07a05a1b00b8762b9.php 第 94 行.
NOTIC: [8] Undefined variable: v D:\phpStudy\WWW\www.shop0926.com\Application\Runtime\Cache\Back\34455927591556e07a05a1b00b8762b9.php 第 95 行.
NOTIC: [8] Undefined variable: v D:\phpStudy\WWW\www.shop0926.com\Application\Runtime\Cache\Back\34455927591556e07a05a1b00b8762b9.php 第 96 行.
NOTIC: [8] Undefined variable: v D:\phpStudy\WWW\www.shop0926.com\Application\Runtime\Cache\Back\34455927591556e07a05a1b00b8762b9.php 第 97 行.
NOTIC: [8] Undefined variable: v D:\phpStudy\WWW\www.shop0926.com\Application\Runtime\Cache\Back\34455927591556e07a05a1b00b8762b9.php 第 98 行.
NOTIC: [8] Undefined variable: v D:\phpStudy\WWW\www.shop0926.com\Application\Runtime\Cache\Back\34455927591556e07a05a1b00b8762b9.php 第 99 行.
NOTIC: [8] Undefined variable: v D:\phpStudy\WWW\www.shop0926.com\Application\Runtime\Cache\Back\34455927591556e07a05a1b00b8762b9.php 第 100 行.
NOTIC: [8] Use of undefined constant 下架 - assumed '下架' D:\phpStudy\WWW\www.shop0926.com\Application\Runtime\Cache\Back\34455927591556e07a05a1b00b8762b9.php 第 100 行.
NOTIC: [8] Undefined variable: v D:\phpStudy\WWW\www.shop0926.com\Application\Runtime\Cache\Back\34455927591556e07a05a1b00b8762b9.php 第 101 行.
NOTIC: [8] Use of undefined constant 未删除 - assumed '未删除' D:\phpStudy\WWW\www.shop0926.com\Application\Runtime\Cache\Back\34455927591556e07a05a1b00b8762b9.php 第 101 行.
NOTIC: [8] Undefined variable: v D:\phpStudy\WWW\www.shop0926.com\Application\Runtime\Cache\Back\34455927591556e07a05a1b00b8762b9.php 第 102 行.
NOTIC: [8] Undefined variable: v D:\phpStudy\WWW\www.shop0926.com\Application\Runtime\Cache\Back\34455927591556e07a05a1b00b8762b9.php 第 103 行.
NOTIC: [8] Undefined variable: v D:\phpStudy\WWW\www.shop0926.com\Application\Runtime\Cache\Back\34455927591556e07a05a1b00b8762b9.php 第 104 行.
INFO: Run Behavior\ParseTemplateBehavior [ RunTime:0.008379s ]
INFO: [ view_parse ] --END-- [ RunTime:0.008456s ]
INFO: [ view_filter ] --START--
INFO: Run Behavior\WriteHtmlCacheBehavior [ RunTime:0.000497s ]
INFO: [ view_filter ] --END-- [ RunTime:0.000525s ]
INFO: [ app_end ] --START--
INFO: Run Behavior\ShowPageTraceBehavior [ RunTime:0.000719s ]
INFO: [ app_end ] --END-- [ RunTime:0.000749s ]

[ 2018-09-29T08:47:56+08:00 ] 127.0.0.1 /index.php/Back/Goods/add.html
INFO: [ app_init ] --START--
INFO: Run Behavior\BuildLiteBehavior [ RunTime:0.000012s ]
INFO: [ app_init ] --END-- [ RunTime:0.000553s ]
INFO: [ app_begin ] --START--
INFO: Run Behavior\ReadHtmlCacheBehavior [ RunTime:0.000742s ]
INFO: [ app_begin ] --END-- [ RunTime:0.000780s ]
INFO: [ view_parse ] --START--
INFO: [ template_filter ] --START--
INFO: Run Behavior\ContentReplaceBehavior [ RunTime:0.000031s ]
INFO: [ template_filter ] --END-- [ RunTime:0.000074s ]
INFO: Run Behavior\ParseTemplateBehavior [ RunTime:0.007170s ]
INFO: [ view_parse ] --END-- [ RunTime:0.007253s ]
INFO: [ view_filter ] --START--
INFO: Run Behavior\WriteHtmlCacheBehavior [ RunTime:0.001756s ]
INFO: [ view_filter ] --END-- [ RunTime:0.001808s ]
INFO: [ app_end ] --START--
INFO: Run Behavior\ShowPageTraceBehavior [ RunTime:0.001299s ]
INFO: [ app_end ] --END-- [ RunTime:0.001350s ]

[ 2018-09-29T08:48:08+08:00 ] 127.0.0.1 /index.php/Back/Goods/add.html
INFO: [ app_init ] --START--
INFO: Run Behavior\BuildLiteBehavior [ RunTime:0.000011s ]
INFO: [ app_init ] --END-- [ RunTime:0.000578s ]
INFO: [ app_begin ] --START--
INFO: Run Behavior\ReadHtmlCacheBehavior [ RunTime:0.001292s ]
INFO: [ app_begin ] --END-- [ RunTime:0.001364s ]
SQL: SHOW COLUMNS FROM `shop0926_goods` [ RunTime:0.0045s ]
NOTIC: [2] call_user_func() expects parameter 1 to be a valid callback, no array or string given D:\phpStudy\WWW\www.shop0926.com\ThinkPHP\Library\Think\Upload.class.php 第 170 行.
SQL: INSERT INTO `shop0926_goods` (`goods_name`,`is_sale`,`goods_price`,`goods_num`,`goods_desc`,`goods_add_time`,`goods_big_logo`,`goods_small_logo`) VALUES ('华为','0','1233','230','','1538182087','/Uploads//Goods/2018-09-29/5baecbc7f12b0.png','/Uploads//Goods/2018-09-29/thumb_5baecbc7f12b0.png') [ RunTime:0.0005s ]
INFO: [ view_parse ] --START--
INFO: [ template_filter ] --START--
INFO: Run Behavior\ContentReplaceBehavior [ RunTime:0.000058s ]
INFO: [ template_filter ] --END-- [ RunTime:0.000097s ]
INFO: Run Behavior\ParseTemplateBehavior [ RunTime:0.014811s ]
INFO: [ view_parse ] --END-- [ RunTime:0.014852s ]
INFO: [ view_filter ] --START--
INFO: Run Behavior\WriteHtmlCacheBehavior [ RunTime:0.001101s ]
INFO: [ view_filter ] --END-- [ RunTime:0.001136s ]
INFO: [ app_end ] --START--
INFO: Run Behavior\ShowPageTraceBehavior [ RunTime:0.001246s ]
INFO: [ app_end ] --END-- [ RunTime:0.001277s ]

[ 2018-09-29T08:48:10+08:00 ] 127.0.0.1 /index.php/Back/Goods/showList.html
INFO: [ app_init ] --START--
INFO: Run Behavior\BuildLiteBehavior [ RunTime:0.000012s ]
INFO: [ app_init ] --END-- [ RunTime:0.000613s ]
INFO: [ app_begin ] --START--
INFO: Run Behavior\ReadHtmlCacheBehavior [ RunTime:0.001255s ]
INFO: [ app_begin ] --END-- [ RunTime:0.001301s ]
SQL: SHOW COLUMNS FROM `shop0926_goods` [ RunTime:0.0050s ]
SQL: SELECT COUNT(*) AS tp_count FROM `shop0926_goods` LIMIT 1   [ RunTime:0.0002s ]
SQL: SELECT * FROM `shop0926_goods` ORDER BY goods_id asc LIMIT 0,5   [ RunTime:0.0004s ]
INFO: [ view_parse ] --START--
INFO: [ template_filter ] --START--
INFO: Run Behavior\ContentReplaceBehavior [ RunTime:0.000076s ]
INFO: [ template_filter ] --END-- [ RunTime:0.000139s ]
NOTIC: [8] Undefined variable: v D:\phpStudy\WWW\www.shop0926.com\Application\Runtime\Cache\Back\34455927591556e07a05a1b00b8762b9.php 第 92 行.
NOTIC: [8] Undefined variable: v D:\phpStudy\WWW\www.shop0926.com\Application\Runtime\Cache\Back\34455927591556e07a05a1b00b8762b9.php 第 93 行.
NOTIC: [8] Undefined variable: v D:\phpStudy\WWW\www.shop0926.com\Application\Runtime\Cache\Back\34455927591556e07a05a1b00b8762b9.php 第 94 行.
NOTIC: [8] Undefined variable: v D:\phpStudy\WWW\www.shop0926.com\Application\Runtime\Cache\Back\34455927591556e07a05a1b00b8762b9.php 第 95 行.
NOTIC: [8] Undefined variable: v D:\phpStudy\WWW\www.shop0926.com\Application\Runtime\Cache\Back\34455927591556e07a05a1b00b8762b9.php 第 96 行.
NOTIC: [8] Undefined variable: v D:\phpStudy\WWW\www.shop0926.com\Application\Runtime\Cache\Back\34455927591556e07a05a1b00b8762b9.php 第 97 行.
NOTIC: [8] Undefined variable: v D:\phpStudy\WWW\www.shop0926.com\Application\Runtime\Cache\Back\34455927591556e07a05a1b00b8762b9.php 第 98 行.
NOTIC: [8] Undefined variable: v D:\phpStudy\WWW\www.shop0926.com\Application\Runtime\Cache\Back\34455927591556e07a05a1b00b8762b9.php 第 99 行.
NOTIC: [8] Undefined variable: v D:\phpStudy\WWW\www.shop0926.com\Application\Runtime\Cache\Back\34455927591556e07a05a1b00b8762b9.php 第 100 行.
NOTIC: [8] Use of undefined constant 下架 - assumed '下架' D:\phpStudy\WWW\www.shop0926.com\Application\Runtime\Cache\Back\34455927591556e07a05a1b00b8762b9.php 第 100 行.
NOTIC: [8] Undefined variable: v D:\phpStudy\WWW\www.shop0926.com\Application\Runtime\Cache\Back\34455927591556e07a05a1b00b8762b9.php 第 101 行.
NOTIC: [8] Use of undefined constant 未删除 - assumed '未删除' D:\phpStudy\WWW\www.shop0926.com\Application\Runtime\Cache\Back\34455927591556e07a05a1b00b8762b9.php 第 101 行.
NOTIC: [8] Undefined variable: v D:\phpStudy\WWW\www.shop0926.com\Application\Runtime\Cache\Back\34455927591556e07a05a1b00b8762b9.php 第 102 行.
NOTIC: [8] Undefined variable: v D:\phpStudy\WWW\www.shop0926.com\Application\Runtime\Cache\Back\34455927591556e07a05a1b00b8762b9.php 第 103 行.
NOTIC: [8] Undefined variable: v D:\phpStudy\WWW\www.shop0926.com\Application\Runtime\Cache\Back\34455927591556e07a05a1b00b8762b9.php 第 104 行.
INFO: Run Behavior\ParseTemplateBehavior [ RunTime:0.011262s ]
INFO: [ view_parse ] --END-- [ RunTime:0.011309s ]
INFO: [ view_filter ] --START--
INFO: Run Behavior\WriteHtmlCacheBehavior [ RunTime:0.000973s ]
INFO: [ view_filter ] --END-- [ RunTime:0.001001s ]
INFO: [ app_end ] --START--
INFO: Run Behavior\ShowPageTraceBehavior [ RunTime:0.001270s ]
INFO: [ app_end ] --END-- [ RunTime:0.001305s ]

[ 2018-09-29T08:48:14+08:00 ] 127.0.0.1 /index.php/Back/Goods/showList/p/3.html
INFO: [ app_init ] --START--
INFO: Run Behavior\BuildLiteBehavior [ RunTime:0.000039s ]
INFO: [ app_init ] --END-- [ RunTime:0.001503s ]
INFO: [ app_begin ] --START--
INFO: Run Behavior\ReadHtmlCacheBehavior [ RunTime:0.002511s ]
INFO: [ app_begin ] --END-- [ RunTime:0.002656s ]
SQL: SHOW COLUMNS FROM `shop0926_goods` [ RunTime:0.0051s ]
SQL: SELECT COUNT(*) AS tp_count FROM `shop0926_goods` LIMIT 1   [ RunTime:0.0002s ]
SQL: SELECT * FROM `shop0926_goods` ORDER BY goods_id asc LIMIT 10,5   [ RunTime:0.0004s ]
INFO: [ view_parse ] --START--
INFO: [ template_filter ] --START--
INFO: Run Behavior\ContentReplaceBehavior [ RunTime:0.000045s ]
INFO: [ template_filter ] --END-- [ RunTime:0.000083s ]
NOTIC: [8] Undefined variable: v D:\phpStudy\WWW\www.shop0926.com\Application\Runtime\Cache\Back\34455927591556e07a05a1b00b8762b9.php 第 92 行.
NOTIC: [8] Undefined variable: v D:\phpStudy\WWW\www.shop0926.com\Application\Runtime\Cache\Back\34455927591556e07a05a1b00b8762b9.php 第 93 行.
NOTIC: [8] Undefined variable: v D:\phpStudy\WWW\www.shop0926.com\Application\Runtime\Cache\Back\34455927591556e07a05a1b00b8762b9.php 第 94 行.
NOTIC: [8] Undefined variable: v D:\phpStudy\WWW\www.shop0926.com\Application\Runtime\Cache\Back\34455927591556e07a05a1b00b8762b9.php 第 95 行.
NOTIC: [8] Undefined variable: v D:\phpStudy\WWW\www.shop0926.com\Application\Runtime\Cache\Back\34455927591556e07a05a1b00b8762b9.php 第 96 行.
NOTIC: [8] Undefined variable: v D:\phpStudy\WWW\www.shop0926.com\Application\Runtime\Cache\Back\34455927591556e07a05a1b00b8762b9.php 第 97 行.
NOTIC: [8] Undefined variable: v D:\phpStudy\WWW\www.shop0926.com\Application\Runtime\Cache\Back\34455927591556e07a05a1b00b8762b9.php 第 98 行.
NOTIC: [8] Undefined variable: v D:\phpStudy\WWW\www.shop0926.com\Application\Runtime\Cache\Back\34455927591556e07a05a1b00b8762b9.php 第 99 行.
NOTIC: [8] Undefined variable: v D:\phpStudy\WWW\www.shop0926.com\Application\Runtime\Cache\Back\34455927591556e07a05a1b00b8762b9.php 第 100 行.
NOTIC: [8] Use of undefined constant 下架 - assumed '下架' D:\phpStudy\WWW\www.shop0926.com\Application\Runtime\Cache\Back\34455927591556e07a05a1b00b8762b9.php 第 100 行.
NOTIC: [8] Undefined variable: v D:\phpStudy\WWW\www.shop0926.com\Application\Runtime\Cache\Back\34455927591556e07a05a1b00b8762b9.php 第 101 行.
NOTIC: [8] Use of undefined constant 未删除 - assumed '未删除' D:\phpStudy\WWW\www.shop0926.com\Application\Runtime\Cache\Back\34455927591556e07a05a1b00b8762b9.php 第 101 行.
NOTIC: [8] Undefined variable: v D:\phpStudy\WWW\www.shop0926.com\Application\Runtime\Cache\Back\34455927591556e07a05a1b00b8762b9.php 第 102 行.
NOTIC: [8] Undefined variable: v D:\phpStudy\WWW\www.shop0926.com\Application\Runtime\Cache\Back\34455927591556e07a05a1b00b8762b9.php 第 103 行.
NOTIC: [8] Undefined variable: v D:\phpStudy\WWW\www.shop0926.com\Application\Runtime\Cache\Back\34455927591556e07a05a1b00b8762b9.php 第 104 行.
INFO: Run Behavior\ParseTemplateBehavior [ RunTime:0.011171s ]
INFO: [ view_parse ] --END-- [ RunTime:0.011248s ]
INFO: [ view_filter ] --START--
INFO: Run Behavior\WriteHtmlCacheBehavior [ RunTime:0.001215s ]
INFO: [ view_filter ] --END-- [ RunTime:0.001272s ]
INFO: [ app_end ] --START--
INFO: Run Behavior\ShowPageTraceBehavior [ RunTime:0.001354s ]
INFO: [ app_end ] --END-- [ RunTime:0.001388s ]

[ 2018-09-29T09:36:36+08:00 ] 127.0.0.1 /index.php/Back/Goods/showList
INFO: [ app_init ] --START--
INFO: Run Behavior\BuildLiteBehavior [ RunTime:0.000015s ]
INFO: [ app_init ] --END-- [ RunTime:0.000704s ]
INFO: [ app_begin ] --START--
INFO: Run Behavior\ReadHtmlCacheBehavior [ RunTime:0.000964s ]
INFO: [ app_begin ] --END-- [ RunTime:0.001022s ]
SQL: SHOW COLUMNS FROM `shop0926_goods` [ RunTime:0.0053s ]
SQL: SELECT COUNT(*) AS tp_count FROM `shop0926_goods` LIMIT 1   [ RunTime:0.0002s ]
SQL: SELECT * FROM `shop0926_goods` ORDER BY goods_id asc LIMIT 0,5   [ RunTime:0.0004s ]
INFO: [ view_parse ] --START--
INFO: [ template_filter ] --START--
INFO: Run Behavior\ContentReplaceBehavior [ RunTime:0.000073s ]
INFO: [ template_filter ] --END-- [ RunTime:0.000116s ]
NOTIC: [8] Undefined variable: v D:\phpStudy\WWW\www.shop0926.com\Application\Runtime\Cache\Back\34455927591556e07a05a1b00b8762b9.php 第 92 行.
NOTIC: [8] Undefined variable: v D:\phpStudy\WWW\www.shop0926.com\Application\Runtime\Cache\Back\34455927591556e07a05a1b00b8762b9.php 第 93 行.
NOTIC: [8] Undefined variable: v D:\phpStudy\WWW\www.shop0926.com\Application\Runtime\Cache\Back\34455927591556e07a05a1b00b8762b9.php 第 94 行.
NOTIC: [8] Undefined variable: v D:\phpStudy\WWW\www.shop0926.com\Application\Runtime\Cache\Back\34455927591556e07a05a1b00b8762b9.php 第 95 行.
NOTIC: [8] Undefined variable: v D:\phpStudy\WWW\www.shop0926.com\Application\Runtime\Cache\Back\34455927591556e07a05a1b00b8762b9.php 第 96 行.
NOTIC: [8] Undefined variable: v D:\phpStudy\WWW\www.shop0926.com\Application\Runtime\Cache\Back\34455927591556e07a05a1b00b8762b9.php 第 97 行.
NOTIC: [8] Undefined variable: v D:\phpStudy\WWW\www.shop0926.com\Application\Runtime\Cache\Back\34455927591556e07a05a1b00b8762b9.php 第 98 行.
NOTIC: [8] Undefined variable: v D:\phpStudy\WWW\www.shop0926.com\Application\Runtime\Cache\Back\34455927591556e07a05a1b00b8762b9.php 第 99 行.
NOTIC: [8] Undefined variable: v D:\phpStudy\WWW\www.shop0926.com\Application\Runtime\Cache\Back\34455927591556e07a05a1b00b8762b9.php 第 100 行.
NOTIC: [8] Use of undefined constant 下架 - assumed '下架' D:\phpStudy\WWW\www.shop0926.com\Application\Runtime\Cache\Back\34455927591556e07a05a1b00b8762b9.php 第 100 行.
NOTIC: [8] Undefined variable: v D:\phpStudy\WWW\www.shop0926.com\Application\Runtime\Cache\Back\34455927591556e07a05a1b00b8762b9.php 第 101 行.
NOTIC: [8] Use of undefined constant 未删除 - assumed '未删除' D:\phpStudy\WWW\www.shop0926.com\Application\Runtime\Cache\Back\34455927591556e07a05a1b00b8762b9.php 第 101 行.
NOTIC: [8] Undefined variable: v D:\phpStudy\WWW\www.shop0926.com\Application\Runtime\Cache\Back\34455927591556e07a05a1b00b8762b9.php 第 102 行.
NOTIC: [8] Undefined variable: v D:\phpStudy\WWW\www.shop0926.com\Application\Runtime\Cache\Back\34455927591556e07a05a1b00b8762b9.php 第 103 行.
NOTIC: [8] Undefined variable: v D:\phpStudy\WWW\www.shop0926.com\Application\Runtime\Cache\Back\34455927591556e07a05a1b00b8762b9.php 第 104 行.
INFO: Run Behavior\ParseTemplateBehavior [ RunTime:0.009289s ]
INFO: [ view_parse ] --END-- [ RunTime:0.009350s ]
INFO: [ view_filter ] --START--
INFO: Run Behavior\WriteHtmlCacheBehavior [ RunTime:0.000619s ]
INFO: [ view_filter ] --END-- [ RunTime:0.000648s ]
INFO: [ app_end ] --START--
INFO: Run Behavior\ShowPageTraceBehavior [ RunTime:0.000799s ]
INFO: [ app_end ] --END-- [ RunTime:0.000828s ]

[ 2018-09-29T09:36:39+08:00 ] 127.0.0.1 /index.php/Back/Goods/del.html
INFO: [ app_init ] --START--
INFO: Run Behavior\BuildLiteBehavior [ RunTime:0.000012s ]
INFO: [ app_init ] --END-- [ RunTime:0.000637s ]
INFO: [ app_begin ] --START--
INFO: Run Behavior\ReadHtmlCacheBehavior [ RunTime:0.001361s ]
INFO: [ app_begin ] --END-- [ RunTime:0.001485s ]
SQL: SHOW COLUMNS FROM `shop0926_goods` [ RunTime:0.0665s ]
NOTIC: [8] Undefined variable: delete D:\phpStudy\WWW\www.shop0926.com\Application\Back\Controller\GoodsController.class.php 第 76 行.

[ 2018-09-29T10:45:09+08:00 ] 127.0.0.1 /index.php/Back/Goods/showList
INFO: [ app_init ] --START--
INFO: Run Behavior\BuildLiteBehavior [ RunTime:0.000012s ]
INFO: [ app_init ] --END-- [ RunTime:0.000599s ]
INFO: [ app_begin ] --START--
INFO: Run Behavior\ReadHtmlCacheBehavior [ RunTime:0.001072s ]
INFO: [ app_begin ] --END-- [ RunTime:0.001110s ]
SQL: SHOW COLUMNS FROM `shop0926_goods` [ RunTime:0.0126s ]
SQL: SELECT COUNT(*) AS tp_count FROM `shop0926_goods` LIMIT 1   [ RunTime:0.0005s ]
SQL: SELECT * FROM `shop0926_goods` ORDER BY goods_id asc LIMIT 0,5   [ RunTime:0.0011s ]
INFO: [ view_parse ] --START--
INFO: [ template_filter ] --START--
INFO: Run Behavior\ContentReplaceBehavior [ RunTime:0.000131s ]
INFO: [ template_filter ] --END-- [ RunTime:0.000238s ]
NOTIC: [8] Undefined variable: v D:\phpStudy\WWW\www.shop0926.com\Application\Runtime\Cache\Back\34455927591556e07a05a1b00b8762b9.php 第 92 行.
NOTIC: [8] Undefined variable: v D:\phpStudy\WWW\www.shop0926.com\Application\Runtime\Cache\Back\34455927591556e07a05a1b00b8762b9.php 第 93 行.
NOTIC: [8] Undefined variable: v D:\phpStudy\WWW\www.shop0926.com\Application\Runtime\Cache\Back\34455927591556e07a05a1b00b8762b9.php 第 94 行.
NOTIC: [8] Undefined variable: v D:\phpStudy\WWW\www.shop0926.com\Application\Runtime\Cache\Back\34455927591556e07a05a1b00b8762b9.php 第 95 行.
NOTIC: [8] Undefined variable: v D:\phpStudy\WWW\www.shop0926.com\Application\Runtime\Cache\Back\34455927591556e07a05a1b00b8762b9.php 第 96 行.
NOTIC: [8] Undefined variable: v D:\phpStudy\WWW\www.shop0926.com\Application\Runtime\Cache\Back\34455927591556e07a05a1b00b8762b9.php 第 97 行.
NOTIC: [8] Undefined variable: v D:\phpStudy\WWW\www.shop0926.com\Application\Runtime\Cache\Back\34455927591556e07a05a1b00b8762b9.php 第 98 行.
NOTIC: [8] Undefined variable: v D:\phpStudy\WWW\www.shop0926.com\Application\Runtime\Cache\Back\34455927591556e07a05a1b00b8762b9.php 第 99 行.
NOTIC: [8] Undefined variable: v D:\phpStudy\WWW\www.shop0926.com\Application\Runtime\Cache\Back\34455927591556e07a05a1b00b8762b9.php 第 100 行.
NOTIC: [8] Use of undefined constant 下架 - assumed '下架' D:\phpStudy\WWW\www.shop0926.com\Application\Runtime\Cache\Back\34455927591556e07a05a1b00b8762b9.php 第 100 行.
NOTIC: [8] Undefined variable: v D:\phpStudy\WWW\www.shop0926.com\Application\Runtime\Cache\Back\34455927591556e07a05a1b00b8762b9.php 第 101 行.
NOTIC: [8] Use of undefined constant 未删除 - assumed '未删除' D:\phpStudy\WWW\www.shop0926.com\Application\Runtime\Cache\Back\34455927591556e07a05a1b00b8762b9.php 第 101 行.
NOTIC: [8] Undefined variable: v D:\phpStudy\WWW\www.shop0926.com\Application\Runtime\Cache\Back\34455927591556e07a05a1b00b8762b9.php 第 102 行.
NOTIC: [8] Undefined variable: v D:\phpStudy\WWW\www.shop0926.com\Application\Runtime\Cache\Back\34455927591556e07a05a1b00b8762b9.php 第 103 行.
NOTIC: [8] Undefined variable: v D:\phpStudy\WWW\www.shop0926.com\Application\Runtime\Cache\Back\34455927591556e07a05a1b00b8762b9.php 第 104 行.
INFO: Run Behavior\ParseTemplateBehavior [ RunTime:0.023421s ]
INFO: [ view_parse ] --END-- [ RunTime:0.023529s ]
INFO: [ view_filter ] --START--
INFO: Run Behavior\WriteHtmlCacheBehavior [ RunTime:0.001177s ]
INFO: [ view_filter ] --END-- [ RunTime:0.001232s ]
INFO: [ app_end ] --START--
INFO: Run Behavior\ShowPageTraceBehavior [ RunTime:0.001554s ]
INFO: [ app_end ] --END-- [ RunTime:0.001611s ]

[ 2018-09-29T10:45:35+08:00 ] 127.0.0.1 /index.php/Back/Goods/showList/p/2.html
INFO: [ app_init ] --START--
INFO: Run Behavior\BuildLiteBehavior [ RunTime:0.000012s ]
INFO: [ app_init ] --END-- [ RunTime:0.000665s ]
INFO: [ app_begin ] --START--
INFO: Run Behavior\ReadHtmlCacheBehavior [ RunTime:0.000892s ]
INFO: [ app_begin ] --END-- [ RunTime:0.000931s ]
SQL: SHOW COLUMNS FROM `shop0926_goods` [ RunTime:0.0123s ]
SQL: SELECT COUNT(*) AS tp_count FROM `shop0926_goods` LIMIT 1   [ RunTime:0.0005s ]
SQL: SELECT * FROM `shop0926_goods` ORDER BY goods_id asc LIMIT 5,5   [ RunTime:0.0012s ]
INFO: [ view_parse ] --START--
INFO: [ template_filter ] --START--
INFO: Run Behavior\ContentReplaceBehavior [ RunTime:0.000140s ]
INFO: [ template_filter ] --END-- [ RunTime:0.000242s ]
NOTIC: [8] Undefined variable: v D:\phpStudy\WWW\www.shop0926.com\Application\Runtime\Cache\Back\34455927591556e07a05a1b00b8762b9.php 第 92 行.
NOTIC: [8] Undefined variable: v D:\phpStudy\WWW\www.shop0926.com\Application\Runtime\Cache\Back\34455927591556e07a05a1b00b8762b9.php 第 93 行.
NOTIC: [8] Undefined variable: v D:\phpStudy\WWW\www.shop0926.com\Application\Runtime\Cache\Back\34455927591556e07a05a1b00b8762b9.php 第 94 行.
NOTIC: [8] Undefined variable: v D:\phpStudy\WWW\www.shop0926.com\Application\Runtime\Cache\Back\34455927591556e07a05a1b00b8762b9.php 第 95 行.
NOTIC: [8] Undefined variable: v D:\phpStudy\WWW\www.shop0926.com\Application\Runtime\Cache\Back\34455927591556e07a05a1b00b8762b9.php 第 96 行.
NOTIC: [8] Undefined variable: v D:\phpStudy\WWW\www.shop0926.com\Application\Runtime\Cache\Back\34455927591556e07a05a1b00b8762b9.php 第 97 行.
NOTIC: [8] Undefined variable: v D:\phpStudy\WWW\www.shop0926.com\Application\Runtime\Cache\Back\34455927591556e07a05a1b00b8762b9.php 第 98 行.
NOTIC: [8] Undefined variable: v D:\phpStudy\WWW\www.shop0926.com\Application\Runtime\Cache\Back\34455927591556e07a05a1b00b8762b9.php 第 99 行.
NOTIC: [8] Undefined variable: v D:\phpStudy\WWW\www.shop0926.com\Application\Runtime\Cache\Back\34455927591556e07a05a1b00b8762b9.php 第 100 行.
NOTIC: [8] Use of undefined constant 下架 - assumed '下架' D:\phpStudy\WWW\www.shop0926.com\Application\Runtime\Cache\Back\34455927591556e07a05a1b00b8762b9.php 第 100 行.
NOTIC: [8] Undefined variable: v D:\phpStudy\WWW\www.shop0926.com\Application\Runtime\Cache\Back\34455927591556e07a05a1b00b8762b9.php 第 101 行.
NOTIC: [8] Use of undefined constant 未删除 - assumed '未删除' D:\phpStudy\WWW\www.shop0926.com\Application\Runtime\Cache\Back\34455927591556e07a05a1b00b8762b9.php 第 101 行.
NOTIC: [8] Undefined variable: v D:\phpStudy\WWW\www.shop0926.com\Application\Runtime\Cache\Back\34455927591556e07a05a1b00b8762b9.php 第 102 行.
NOTIC: [8] Undefined variable: v D:\phpStudy\WWW\www.shop0926.com\Application\Runtime\Cache\Back\34455927591556e07a05a1b00b8762b9.php 第 103 行.
NOTIC: [8] Undefined variable: v D:\phpStudy\WWW\www.shop0926.com\Application\Runtime\Cache\Back\34455927591556e07a05a1b00b8762b9.php 第 104 行.
INFO: Run Behavior\ParseTemplateBehavior [ RunTime:0.024621s ]
INFO: [ view_parse ] --END-- [ RunTime:0.024730s ]
INFO: [ view_filter ] --START--
INFO: Run Behavior\WriteHtmlCacheBehavior [ RunTime:0.001916s ]
INFO: [ view_filter ] --END-- [ RunTime:0.002004s ]
INFO: [ app_end ] --START--
INFO: Run Behavior\ShowPageTraceBehavior [ RunTime:0.002587s ]
INFO: [ app_end ] --END-- [ RunTime:0.002679s ]

[ 2018-09-29T10:45:37+08:00 ] 127.0.0.1 /index.php/Back/Goods/showList/p/3.html
INFO: [ app_init ] --START--
INFO: Run Behavior\BuildLiteBehavior [ RunTime:0.000025s ]
INFO: [ app_init ] --END-- [ RunTime:0.001051s ]
INFO: [ app_begin ] --START--
INFO: Run Behavior\ReadHtmlCacheBehavior [ RunTime:0.000827s ]
INFO: [ app_begin ] --END-- [ RunTime:0.000874s ]
SQL: SHOW COLUMNS FROM `shop0926_goods` [ RunTime:0.0130s ]
SQL: SELECT COUNT(*) AS tp_count FROM `shop0926_goods` LIMIT 1   [ RunTime:0.0005s ]
SQL: SELECT * FROM `shop0926_goods` ORDER BY goods_id asc LIMIT 10,5   [ RunTime:0.0012s ]
INFO: [ view_parse ] --START--
INFO: [ template_filter ] --START--
INFO: Run Behavior\ContentReplaceBehavior [ RunTime:0.000136s ]
INFO: [ template_filter ] --END-- [ RunTime:0.000240s ]
NOTIC: [8] Undefined variable: v D:\phpStudy\WWW\www.shop0926.com\Application\Runtime\Cache\Back\34455927591556e07a05a1b00b8762b9.php 第 92 行.
NOTIC: [8] Undefined variable: v D:\phpStudy\WWW\www.shop0926.com\Application\Runtime\Cache\Back\34455927591556e07a05a1b00b8762b9.php 第 93 行.
NOTIC: [8] Undefined variable: v D:\phpStudy\WWW\www.shop0926.com\Application\Runtime\Cache\Back\34455927591556e07a05a1b00b8762b9.php 第 94 行.
NOTIC: [8] Undefined variable: v D:\phpStudy\WWW\www.shop0926.com\Application\Runtime\Cache\Back\34455927591556e07a05a1b00b8762b9.php 第 95 行.
NOTIC: [8] Undefined variable: v D:\phpStudy\WWW\www.shop0926.com\Application\Runtime\Cache\Back\34455927591556e07a05a1b00b8762b9.php 第 96 行.
NOTIC: [8] Undefined variable: v D:\phpStudy\WWW\www.shop0926.com\Application\Runtime\Cache\Back\34455927591556e07a05a1b00b8762b9.php 第 97 行.
NOTIC: [8] Undefined variable: v D:\phpStudy\WWW\www.shop0926.com\Application\Runtime\Cache\Back\34455927591556e07a05a1b00b8762b9.php 第 98 行.
NOTIC: [8] Undefined variable: v D:\phpStudy\WWW\www.shop0926.com\Application\Runtime\Cache\Back\34455927591556e07a05a1b00b8762b9.php 第 99 行.
NOTIC: [8] Undefined variable: v D:\phpStudy\WWW\www.shop0926.com\Application\Runtime\Cache\Back\34455927591556e07a05a1b00b8762b9.php 第 100 行.
NOTIC: [8] Use of undefined constant 下架 - assumed '下架' D:\phpStudy\WWW\www.shop0926.com\Application\Runtime\Cache\Back\34455927591556e07a05a1b00b8762b9.php 第 100 行.
NOTIC: [8] Undefined variable: v D:\phpStudy\WWW\www.shop0926.com\Application\Runtime\Cache\Back\34455927591556e07a05a1b00b8762b9.php 第 101 行.
NOTIC: [8] Use of undefined constant 未删除 - assumed '未删除' D:\phpStudy\WWW\www.shop0926.com\Application\Runtime\Cache\Back\34455927591556e07a05a1b00b8762b9.php 第 101 行.
NOTIC: [8] Undefined variable: v D:\phpStudy\WWW\www.shop0926.com\Application\Runtime\Cache\Back\34455927591556e07a05a1b00b8762b9.php 第 102 行.
NOTIC: [8] Undefined variable: v D:\phpStudy\WWW\www.shop0926.com\Application\Runtime\Cache\Back\34455927591556e07a05a1b00b8762b9.php 第 103 行.
NOTIC: [8] Undefined variable: v D:\phpStudy\WWW\www.shop0926.com\Application\Runtime\Cache\Back\34455927591556e07a05a1b00b8762b9.php 第 104 行.
INFO: Run Behavior\ParseTemplateBehavior [ RunTime:0.022464s ]
INFO: [ view_parse ] --END-- [ RunTime:0.022593s ]
INFO: [ view_filter ] --START--
INFO: Run Behavior\WriteHtmlCacheBehavior [ RunTime:0.001554s ]
INFO: [ view_filter ] --END-- [ RunTime:0.001646s ]
INFO: [ app_end ] --START--
INFO: Run Behavior\ShowPageTraceBehavior [ RunTime:0.002204s ]
INFO: [ app_end ] --END-- [ RunTime:0.002297s ]

[ 2018-09-29T10:46:16+08:00 ] 127.0.0.1 /index.php/Back/Goods/showList/p/3.html
INFO: [ app_init ] --START--
INFO: Run Behavior\BuildLiteBehavior [ RunTime:0.000029s ]
INFO: [ app_init ] --END-- [ RunTime:0.000666s ]
INFO: [ app_begin ] --START--
INFO: Run Behavior\ReadHtmlCacheBehavior [ RunTime:0.000809s ]
INFO: [ app_begin ] --END-- [ RunTime:0.000905s ]
SQL: SHOW COLUMNS FROM `shop0926_goods` [ RunTime:0.0116s ]
SQL: SELECT COUNT(*) AS tp_count FROM `shop0926_goods` LIMIT 1   [ RunTime:0.0007s ]
SQL: SELECT * FROM `shop0926_goods` ORDER BY goods_id asc LIMIT 10,5   [ RunTime:0.0014s ]
INFO: [ view_parse ] --START--
INFO: [ template_filter ] --START--
INFO: Run Behavior\ContentReplaceBehavior [ RunTime:0.000101s ]
INFO: [ template_filter ] --END-- [ RunTime:0.000181s ]
NOTIC: [8] Undefined variable: v D:\phpStudy\WWW\www.shop0926.com\Application\Runtime\Cache\Back\34455927591556e07a05a1b00b8762b9.php 第 92 行.
NOTIC: [8] Undefined variable: v D:\phpStudy\WWW\www.shop0926.com\Application\Runtime\Cache\Back\34455927591556e07a05a1b00b8762b9.php 第 93 行.
NOTIC: [8] Undefined variable: v D:\phpStudy\WWW\www.shop0926.com\Application\Runtime\Cache\Back\34455927591556e07a05a1b00b8762b9.php 第 94 行.
NOTIC: [8] Undefined variable: v D:\phpStudy\WWW\www.shop0926.com\Application\Runtime\Cache\Back\34455927591556e07a05a1b00b8762b9.php 第 95 行.
NOTIC: [8] Undefined variable: v D:\phpStudy\WWW\www.shop0926.com\Application\Runtime\Cache\Back\34455927591556e07a05a1b00b8762b9.php 第 96 行.
NOTIC: [8] Undefined variable: v D:\phpStudy\WWW\www.shop0926.com\Application\Runtime\Cache\Back\34455927591556e07a05a1b00b8762b9.php 第 97 行.
NOTIC: [8] Undefined variable: v D:\phpStudy\WWW\www.shop0926.com\Application\Runtime\Cache\Back\34455927591556e07a05a1b00b8762b9.php 第 98 行.
NOTIC: [8] Undefined variable: v D:\phpStudy\WWW\www.shop0926.com\Application\Runtime\Cache\Back\34455927591556e07a05a1b00b8762b9.php 第 99 行.
NOTIC: [8] Undefined variable: v D:\phpStudy\WWW\www.shop0926.com\Application\Runtime\Cache\Back\34455927591556e07a05a1b00b8762b9.php 第 100 行.
NOTIC: [8] Use of undefined constant 下架 - assumed '下架' D:\phpStudy\WWW\www.shop0926.com\Application\Runtime\Cache\Back\34455927591556e07a05a1b00b8762b9.php 第 100 行.
NOTIC: [8] Undefined variable: v D:\phpStudy\WWW\www.shop0926.com\Application\Runtime\Cache\Back\34455927591556e07a05a1b00b8762b9.php 第 101 行.
NOTIC: [8] Use of undefined constant 未删除 - assumed '未删除' D:\phpStudy\WWW\www.shop0926.com\Application\Runtime\Cache\Back\34455927591556e07a05a1b00b8762b9.php 第 101 行.
NOTIC: [8] Undefined variable: v D:\phpStudy\WWW\www.shop0926.com\Application\Runtime\Cache\Back\34455927591556e07a05a1b00b8762b9.php 第 102 行.
NOTIC: [8] Undefined variable: v D:\phpStudy\WWW\www.shop0926.com\Application\Runtime\Cache\Back\34455927591556e07a05a1b00b8762b9.php 第 103 行.
NOTIC: [8] Undefined variable: v D:\phpStudy\WWW\www.shop0926.com\Application\Runtime\Cache\Back\34455927591556e07a05a1b00b8762b9.php 第 104 行.
INFO: Run Behavior\ParseTemplateBehavior [ RunTime:0.020008s ]
INFO: [ view_parse ] --END-- [ RunTime:0.020152s ]
INFO: [ view_filter ] --START--
INFO: Run Behavior\WriteHtmlCacheBehavior [ RunTime:0.001220s ]
INFO: [ view_filter ] --END-- [ RunTime:0.001285s ]
INFO: [ app_end ] --START--
INFO: Run Behavior\ShowPageTraceBehavior [ RunTime:0.001336s ]
INFO: [ app_end ] --END-- [ RunTime:0.001394s ]

[ 2018-09-29T10:46:46+08:00 ] 127.0.0.1 /index.php/Back/Goods/add.html
INFO: [ app_init ] --START--
INFO: Run Behavior\BuildLiteBehavior [ RunTime:0.000026s ]
INFO: [ app_init ] --END-- [ RunTime:0.000872s ]
INFO: [ app_begin ] --START--
INFO: Run Behavior\ReadHtmlCacheBehavior [ RunTime:0.000735s ]
INFO: [ app_begin ] --END-- [ RunTime:0.000775s ]
INFO: [ view_parse ] --START--
INFO: [ template_filter ] --START--
INFO: Run Behavior\ContentReplaceBehavior [ RunTime:0.000033s ]
INFO: [ template_filter ] --END-- [ RunTime:0.000110s ]
INFO: Run Behavior\ParseTemplateBehavior [ RunTime:0.008084s ]
INFO: [ view_parse ] --END-- [ RunTime:0.008120s ]
INFO: [ view_filter ] --START--
INFO: Run Behavior\WriteHtmlCacheBehavior [ RunTime:0.000547s ]
INFO: [ view_filter ] --END-- [ RunTime:0.000581s ]
INFO: [ app_end ] --START--
INFO: Run Behavior\ShowPageTraceBehavior [ RunTime:0.000771s ]
INFO: [ app_end ] --END-- [ RunTime:0.000804s ]

[ 2018-09-29T10:46:58+08:00 ] 127.0.0.1 /index.php/Back/Goods/add.html
INFO: [ app_init ] --START--
INFO: Run Behavior\BuildLiteBehavior [ RunTime:0.000015s ]
INFO: [ app_init ] --END-- [ RunTime:0.000753s ]
INFO: [ app_begin ] --START--
INFO: Run Behavior\ReadHtmlCacheBehavior [ RunTime:0.001017s ]
INFO: [ app_begin ] --END-- [ RunTime:0.001072s ]
SQL: SHOW COLUMNS FROM `shop0926_goods` [ RunTime:0.0116s ]
NOTIC: [2] call_user_func() expects parameter 1 to be a valid callback, no array or string given D:\phpStudy\WWW\www.shop0926.com\ThinkPHP\Library\Think\Upload.class.php 第 170 行.
SQL: INSERT INTO `shop0926_goods` (`goods_name`,`is_sale`,`goods_price`,`goods_num`,`goods_desc`,`goods_add_time`,`goods_big_logo`,`goods_small_logo`) VALUES ('华为110','1','1233','230','','1538189218','/Uploads//Goods/2018-09-29/5baee7a29e31a.png','/Uploads//Goods/2018-09-29/thumb_5baee7a29e31a.png') [ RunTime:0.0003s ]
INFO: [ view_parse ] --START--
INFO: [ template_filter ] --START--
INFO: Run Behavior\ContentReplaceBehavior [ RunTime:0.000026s ]
INFO: [ template_filter ] --END-- [ RunTime:0.000059s ]
INFO: Run Behavior\ParseTemplateBehavior [ RunTime:0.011156s ]
INFO: [ view_parse ] --END-- [ RunTime:0.011199s ]
INFO: [ view_filter ] --START--
INFO: Run Behavior\WriteHtmlCacheBehavior [ RunTime:0.002007s ]
INFO: [ view_filter ] --END-- [ RunTime:0.002039s ]
INFO: [ app_end ] --START--
INFO: Run Behavior\ShowPageTraceBehavior [ RunTime:0.002224s ]
INFO: [ app_end ] --END-- [ RunTime:0.002258s ]

[ 2018-09-29T10:47:00+08:00 ] 127.0.0.1 /index.php/Back/Goods/showList.html
INFO: [ app_init ] --START--
INFO: Run Behavior\BuildLiteBehavior [ RunTime:0.000011s ]
INFO: [ app_init ] --END-- [ RunTime:0.000914s ]
INFO: [ app_begin ] --START--
INFO: Run Behavior\ReadHtmlCacheBehavior [ RunTime:0.002578s ]
INFO: [ app_begin ] --END-- [ RunTime:0.002624s ]
SQL: SHOW COLUMNS FROM `shop0926_goods` [ RunTime:0.0046s ]
SQL: SELECT COUNT(*) AS tp_count FROM `shop0926_goods` LIMIT 1   [ RunTime:0.0003s ]
SQL: SELECT * FROM `shop0926_goods` ORDER BY goods_id asc LIMIT 0,5   [ RunTime:0.0005s ]
INFO: [ view_parse ] --START--
INFO: [ template_filter ] --START--
INFO: Run Behavior\ContentReplaceBehavior [ RunTime:0.000108s ]
INFO: [ template_filter ] --END-- [ RunTime:0.000171s ]
NOTIC: [8] Undefined variable: v D:\phpStudy\WWW\www.shop0926.com\Application\Runtime\Cache\Back\34455927591556e07a05a1b00b8762b9.php 第 92 行.
NOTIC: [8] Undefined variable: v D:\phpStudy\WWW\www.shop0926.com\Application\Runtime\Cache\Back\34455927591556e07a05a1b00b8762b9.php 第 93 行.
NOTIC: [8] Undefined variable: v D:\phpStudy\WWW\www.shop0926.com\Application\Runtime\Cache\Back\34455927591556e07a05a1b00b8762b9.php 第 94 行.
NOTIC: [8] Undefined variable: v D:\phpStudy\WWW\www.shop0926.com\Application\Runtime\Cache\Back\34455927591556e07a05a1b00b8762b9.php 第 95 行.
NOTIC: [8] Undefined variable: v D:\phpStudy\WWW\www.shop0926.com\Application\Runtime\Cache\Back\34455927591556e07a05a1b00b8762b9.php 第 96 行.
NOTIC: [8] Undefined variable: v D:\phpStudy\WWW\www.shop0926.com\Application\Runtime\Cache\Back\34455927591556e07a05a1b00b8762b9.php 第 97 行.
NOTIC: [8] Undefined variable: v D:\phpStudy\WWW\www.shop0926.com\Application\Runtime\Cache\Back\34455927591556e07a05a1b00b8762b9.php 第 98 行.
NOTIC: [8] Undefined variable: v D:\phpStudy\WWW\www.shop0926.com\Application\Runtime\Cache\Back\34455927591556e07a05a1b00b8762b9.php 第 99 行.
NOTIC: [8] Undefined variable: v D:\phpStudy\WWW\www.shop0926.com\Application\Runtime\Cache\Back\34455927591556e07a05a1b00b8762b9.php 第 100 行.
NOTIC: [8] Use of undefined constant 下架 - assumed '下架' D:\phpStudy\WWW\www.shop0926.com\Application\Runtime\Cache\Back\34455927591556e07a05a1b00b8762b9.php 第 100 行.
NOTIC: [8] Undefined variable: v D:\phpStudy\WWW\www.shop0926.com\Application\Runtime\Cache\Back\34455927591556e07a05a1b00b8762b9.php 第 101 行.
NOTIC: [8] Use of undefined constant 未删除 - assumed '未删除' D:\phpStudy\WWW\www.shop0926.com\Application\Runtime\Cache\Back\34455927591556e07a05a1b00b8762b9.php 第 101 行.
NOTIC: [8] Undefined variable: v D:\phpStudy\WWW\www.shop0926.com\Application\Runtime\Cache\Back\34455927591556e07a05a1b00b8762b9.php 第 102 行.
NOTIC: [8] Undefined variable: v D:\phpStudy\WWW\www.shop0926.com\Application\Runtime\Cache\Back\34455927591556e07a05a1b00b8762b9.php 第 103 行.
NOTIC: [8] Undefined variable: v D:\phpStudy\WWW\www.shop0926.com\Application\Runtime\Cache\Back\34455927591556e07a05a1b00b8762b9.php 第 104 行.
INFO: Run Behavior\ParseTemplateBehavior [ RunTime:0.015227s ]
INFO: [ view_parse ] --END-- [ RunTime:0.015277s ]
INFO: [ view_filter ] --START--
INFO: Run Behavior\WriteHtmlCacheBehavior [ RunTime:0.001987s ]
INFO: [ view_filter ] --END-- [ RunTime:0.002017s ]
INFO: [ app_end ] --START--
INFO: Run Behavior\ShowPageTraceBehavior [ RunTime:0.002612s ]
INFO: [ app_end ] --END-- [ RunTime:0.002646s ]

[ 2018-09-29T10:47:05+08:00 ] 127.0.0.1 /index.php/Back/Goods/showList.html
INFO: [ app_init ] --START--
INFO: Run Behavior\BuildLiteBehavior [ RunTime:0.000012s ]
INFO: [ app_init ] --END-- [ RunTime:0.001126s ]
INFO: [ app_begin ] --START--
INFO: Run Behavior\ReadHtmlCacheBehavior [ RunTime:0.002409s ]
INFO: [ app_begin ] --END-- [ RunTime:0.002511s ]
SQL: SHOW COLUMNS FROM `shop0926_goods` [ RunTime:0.0127s ]
SQL: SELECT COUNT(*) AS tp_count FROM `shop0926_goods` LIMIT 1   [ RunTime:0.0006s ]
SQL: SELECT * FROM `shop0926_goods` ORDER BY goods_id asc LIMIT 0,5   [ RunTime:0.0013s ]
INFO: [ view_parse ] --START--
INFO: [ template_filter ] --START--
INFO: Run Behavior\ContentReplaceBehavior [ RunTime:0.000085s ]
INFO: [ template_filter ] --END-- [ RunTime:0.000142s ]
NOTIC: [8] Undefined variable: v D:\phpStudy\WWW\www.shop0926.com\Application\Runtime\Cache\Back\34455927591556e07a05a1b00b8762b9.php 第 92 行.
NOTIC: [8] Undefined variable: v D:\phpStudy\WWW\www.shop0926.com\Application\Runtime\Cache\Back\34455927591556e07a05a1b00b8762b9.php 第 93 行.
NOTIC: [8] Undefined variable: v D:\phpStudy\WWW\www.shop0926.com\Application\Runtime\Cache\Back\34455927591556e07a05a1b00b8762b9.php 第 94 行.
NOTIC: [8] Undefined variable: v D:\phpStudy\WWW\www.shop0926.com\Application\Runtime\Cache\Back\34455927591556e07a05a1b00b8762b9.php 第 95 行.
NOTIC: [8] Undefined variable: v D:\phpStudy\WWW\www.shop0926.com\Application\Runtime\Cache\Back\34455927591556e07a05a1b00b8762b9.php 第 96 行.
NOTIC: [8] Undefined variable: v D:\phpStudy\WWW\www.shop0926.com\Application\Runtime\Cache\Back\34455927591556e07a05a1b00b8762b9.php 第 97 行.
NOTIC: [8] Undefined variable: v D:\phpStudy\WWW\www.shop0926.com\Application\Runtime\Cache\Back\34455927591556e07a05a1b00b8762b9.php 第 98 行.
NOTIC: [8] Undefined variable: v D:\phpStudy\WWW\www.shop0926.com\Application\Runtime\Cache\Back\34455927591556e07a05a1b00b8762b9.php 第 99 行.
NOTIC: [8] Undefined variable: v D:\phpStudy\WWW\www.shop0926.com\Application\Runtime\Cache\Back\34455927591556e07a05a1b00b8762b9.php 第 100 行.
NOTIC: [8] Use of undefined constant 下架 - assumed '下架' D:\phpStudy\WWW\www.shop0926.com\Application\Runtime\Cache\Back\34455927591556e07a05a1b00b8762b9.php 第 100 行.
NOTIC: [8] Undefined variable: v D:\phpStudy\WWW\www.shop0926.com\Application\Runtime\Cache\Back\34455927591556e07a05a1b00b8762b9.php 第 101 行.
NOTIC: [8] Use of undefined constant 未删除 - assumed '未删除' D:\phpStudy\WWW\www.shop0926.com\Application\Runtime\Cache\Back\34455927591556e07a05a1b00b8762b9.php 第 101 行.
NOTIC: [8] Undefined variable: v D:\phpStudy\WWW\www.shop0926.com\Application\Runtime\Cache\Back\34455927591556e07a05a1b00b8762b9.php 第 102 行.
NOTIC: [8] Undefined variable: v D:\phpStudy\WWW\www.shop0926.com\Application\Runtime\Cache\Back\34455927591556e07a05a1b00b8762b9.php 第 103 行.
NOTIC: [8] Undefined variable: v D:\phpStudy\WWW\www.shop0926.com\Application\Runtime\Cache\Back\34455927591556e07a05a1b00b8762b9.php 第 104 行.
INFO: Run Behavior\ParseTemplateBehavior [ RunTime:0.028864s ]
INFO: [ view_parse ] --END-- [ RunTime:0.028944s ]
INFO: [ view_filter ] --START--
INFO: Run Behavior\WriteHtmlCacheBehavior [ RunTime:0.003190s ]
INFO: [ view_filter ] --END-- [ RunTime:0.003239s ]
INFO: [ app_end ] --START--
INFO: Run Behavior\ShowPageTraceBehavior [ RunTime:0.004368s ]
INFO: [ app_end ] --END-- [ RunTime:0.004427s ]

[ 2018-09-29T10:47:08+08:00 ] 127.0.0.1 /index.php/Back/Goods/showList
INFO: [ app_init ] --START--
INFO: Run Behavior\BuildLiteBehavior [ RunTime:0.000012s ]
INFO: [ app_init ] --END-- [ RunTime:0.000831s ]
INFO: [ app_begin ] --START--
INFO: Run Behavior\ReadHtmlCacheBehavior [ RunTime:0.003150s ]
INFO: [ app_begin ] --END-- [ RunTime:0.003192s ]
SQL: SHOW COLUMNS FROM `shop0926_goods` [ RunTime:0.0104s ]
SQL: SELECT COUNT(*) AS tp_count FROM `shop0926_goods` LIMIT 1   [ RunTime:0.0005s ]
SQL: SELECT * FROM `shop0926_goods` ORDER BY goods_id asc LIMIT 0,5   [ RunTime:0.0012s ]
INFO: [ view_parse ] --START--
INFO: [ template_filter ] --START--
INFO: Run Behavior\ContentReplaceBehavior [ RunTime:0.000078s ]
INFO: [ template_filter ] --END-- [ RunTime:0.000144s ]
NOTIC: [8] Undefined variable: v D:\phpStudy\WWW\www.shop0926.com\Application\Runtime\Cache\Back\34455927591556e07a05a1b00b8762b9.php 第 92 行.
NOTIC: [8] Undefined variable: v D:\phpStudy\WWW\www.shop0926.com\Application\Runtime\Cache\Back\34455927591556e07a05a1b00b8762b9.php 第 93 行.
NOTIC: [8] Undefined variable: v D:\phpStudy\WWW\www.shop0926.com\Application\Runtime\Cache\Back\34455927591556e07a05a1b00b8762b9.php 第 94 行.
NOTIC: [8] Undefined variable: v D:\phpStudy\WWW\www.shop0926.com\Application\Runtime\Cache\Back\34455927591556e07a05a1b00b8762b9.php 第 95 行.
NOTIC: [8] Undefined variable: v D:\phpStudy\WWW\www.shop0926.com\Application\Runtime\Cache\Back\34455927591556e07a05a1b00b8762b9.php 第 96 行.
NOTIC: [8] Undefined variable: v D:\phpStudy\WWW\www.shop0926.com\Application\Runtime\Cache\Back\34455927591556e07a05a1b00b8762b9.php 第 97 行.
NOTIC: [8] Undefined variable: v D:\phpStudy\WWW\www.shop0926.com\Application\Runtime\Cache\Back\34455927591556e07a05a1b00b8762b9.php 第 98 行.
NOTIC: [8] Undefined variable: v D:\phpStudy\WWW\www.shop0926.com\Application\Runtime\Cache\Back\34455927591556e07a05a1b00b8762b9.php 第 99 行.
NOTIC: [8] Undefined variable: v D:\phpStudy\WWW\www.shop0926.com\Application\Runtime\Cache\Back\34455927591556e07a05a1b00b8762b9.php 第 100 行.
NOTIC: [8] Use of undefined constant 下架 - assumed '下架' D:\phpStudy\WWW\www.shop0926.com\Application\Runtime\Cache\Back\34455927591556e07a05a1b00b8762b9.php 第 100 行.
NOTIC: [8] Undefined variable: v D:\phpStudy\WWW\www.shop0926.com\Application\Runtime\Cache\Back\34455927591556e07a05a1b00b8762b9.php 第 101 行.
NOTIC: [8] Use of undefined constant 未删除 - assumed '未删除' D:\phpStudy\WWW\www.shop0926.com\Application\Runtime\Cache\Back\34455927591556e07a05a1b00b8762b9.php 第 101 行.
NOTIC: [8] Undefined variable: v D:\phpStudy\WWW\www.shop0926.com\Application\Runtime\Cache\Back\34455927591556e07a05a1b00b8762b9.php 第 102 行.
NOTIC: [8] Undefined variable: v D:\phpStudy\WWW\www.shop0926.com\Application\Runtime\Cache\Back\34455927591556e07a05a1b00b8762b9.php 第 103 行.
NOTIC: [8] Undefined variable: v D:\phpStudy\WWW\www.shop0926.com\Application\Runtime\Cache\Back\34455927591556e07a05a1b00b8762b9.php 第 104 行.
INFO: Run Behavior\ParseTemplateBehavior [ RunTime:0.027458s ]
INFO: [ view_parse ] --END-- [ RunTime:0.027563s ]
INFO: [ view_filter ] --START--
INFO: Run Behavior\WriteHtmlCacheBehavior [ RunTime:0.003613s ]
INFO: [ view_filter ] --END-- [ RunTime:0.003718s ]
INFO: [ app_end ] --START--
INFO: Run Behavior\ShowPageTraceBehavior [ RunTime:0.004890s ]
INFO: [ app_end ] --END-- [ RunTime:0.005040s ]

[ 2018-09-29T10:49:13+08:00 ] 127.0.0.1 /index.php/Back/Goods/showList
INFO: [ app_init ] --START--
INFO: Run Behavior\BuildLiteBehavior [ RunTime:0.000017s ]
INFO: [ app_init ] --END-- [ RunTime:0.001133s ]
INFO: [ app_begin ] --START--
INFO: Run Behavior\ReadHtmlCacheBehavior [ RunTime:0.001005s ]
INFO: [ app_begin ] --END-- [ RunTime:0.001054s ]
SQL: SHOW COLUMNS FROM `shop0926_goods` [ RunTime:0.0583s ]
SQL: SELECT COUNT(*) AS tp_count FROM `shop0926_goods` LIMIT 1   [ RunTime:0.0006s ]
SQL: SELECT * FROM `shop0926_goods` ORDER BY goods_id asc LIMIT 0,5   [ RunTime:0.0011s ]
INFO: [ view_parse ] --START--
INFO: [ template_filter ] --START--
INFO: Run Behavior\ContentReplaceBehavior [ RunTime:0.000151s ]
INFO: [ template_filter ] --END-- [ RunTime:0.000255s ]
NOTIC: [8] Undefined index: id D:\phpStudy\WWW\www.shop0926.com\Application\Runtime\Cache\Back\34455927591556e07a05a1b00b8762b9.php 第 92 行.
NOTIC: [8] Use of undefined constant 未删除 - assumed '未删除' D:\phpStudy\WWW\www.shop0926.com\Application\Runtime\Cache\Back\34455927591556e07a05a1b00b8762b9.php 第 101 行.
INFO: Run Behavior\ParseTemplateBehavior [ RunTime:0.023736s ]
INFO: [ view_parse ] --END-- [ RunTime:0.023846s ]
INFO: [ view_filter ] --START--
INFO: Run Behavior\WriteHtmlCacheBehavior [ RunTime:0.001894s ]
INFO: [ view_filter ] --END-- [ RunTime:0.001984s ]
INFO: [ app_end ] --START--
INFO: Run Behavior\ShowPageTraceBehavior [ RunTime:0.002514s ]
INFO: [ app_end ] --END-- [ RunTime:0.002615s ]

[ 2018-09-29T10:49:43+08:00 ] 127.0.0.1 /index.php/Back/Goods/showList
INFO: [ app_init ] --START--
INFO: Run Behavior\BuildLiteBehavior [ RunTime:0.000011s ]
INFO: [ app_init ] --END-- [ RunTime:0.000577s ]
INFO: [ app_begin ] --START--
INFO: Run Behavior\ReadHtmlCacheBehavior [ RunTime:0.001137s ]
INFO: [ app_begin ] --END-- [ RunTime:0.001186s ]
SQL: SHOW COLUMNS FROM `shop0926_goods` [ RunTime:0.0119s ]
SQL: SELECT COUNT(*) AS tp_count FROM `shop0926_goods` LIMIT 1   [ RunTime:0.0006s ]
SQL: SELECT * FROM `shop0926_goods` ORDER BY goods_id asc LIMIT 0,5   [ RunTime:0.0011s ]
INFO: [ view_parse ] --START--
INFO: [ template_filter ] --START--
INFO: Run Behavior\ContentReplaceBehavior [ RunTime:0.000090s ]
INFO: [ template_filter ] --END-- [ RunTime:0.000150s ]

[ 2018-09-29T10:49:49+08:00 ] 127.0.0.1 /index.php/Back/Goods/showList
INFO: [ app_init ] --START--
INFO: Run Behavior\BuildLiteBehavior [ RunTime:0.000013s ]
INFO: [ app_init ] --END-- [ RunTime:0.000591s ]
INFO: [ app_begin ] --START--
INFO: Run Behavior\ReadHtmlCacheBehavior [ RunTime:0.000782s ]
INFO: [ app_begin ] --END-- [ RunTime:0.000827s ]
SQL: SHOW COLUMNS FROM `shop0926_goods` [ RunTime:0.0126s ]
SQL: SELECT COUNT(*) AS tp_count FROM `shop0926_goods` LIMIT 1   [ RunTime:0.0006s ]
SQL: SELECT * FROM `shop0926_goods` ORDER BY goods_id asc LIMIT 0,5   [ RunTime:0.0012s ]
INFO: [ view_parse ] --START--
INFO: [ template_filter ] --START--
INFO: Run Behavior\ContentReplaceBehavior [ RunTime:0.000150s ]
INFO: [ template_filter ] --END-- [ RunTime:0.000254s ]
NOTIC: [8] Undefined index: id D:\phpStudy\WWW\www.shop0926.com\Application\Runtime\Cache\Back\34455927591556e07a05a1b00b8762b9.php 第 92 行.
NOTIC: [8] Use of undefined constant 未删除 - assumed '未删除' D:\phpStudy\WWW\www.shop0926.com\Application\Runtime\Cache\Back\34455927591556e07a05a1b00b8762b9.php 第 101 行.
INFO: Run Behavior\ParseTemplateBehavior [ RunTime:0.021280s ]
INFO: [ view_parse ] --END-- [ RunTime:0.021358s ]
INFO: [ view_filter ] --START--
INFO: Run Behavior\WriteHtmlCacheBehavior [ RunTime:0.000803s ]
INFO: [ view_filter ] --END-- [ RunTime:0.000853s ]
INFO: [ app_end ] --START--
INFO: Run Behavior\ShowPageTraceBehavior [ RunTime:0.001127s ]
INFO: [ app_end ] --END-- [ RunTime:0.001181s ]

[ 2018-09-29T10:49:57+08:00 ] 127.0.0.1 /index.php/Back/Goods/showList
INFO: [ app_init ] --START--
INFO: Run Behavior\BuildLiteBehavior [ RunTime:0.000012s ]
INFO: [ app_init ] --END-- [ RunTime:0.000674s ]
INFO: [ app_begin ] --START--
INFO: Run Behavior\ReadHtmlCacheBehavior [ RunTime:0.000924s ]
INFO: [ app_begin ] --END-- [ RunTime:0.000973s ]
SQL: SHOW COLUMNS FROM `shop0926_goods` [ RunTime:0.0124s ]
SQL: SELECT COUNT(*) AS tp_count FROM `shop0926_goods` LIMIT 1   [ RunTime:0.0007s ]
SQL: SELECT * FROM `shop0926_goods` ORDER BY goods_id asc LIMIT 0,5   [ RunTime:0.0012s ]
INFO: [ view_parse ] --START--
INFO: [ template_filter ] --START--
INFO: Run Behavior\ContentReplaceBehavior [ RunTime:0.000098s ]
INFO: [ template_filter ] --END-- [ RunTime:0.000163s ]
NOTIC: [8] Undefined index: id D:\phpStudy\WWW\www.shop0926.com\Application\Runtime\Cache\Back\34455927591556e07a05a1b00b8762b9.php 第 92 行.
NOTIC: [8] Use of undefined constant 未删除 - assumed '未删除' D:\phpStudy\WWW\www.shop0926.com\Application\Runtime\Cache\Back\34455927591556e07a05a1b00b8762b9.php 第 101 行.
INFO: Run Behavior\ParseTemplateBehavior [ RunTime:0.019716s ]
INFO: [ view_parse ] --END-- [ RunTime:0.019796s ]
INFO: [ view_filter ] --START--
INFO: Run Behavior\WriteHtmlCacheBehavior [ RunTime:0.000891s ]
INFO: [ view_filter ] --END-- [ RunTime:0.000942s ]
INFO: [ app_end ] --START--
INFO: Run Behavior\ShowPageTraceBehavior [ RunTime:0.001294s ]
INFO: [ app_end ] --END-- [ RunTime:0.001349s ]

[ 2018-09-29T10:51:16+08:00 ] 127.0.0.1 /index.php/Back/Goods/showList
INFO: [ app_init ] --START--
INFO: Run Behavior\BuildLiteBehavior [ RunTime:0.000013s ]
INFO: [ app_init ] --END-- [ RunTime:0.000606s ]
INFO: [ app_begin ] --START--
INFO: Run Behavior\ReadHtmlCacheBehavior [ RunTime:0.001289s ]
INFO: [ app_begin ] --END-- [ RunTime:0.001352s ]
SQL: SHOW COLUMNS FROM `shop0926_goods` [ RunTime:0.0125s ]
SQL: SELECT COUNT(*) AS tp_count FROM `shop0926_goods` LIMIT 1   [ RunTime:0.0006s ]
SQL: SELECT * FROM `shop0926_goods` ORDER BY goods_id asc LIMIT 0,5   [ RunTime:0.0012s ]
INFO: [ view_parse ] --START--
INFO: [ template_filter ] --START--
INFO: Run Behavior\ContentReplaceBehavior [ RunTime:0.000088s ]
INFO: [ template_filter ] --END-- [ RunTime:0.000153s ]
NOTIC: [8] Undefined index: id D:\phpStudy\WWW\www.shop0926.com\Application\Runtime\Cache\Back\34455927591556e07a05a1b00b8762b9.php 第 92 行.
NOTIC: [8] Use of undefined constant 未删除 - assumed '未删除' D:\phpStudy\WWW\www.shop0926.com\Application\Runtime\Cache\Back\34455927591556e07a05a1b00b8762b9.php 第 101 行.
NOTIC: [8] Undefined index: id D:\phpStudy\WWW\www.shop0926.com\Application\Runtime\Cache\Back\34455927591556e07a05a1b00b8762b9.php 第 92 行.
NOTIC: [8] Use of undefined constant 未删除 - assumed '未删除' D:\phpStudy\WWW\www.shop0926.com\Application\Runtime\Cache\Back\34455927591556e07a05a1b00b8762b9.php 第 101 行.
NOTIC: [8] Undefined index: id D:\phpStudy\WWW\www.shop0926.com\Application\Runtime\Cache\Back\34455927591556e07a05a1b00b8762b9.php 第 92 行.
NOTIC: [8] Use of undefined constant 未删除 - assumed '未删除' D:\phpStudy\WWW\www.shop0926.com\Application\Runtime\Cache\Back\34455927591556e07a05a1b00b8762b9.php 第 101 行.
NOTIC: [8] Undefined index: id D:\phpStudy\WWW\www.shop0926.com\Application\Runtime\Cache\Back\34455927591556e07a05a1b00b8762b9.php 第 92 行.
NOTIC: [8] Use of undefined constant 未删除 - assumed '未删除' D:\phpStudy\WWW\www.shop0926.com\Application\Runtime\Cache\Back\34455927591556e07a05a1b00b8762b9.php 第 101 行.
NOTIC: [8] Undefined index: id D:\phpStudy\WWW\www.shop0926.com\Application\Runtime\Cache\Back\34455927591556e07a05a1b00b8762b9.php 第 92 行.
NOTIC: [8] Use of undefined constant 未删除 - assumed '未删除' D:\phpStudy\WWW\www.shop0926.com\Application\Runtime\Cache\Back\34455927591556e07a05a1b00b8762b9.php 第 101 行.
INFO: Run Behavior\ParseTemplateBehavior [ RunTime:0.022388s ]
INFO: [ view_parse ] --END-- [ RunTime:0.022473s ]
INFO: [ view_filter ] --START--
INFO: Run Behavior\WriteHtmlCacheBehavior [ RunTime:0.001400s ]
INFO: [ view_filter ] --END-- [ RunTime:0.001485s ]
INFO: [ app_end ] --START--
INFO: Run Behavior\ShowPageTraceBehavior [ RunTime:0.001776s ]
INFO: [ app_end ] --END-- [ RunTime:0.001840s ]

[ 2018-09-29T10:51:19+08:00 ] 127.0.0.1 /index.php/Back/Goods/showList/p/3.html
INFO: [ app_init ] --START--
INFO: Run Behavior\BuildLiteBehavior [ RunTime:0.000013s ]
INFO: [ app_init ] --END-- [ RunTime:0.000688s ]
INFO: [ app_begin ] --START--
INFO: Run Behavior\ReadHtmlCacheBehavior [ RunTime:0.000902s ]
INFO: [ app_begin ] --END-- [ RunTime:0.000947s ]
SQL: SHOW COLUMNS FROM `shop0926_goods` [ RunTime:0.0124s ]
SQL: SELECT COUNT(*) AS tp_count FROM `shop0926_goods` LIMIT 1   [ RunTime:0.0006s ]
SQL: SELECT * FROM `shop0926_goods` ORDER BY goods_id asc LIMIT 10,5   [ RunTime:0.0012s ]
INFO: [ view_parse ] --START--
INFO: [ template_filter ] --START--
INFO: Run Behavior\ContentReplaceBehavior [ RunTime:0.000090s ]
INFO: [ template_filter ] --END-- [ RunTime:0.000149s ]
NOTIC: [8] Undefined index: id D:\phpStudy\WWW\www.shop0926.com\Application\Runtime\Cache\Back\34455927591556e07a05a1b00b8762b9.php 第 92 行.
NOTIC: [8] Use of undefined constant 下架 - assumed '下架' D:\phpStudy\WWW\www.shop0926.com\Application\Runtime\Cache\Back\34455927591556e07a05a1b00b8762b9.php 第 100 行.
NOTIC: [8] Use of undefined constant 未删除 - assumed '未删除' D:\phpStudy\WWW\www.shop0926.com\Application\Runtime\Cache\Back\34455927591556e07a05a1b00b8762b9.php 第 101 行.
NOTIC: [8] Undefined index: id D:\phpStudy\WWW\www.shop0926.com\Application\Runtime\Cache\Back\34455927591556e07a05a1b00b8762b9.php 第 92 行.
NOTIC: [8] Use of undefined constant 未删除 - assumed '未删除' D:\phpStudy\WWW\www.shop0926.com\Application\Runtime\Cache\Back\34455927591556e07a05a1b00b8762b9.php 第 101 行.
NOTIC: [8] Undefined index: id D:\phpStudy\WWW\www.shop0926.com\Application\Runtime\Cache\Back\34455927591556e07a05a1b00b8762b9.php 第 92 行.
NOTIC: [8] Use of undefined constant 下架 - assumed '下架' D:\phpStudy\WWW\www.shop0926.com\Application\Runtime\Cache\Back\34455927591556e07a05a1b00b8762b9.php 第 100 行.
NOTIC: [8] Use of undefined constant 未删除 - assumed '未删除' D:\phpStudy\WWW\www.shop0926.com\Application\Runtime\Cache\Back\34455927591556e07a05a1b00b8762b9.php 第 101 行.
NOTIC: [8] Undefined index: id D:\phpStudy\WWW\www.shop0926.com\Application\Runtime\Cache\Back\34455927591556e07a05a1b00b8762b9.php 第 92 行.
NOTIC: [8] Use of undefined constant 下架 - assumed '下架' D:\phpStudy\WWW\www.shop0926.com\Application\Runtime\Cache\Back\34455927591556e07a05a1b00b8762b9.php 第 100 行.
NOTIC: [8] Use of undefined constant 未删除 - assumed '未删除' D:\phpStudy\WWW\www.shop0926.com\Application\Runtime\Cache\Back\34455927591556e07a05a1b00b8762b9.php 第 101 行.
NOTIC: [8] Undefined index: id D:\phpStudy\WWW\www.shop0926.com\Application\Runtime\Cache\Back\34455927591556e07a05a1b00b8762b9.php 第 92 行.
NOTIC: [8] Use of undefined constant 未删除 - assumed '未删除' D:\phpStudy\WWW\www.shop0926.com\Application\Runtime\Cache\Back\34455927591556e07a05a1b00b8762b9.php 第 101 行.
INFO: Run Behavior\ParseTemplateBehavior [ RunTime:0.019085s ]
INFO: [ view_parse ] --END-- [ RunTime:0.019168s ]
INFO: [ view_filter ] --START--
INFO: Run Behavior\WriteHtmlCacheBehavior [ RunTime:0.001427s ]
INFO: [ view_filter ] --END-- [ RunTime:0.001483s ]
INFO: [ app_end ] --START--
INFO: Run Behavior\ShowPageTraceBehavior [ RunTime:0.002693s ]
INFO: [ app_end ] --END-- [ RunTime:0.002902s ]

