[ 2018-11-05T20:31:44+08:00 ] 127.0.0.1 /index.php/Back/Qz/showlist.html
INFO: [ app_init ] --START--
INFO: Run Behavior\BuildLiteBehavior [ RunTime:0.000034s ]
INFO: [ app_init ] --END-- [ RunTime:0.011839s ]
INFO: [ app_begin ] --START--
INFO: Run Behavior\ReadHtmlCacheBehavior [ RunTime:0.004080s ]
INFO: [ app_begin ] --END-- [ RunTime:0.004212s ]
SQL: SHOW COLUMNS FROM `shop0926_qz1` [ RunTime:0.1389s ]
SQL: SELECT * FROM `shop0926_qz1`  [ RunTime:0.0008s ]
INFO: [ view_parse ] --START--
INFO: [ template_filter ] --START--
INFO: Run Behavior\ContentReplaceBehavior [ RunTime:0.000083s ]
INFO: [ template_filter ] --END-- [ RunTime:0.000194s ]
INFO: Run Behavior\ParseTemplateBehavior [ RunTime:0.102548s ]
INFO: [ view_parse ] --END-- [ RunTime:0.102709s ]
INFO: [ view_filter ] --START--
INFO: Run Behavior\WriteHtmlCacheBehavior [ RunTime:0.161234s ]
INFO: [ view_filter ] --END-- [ RunTime:0.161399s ]
NOTIC: [8] Undefined variable: data D:\phpStudy\WWW\www.shop0926.com\Application\Back\Controller\QzController.class.php 第 48 行.
INFO: [ app_end ] --START--
INFO: Run Behavior\ShowPageTraceBehavior [ RunTime:0.022021s ]
INFO: [ app_end ] --END-- [ RunTime:0.022133s ]

[ 2018-11-05T20:31:46+08:00 ] 127.0.0.1 /index.php/Back/Goods/showlist.html
INFO: [ app_init ] --START--
INFO: Run Behavior\BuildLiteBehavior [ RunTime:0.000025s ]
INFO: [ app_init ] --END-- [ RunTime:0.001306s ]
INFO: [ app_begin ] --START--
INFO: Run Behavior\ReadHtmlCacheBehavior [ RunTime:0.002608s ]
INFO: [ app_begin ] --END-- [ RunTime:0.002708s ]
INFO: [ view_parse ] --START--
INFO: [ template_filter ] --START--
INFO: Run Behavior\ContentReplaceBehavior [ RunTime:0.000283s ]
INFO: [ template_filter ] --END-- [ RunTime:0.000547s ]
INFO: Run Behavior\ParseTemplateBehavior [ RunTime:0.037407s ]
INFO: [ view_parse ] --END-- [ RunTime:0.037540s ]
INFO: [ view_filter ] --START--
INFO: Run Behavior\WriteHtmlCacheBehavior [ RunTime:0.003273s ]
INFO: [ view_filter ] --END-- [ RunTime:0.003418s ]

[ 2018-11-05T20:31:49+08:00 ] 127.0.0.1 /index.php/Back/login/login.html
INFO: [ app_init ] --START--
INFO: Run Behavior\BuildLiteBehavior [ RunTime:0.000021s ]
INFO: [ app_init ] --END-- [ RunTime:0.001209s ]
INFO: [ app_begin ] --START--
INFO: Run Behavior\ReadHtmlCacheBehavior [ RunTime:0.002571s ]
INFO: [ app_begin ] --END-- [ RunTime:0.002662s ]
INFO: [ view_parse ] --START--
INFO: [ template_filter ] --START--
INFO: Run Behavior\ContentReplaceBehavior [ RunTime:0.000101s ]
INFO: [ template_filter ] --END-- [ RunTime:0.000212s ]
INFO: Run Behavior\ParseTemplateBehavior [ RunTime:0.059446s ]
INFO: [ view_parse ] --END-- [ RunTime:0.059573s ]
INFO: [ view_filter ] --START--
INFO: Run Behavior\WriteHtmlCacheBehavior [ RunTime:0.003036s ]
INFO: [ view_filter ] --END-- [ RunTime:0.003134s ]
INFO: [ app_end ] --START--
INFO: Run Behavior\ShowPageTraceBehavior [ RunTime:0.003615s ]
INFO: [ app_end ] --END-- [ RunTime:0.003712s ]

[ 2018-11-05T20:31:49+08:00 ] 127.0.0.1 /index.php/Back/Login/captcha.html
INFO: [ app_init ] --START--
INFO: Run Behavior\BuildLiteBehavior [ RunTime:0.000024s ]
INFO: [ app_init ] --END-- [ RunTime:0.001249s ]
INFO: [ app_begin ] --START--
INFO: Run Behavior\ReadHtmlCacheBehavior [ RunTime:0.003289s ]
INFO: [ app_begin ] --END-- [ RunTime:0.003391s ]
INFO: [ app_end ] --START--
INFO: Run Behavior\ShowPageTraceBehavior [ RunTime:0.008070s ]
INFO: [ app_end ] --END-- [ RunTime:0.008272s ]

[ 2018-11-05T20:31:56+08:00 ] 127.0.0.1 /index.php/Back/Login/captcha.html
INFO: [ app_init ] --START--
INFO: Run Behavior\BuildLiteBehavior [ RunTime:0.000029s ]
INFO: [ app_init ] --END-- [ RunTime:0.001505s ]
INFO: [ app_begin ] --START--
INFO: Run Behavior\ReadHtmlCacheBehavior [ RunTime:0.003263s ]
INFO: [ app_begin ] --END-- [ RunTime:0.003378s ]
INFO: [ app_end ] --START--
INFO: Run Behavior\ShowPageTraceBehavior [ RunTime:0.003425s ]
INFO: [ app_end ] --END-- [ RunTime:0.003538s ]

[ 2018-11-05T20:32:01+08:00 ] 127.0.0.1 /index.php/Back/Login/captcha.html
INFO: [ app_init ] --START--
INFO: Run Behavior\BuildLiteBehavior [ RunTime:0.000028s ]
INFO: [ app_init ] --END-- [ RunTime:0.001507s ]
INFO: [ app_begin ] --START--
INFO: Run Behavior\ReadHtmlCacheBehavior [ RunTime:0.003340s ]
INFO: [ app_begin ] --END-- [ RunTime:0.003457s ]
INFO: [ app_end ] --START--
INFO: Run Behavior\ShowPageTraceBehavior [ RunTime:0.003290s ]
INFO: [ app_end ] --END-- [ RunTime:0.003405s ]

[ 2018-11-05T20:32:02+08:00 ] 127.0.0.1 /index.php/Back/Login/captcha.html
INFO: [ app_init ] --START--
INFO: Run Behavior\BuildLiteBehavior [ RunTime:0.000031s ]
INFO: [ app_init ] --END-- [ RunTime:0.001521s ]
INFO: [ app_begin ] --START--
INFO: Run Behavior\ReadHtmlCacheBehavior [ RunTime:0.003243s ]
INFO: [ app_begin ] --END-- [ RunTime:0.003429s ]
INFO: [ app_end ] --START--
INFO: Run Behavior\ShowPageTraceBehavior [ RunTime:0.003471s ]
INFO: [ app_end ] --END-- [ RunTime:0.003588s ]

[ 2018-11-05T20:32:09+08:00 ] 127.0.0.1 /index.php/Back/login/login.html
INFO: [ app_init ] --START--
INFO: Run Behavior\BuildLiteBehavior [ RunTime:0.000023s ]
INFO: [ app_init ] --END-- [ RunTime:0.001270s ]
INFO: [ app_begin ] --START--
INFO: Run Behavior\ReadHtmlCacheBehavior [ RunTime:0.002743s ]
INFO: [ app_begin ] --END-- [ RunTime:0.002836s ]
SQL: SHOW COLUMNS FROM `shop0926_admin` [ RunTime:0.0949s ]
SQL: SELECT * FROM `shop0926_admin` WHERE `admin_name` = 'root' LIMIT 1   [ RunTime:0.0011s ]

[ 2018-11-05T20:32:10+08:00 ] 127.0.0.1 /index.php/Back/Index/index.html
INFO: [ app_init ] --START--
INFO: Run Behavior\BuildLiteBehavior [ RunTime:0.000029s ]
INFO: [ app_init ] --END-- [ RunTime:0.001546s ]
INFO: [ app_begin ] --START--
INFO: Run Behavior\ReadHtmlCacheBehavior [ RunTime:0.003347s ]
INFO: [ app_begin ] --END-- [ RunTime:0.003471s ]
INFO: [ view_parse ] --START--
INFO: [ template_filter ] --START--
INFO: Run Behavior\ContentReplaceBehavior [ RunTime:0.000078s ]
INFO: [ template_filter ] --END-- [ RunTime:0.000198s ]
INFO: Run Behavior\ParseTemplateBehavior [ RunTime:0.032328s ]
INFO: [ view_parse ] --END-- [ RunTime:0.032458s ]
INFO: [ view_filter ] --START--
INFO: Run Behavior\WriteHtmlCacheBehavior [ RunTime:0.002838s ]
INFO: [ view_filter ] --END-- [ RunTime:0.002920s ]
INFO: [ app_end ] --START--
INFO: Run Behavior\ShowPageTraceBehavior [ RunTime:0.003241s ]
INFO: [ app_end ] --END-- [ RunTime:0.003341s ]

[ 2018-11-05T20:32:11+08:00 ] 127.0.0.1 /index.php/Back/Index/left.html
INFO: [ app_init ] --START--
INFO: Run Behavior\BuildLiteBehavior [ RunTime:0.000026s ]
INFO: [ app_init ] --END-- [ RunTime:0.002132s ]
INFO: [ app_begin ] --START--
INFO: Run Behavior\ReadHtmlCacheBehavior [ RunTime:0.001999s ]
INFO: [ app_begin ] --END-- [ RunTime:0.002098s ]
SQL: select * from shop0926_auth  [ RunTime:0.1826s ]
INFO: [ view_parse ] --START--
INFO: [ template_filter ] --START--
INFO: Run Behavior\ContentReplaceBehavior [ RunTime:0.000095s ]
INFO: [ template_filter ] --END-- [ RunTime:0.000196s ]
INFO: Run Behavior\ParseTemplateBehavior [ RunTime:0.071536s ]
INFO: [ view_parse ] --END-- [ RunTime:0.071664s ]
INFO: [ view_filter ] --START--
INFO: Run Behavior\WriteHtmlCacheBehavior [ RunTime:0.001945s ]
INFO: [ view_filter ] --END-- [ RunTime:0.002033s ]
INFO: [ app_end ] --START--
INFO: Run Behavior\ShowPageTraceBehavior [ RunTime:0.002591s ]
INFO: [ app_end ] --END-- [ RunTime:0.002703s ]

[ 2018-11-05T20:32:11+08:00 ] 127.0.0.1 /index.php/Back/Index/head.html
INFO: [ app_init ] --START--
INFO: Run Behavior\BuildLiteBehavior [ RunTime:0.000037s ]
INFO: [ app_init ] --END-- [ RunTime:0.001815s ]
INFO: [ app_begin ] --START--
INFO: Run Behavior\ReadHtmlCacheBehavior [ RunTime:0.002404s ]
INFO: [ app_begin ] --END-- [ RunTime:0.002498s ]
INFO: [ view_parse ] --START--
INFO: [ template_filter ] --START--
INFO: Run Behavior\ContentReplaceBehavior [ RunTime:0.000079s ]
INFO: [ template_filter ] --END-- [ RunTime:0.000200s ]
INFO: Run Behavior\ParseTemplateBehavior [ RunTime:0.053877s ]
INFO: [ view_parse ] --END-- [ RunTime:0.054182s ]
INFO: [ view_filter ] --START--
INFO: Run Behavior\WriteHtmlCacheBehavior [ RunTime:0.003649s ]
INFO: [ view_filter ] --END-- [ RunTime:0.003754s ]
INFO: [ app_end ] --START--
INFO: Run Behavior\ShowPageTraceBehavior [ RunTime:0.003830s ]
INFO: [ app_end ] --END-- [ RunTime:0.003948s ]

[ 2018-11-05T20:32:11+08:00 ] 127.0.0.1 /index.php/Back/Index/right.html
INFO: [ app_init ] --START--
INFO: Run Behavior\BuildLiteBehavior [ RunTime:0.000024s ]
INFO: [ app_init ] --END-- [ RunTime:0.001497s ]
INFO: [ app_begin ] --START--
INFO: Run Behavior\ReadHtmlCacheBehavior [ RunTime:0.003108s ]
INFO: [ app_begin ] --END-- [ RunTime:0.003259s ]
INFO: [ view_parse ] --START--
INFO: [ template_filter ] --START--
INFO: Run Behavior\ContentReplaceBehavior [ RunTime:0.000069s ]
INFO: [ template_filter ] --END-- [ RunTime:0.000157s ]
INFO: Run Behavior\ParseTemplateBehavior [ RunTime:0.053791s ]
INFO: [ view_parse ] --END-- [ RunTime:0.053905s ]
INFO: [ view_filter ] --START--
INFO: Run Behavior\WriteHtmlCacheBehavior [ RunTime:0.001945s ]
INFO: [ view_filter ] --END-- [ RunTime:0.002011s ]
INFO: [ app_end ] --START--
INFO: Run Behavior\ShowPageTraceBehavior [ RunTime:0.002643s ]
INFO: [ app_end ] --END-- [ RunTime:0.002734s ]

[ 2018-11-05T20:32:32+08:00 ] 127.0.0.1 /index.php/Back/Goods/showlist.html
INFO: [ app_init ] --START--
INFO: Run Behavior\BuildLiteBehavior [ RunTime:0.000024s ]
INFO: [ app_init ] --END-- [ RunTime:0.001244s ]
INFO: [ app_begin ] --START--
INFO: Run Behavior\ReadHtmlCacheBehavior [ RunTime:0.002424s ]
INFO: [ app_begin ] --END-- [ RunTime:0.002517s ]
SQL: select count(*) has from shop0926_auth where  module_name="Back" and controller_name = "Goods" and action_name = "showlist"  [ RunTime:0.0007s ]
SQL: SHOW COLUMNS FROM `shop0926_goods` [ RunTime:0.1210s ]
SQL: SELECT COUNT(*) AS tp_count FROM `shop0926_goods` LIMIT 1   [ RunTime:0.0006s ]
SQL: SELECT * FROM `shop0926_goods` ORDER BY goods_id asc LIMIT 0,2   [ RunTime:0.0014s ]
NOTIC: [8] Undefined index: page D:\phpStudy\WWW\www.shop0926.com\Application\Back\Controller\GoodsController.class.php 第 25 行.
INFO: [ view_parse ] --START--
INFO: [ template_filter ] --START--
INFO: Run Behavior\ContentReplaceBehavior [ RunTime:0.000102s ]
INFO: [ template_filter ] --END-- [ RunTime:0.000180s ]
NOTIC: [8] Undefined index: goods_big_logo D:\phpStudy\WWW\www.shop0926.com\Application\Runtime\Cache\Back\117a00a08ba9cd8d25e088ade947e6a0.php 第 90 行.
NOTIC: [8] Undefined index: goods_small_logo D:\phpStudy\WWW\www.shop0926.com\Application\Runtime\Cache\Back\117a00a08ba9cd8d25e088ade947e6a0.php 第 91 行.
NOTIC: [8] Undefined index: goods_price D:\phpStudy\WWW\www.shop0926.com\Application\Runtime\Cache\Back\117a00a08ba9cd8d25e088ade947e6a0.php 第 92 行.
NOTIC: [8] Undefined index: goods_num D:\phpStudy\WWW\www.shop0926.com\Application\Runtime\Cache\Back\117a00a08ba9cd8d25e088ade947e6a0.php 第 93 行.
NOTIC: [8] Undefined index: is_sale D:\phpStudy\WWW\www.shop0926.com\Application\Runtime\Cache\Back\117a00a08ba9cd8d25e088ade947e6a0.php 第 95 行.
NOTIC: [8] Use of undefined constant 下架 - assumed '下架' D:\phpStudy\WWW\www.shop0926.com\Application\Runtime\Cache\Back\117a00a08ba9cd8d25e088ade947e6a0.php 第 95 行.
NOTIC: [8] Use of undefined constant 未删除 - assumed '未删除' D:\phpStudy\WWW\www.shop0926.com\Application\Runtime\Cache\Back\117a00a08ba9cd8d25e088ade947e6a0.php 第 96 行.
NOTIC: [8] Undefined index: goods_add_time D:\phpStudy\WWW\www.shop0926.com\Application\Runtime\Cache\Back\117a00a08ba9cd8d25e088ade947e6a0.php 第 97 行.
NOTIC: [8] Undefined index: goods_big_logo D:\phpStudy\WWW\www.shop0926.com\Application\Runtime\Cache\Back\117a00a08ba9cd8d25e088ade947e6a0.php 第 90 行.
NOTIC: [8] Undefined index: goods_small_logo D:\phpStudy\WWW\www.shop0926.com\Application\Runtime\Cache\Back\117a00a08ba9cd8d25e088ade947e6a0.php 第 91 行.
NOTIC: [8] Undefined index: goods_price D:\phpStudy\WWW\www.shop0926.com\Application\Runtime\Cache\Back\117a00a08ba9cd8d25e088ade947e6a0.php 第 92 行.
NOTIC: [8] Undefined index: goods_num D:\phpStudy\WWW\www.shop0926.com\Application\Runtime\Cache\Back\117a00a08ba9cd8d25e088ade947e6a0.php 第 93 行.
NOTIC: [8] Undefined index: is_sale D:\phpStudy\WWW\www.shop0926.com\Application\Runtime\Cache\Back\117a00a08ba9cd8d25e088ade947e6a0.php 第 95 行.
NOTIC: [8] Use of undefined constant 下架 - assumed '下架' D:\phpStudy\WWW\www.shop0926.com\Application\Runtime\Cache\Back\117a00a08ba9cd8d25e088ade947e6a0.php 第 95 行.
NOTIC: [8] Use of undefined constant 未删除 - assumed '未删除' D:\phpStudy\WWW\www.shop0926.com\Application\Runtime\Cache\Back\117a00a08ba9cd8d25e088ade947e6a0.php 第 96 行.
NOTIC: [8] Undefined index: goods_add_time D:\phpStudy\WWW\www.shop0926.com\Application\Runtime\Cache\Back\117a00a08ba9cd8d25e088ade947e6a0.php 第 97 行.
INFO: Run Behavior\ParseTemplateBehavior [ RunTime:0.025293s ]
INFO: [ view_parse ] --END-- [ RunTime:0.025392s ]
INFO: [ view_filter ] --START--
INFO: Run Behavior\WriteHtmlCacheBehavior [ RunTime:0.002121s ]
INFO: [ view_filter ] --END-- [ RunTime:0.002185s ]
INFO: [ app_end ] --START--
INFO: Run Behavior\ShowPageTraceBehavior [ RunTime:0.002550s ]
INFO: [ app_end ] --END-- [ RunTime:0.002630s ]

[ 2018-11-05T20:32:36+08:00 ] 127.0.0.1 /index.php/Back/Goods/add.html
INFO: [ app_init ] --START--
INFO: Run Behavior\BuildLiteBehavior [ RunTime:0.000024s ]
INFO: [ app_init ] --END-- [ RunTime:0.001342s ]
INFO: [ app_begin ] --START--
INFO: Run Behavior\ReadHtmlCacheBehavior [ RunTime:0.002435s ]
INFO: [ app_begin ] --END-- [ RunTime:0.002523s ]
SQL: select count(*) has from shop0926_auth where  module_name="Back" and controller_name = "Goods" and action_name = "add"  [ RunTime:0.0007s ]
INFO: [ view_parse ] --START--
INFO: [ template_filter ] --START--
INFO: Run Behavior\ContentReplaceBehavior [ RunTime:0.000090s ]
INFO: [ template_filter ] --END-- [ RunTime:0.000207s ]
INFO: Run Behavior\ParseTemplateBehavior [ RunTime:0.202144s ]
INFO: [ view_parse ] --END-- [ RunTime:0.202266s ]
INFO: [ view_filter ] --START--
INFO: Run Behavior\WriteHtmlCacheBehavior [ RunTime:0.002849s ]
INFO: [ view_filter ] --END-- [ RunTime:0.002952s ]
INFO: [ app_end ] --START--
INFO: Run Behavior\ShowPageTraceBehavior [ RunTime:0.003630s ]
INFO: [ app_end ] --END-- [ RunTime:0.003734s ]

[ 2018-11-05T20:33:13+08:00 ] 127.0.0.1 /index.php/Back/Goods/add.html
INFO: [ app_init ] --START--
INFO: Run Behavior\BuildLiteBehavior [ RunTime:0.000022s ]
INFO: [ app_init ] --END-- [ RunTime:0.001264s ]
INFO: [ app_begin ] --START--
INFO: Run Behavior\ReadHtmlCacheBehavior [ RunTime:0.002469s ]
INFO: [ app_begin ] --END-- [ RunTime:0.002558s ]
SQL: select count(*) has from shop0926_auth where  module_name="Back" and controller_name = "Goods" and action_name = "add"  [ RunTime:0.0008s ]
SQL: SHOW COLUMNS FROM `shop0926_goods` [ RunTime:0.0223s ]
SQL: INSERT INTO `shop0926_goods` (`goods_name`) VALUES ('苹果') [ RunTime:0.0014s ]
INFO: [ view_parse ] --START--
INFO: [ template_filter ] --START--
INFO: Run Behavior\ContentReplaceBehavior [ RunTime:0.000085s ]
INFO: [ template_filter ] --END-- [ RunTime:0.000299s ]
INFO: Run Behavior\ParseTemplateBehavior [ RunTime:0.022896s ]
INFO: [ view_parse ] --END-- [ RunTime:0.023137s ]
INFO: [ view_filter ] --START--
INFO: Run Behavior\WriteHtmlCacheBehavior [ RunTime:0.003112s ]
INFO: [ view_filter ] --END-- [ RunTime:0.003210s ]
INFO: [ app_end ] --START--
INFO: Run Behavior\ShowPageTraceBehavior [ RunTime:0.003804s ]
INFO: [ app_end ] --END-- [ RunTime:0.003907s ]

[ 2018-11-05T20:33:15+08:00 ] 127.0.0.1 /index.php/Back/Goods/showList.html
INFO: [ app_init ] --START--
INFO: Run Behavior\BuildLiteBehavior [ RunTime:0.000033s ]
INFO: [ app_init ] --END-- [ RunTime:0.001813s ]
INFO: [ app_begin ] --START--
INFO: Run Behavior\ReadHtmlCacheBehavior [ RunTime:0.003471s ]
INFO: [ app_begin ] --END-- [ RunTime:0.003607s ]
SQL: select count(*) has from shop0926_auth where  module_name="Back" and controller_name = "Goods" and action_name = "showList"  [ RunTime:0.0006s ]
SQL: SHOW COLUMNS FROM `shop0926_goods` [ RunTime:0.0105s ]
SQL: SELECT COUNT(*) AS tp_count FROM `shop0926_goods` LIMIT 1   [ RunTime:0.0004s ]
SQL: SELECT * FROM `shop0926_goods` ORDER BY goods_id asc LIMIT 0,2   [ RunTime:0.0011s ]
NOTIC: [8] Undefined index: page D:\phpStudy\WWW\www.shop0926.com\Application\Back\Controller\GoodsController.class.php 第 25 行.
INFO: [ view_parse ] --START--
INFO: [ template_filter ] --START--
INFO: Run Behavior\ContentReplaceBehavior [ RunTime:0.000104s ]
INFO: [ template_filter ] --END-- [ RunTime:0.000183s ]
NOTIC: [8] Undefined index: goods_big_logo D:\phpStudy\WWW\www.shop0926.com\Application\Runtime\Cache\Back\34455927591556e07a05a1b00b8762b9.php 第 90 行.
NOTIC: [8] Undefined index: goods_small_logo D:\phpStudy\WWW\www.shop0926.com\Application\Runtime\Cache\Back\34455927591556e07a05a1b00b8762b9.php 第 91 行.
NOTIC: [8] Undefined index: goods_price D:\phpStudy\WWW\www.shop0926.com\Application\Runtime\Cache\Back\34455927591556e07a05a1b00b8762b9.php 第 92 行.
NOTIC: [8] Undefined index: goods_num D:\phpStudy\WWW\www.shop0926.com\Application\Runtime\Cache\Back\34455927591556e07a05a1b00b8762b9.php 第 93 行.
NOTIC: [8] Undefined index: is_sale D:\phpStudy\WWW\www.shop0926.com\Application\Runtime\Cache\Back\34455927591556e07a05a1b00b8762b9.php 第 95 行.
NOTIC: [8] Use of undefined constant 下架 - assumed '下架' D:\phpStudy\WWW\www.shop0926.com\Application\Runtime\Cache\Back\34455927591556e07a05a1b00b8762b9.php 第 95 行.
NOTIC: [8] Use of undefined constant 未删除 - assumed '未删除' D:\phpStudy\WWW\www.shop0926.com\Application\Runtime\Cache\Back\34455927591556e07a05a1b00b8762b9.php 第 96 行.
NOTIC: [8] Undefined index: goods_add_time D:\phpStudy\WWW\www.shop0926.com\Application\Runtime\Cache\Back\34455927591556e07a05a1b00b8762b9.php 第 97 行.
NOTIC: [8] Undefined index: goods_big_logo D:\phpStudy\WWW\www.shop0926.com\Application\Runtime\Cache\Back\34455927591556e07a05a1b00b8762b9.php 第 90 行.
NOTIC: [8] Undefined index: goods_small_logo D:\phpStudy\WWW\www.shop0926.com\Application\Runtime\Cache\Back\34455927591556e07a05a1b00b8762b9.php 第 91 行.
NOTIC: [8] Undefined index: goods_price D:\phpStudy\WWW\www.shop0926.com\Application\Runtime\Cache\Back\34455927591556e07a05a1b00b8762b9.php 第 92 行.
NOTIC: [8] Undefined index: goods_num D:\phpStudy\WWW\www.shop0926.com\Application\Runtime\Cache\Back\34455927591556e07a05a1b00b8762b9.php 第 93 行.
NOTIC: [8] Undefined index: is_sale D:\phpStudy\WWW\www.shop0926.com\Application\Runtime\Cache\Back\34455927591556e07a05a1b00b8762b9.php 第 95 行.
NOTIC: [8] Use of undefined constant 下架 - assumed '下架' D:\phpStudy\WWW\www.shop0926.com\Application\Runtime\Cache\Back\34455927591556e07a05a1b00b8762b9.php 第 95 行.
NOTIC: [8] Use of undefined constant 未删除 - assumed '未删除' D:\phpStudy\WWW\www.shop0926.com\Application\Runtime\Cache\Back\34455927591556e07a05a1b00b8762b9.php 第 96 行.
NOTIC: [8] Undefined index: goods_add_time D:\phpStudy\WWW\www.shop0926.com\Application\Runtime\Cache\Back\34455927591556e07a05a1b00b8762b9.php 第 97 行.
INFO: Run Behavior\ParseTemplateBehavior [ RunTime:0.020705s ]
INFO: [ view_parse ] --END-- [ RunTime:0.020778s ]
INFO: [ view_filter ] --START--
INFO: Run Behavior\WriteHtmlCacheBehavior [ RunTime:0.002031s ]
INFO: [ view_filter ] --END-- [ RunTime:0.002140s ]
INFO: [ app_end ] --START--
INFO: Run Behavior\ShowPageTraceBehavior [ RunTime:0.003295s ]
INFO: [ app_end ] --END-- [ RunTime:0.003406s ]

