[ 2018-12-06T08:46:02+08:00 ] 127.0.0.1 /index.php/back/goods/lists
INFO: [ app_init ] --START--
INFO: Run Behavior\BuildLiteBehavior [ RunTime:0.000036s ]
INFO: [ app_init ] --END-- [ RunTime:0.015848s ]
INFO: [ app_begin ] --START--
INFO: Run Behavior\ReadHtmlCacheBehavior [ RunTime:0.002158s ]
INFO: [ app_begin ] --END-- [ RunTime:0.002254s ]
INFO: [ view_parse ] --START--
INFO: [ template_filter ] --START--
INFO: Run Behavior\ContentReplaceBehavior [ RunTime:0.000044s ]
INFO: [ template_filter ] --END-- [ RunTime:0.000165s ]
INFO: Run Behavior\ParseTemplateBehavior [ RunTime:0.062865s ]
INFO: [ view_parse ] --END-- [ RunTime:0.062945s ]
INFO: [ view_filter ] --START--
INFO: Run Behavior\WriteHtmlCacheBehavior [ RunTime:0.006914s ]
INFO: [ view_filter ] --END-- [ RunTime:0.006996s ]

[ 2018-12-06T08:46:04+08:00 ] 127.0.0.1 /index.php/Back/login/login.html
INFO: [ app_init ] --START--
INFO: Run Behavior\BuildLiteBehavior [ RunTime:0.000011s ]
INFO: [ app_init ] --END-- [ RunTime:0.000592s ]
INFO: [ app_begin ] --START--
INFO: Run Behavior\ReadHtmlCacheBehavior [ RunTime:0.001008s ]
INFO: [ app_begin ] --END-- [ RunTime:0.001048s ]
INFO: [ view_parse ] --START--
INFO: [ template_filter ] --START--
INFO: Run Behavior\ContentReplaceBehavior [ RunTime:0.000036s ]
INFO: [ template_filter ] --END-- [ RunTime:0.000077s ]
INFO: Run Behavior\ParseTemplateBehavior [ RunTime:0.010042s ]
INFO: [ view_parse ] --END-- [ RunTime:0.010090s ]
INFO: [ view_filter ] --START--
INFO: Run Behavior\WriteHtmlCacheBehavior [ RunTime:0.000817s ]
INFO: [ view_filter ] --END-- [ RunTime:0.000873s ]
INFO: [ app_end ] --START--
INFO: Run Behavior\ShowPageTraceBehavior [ RunTime:0.017842s ]
INFO: [ app_end ] --END-- [ RunTime:0.017889s ]

[ 2018-12-06T08:46:04+08:00 ] 127.0.0.1 /index.php/Back/Login/captcha.html
INFO: [ app_init ] --START--
INFO: Run Behavior\BuildLiteBehavior [ RunTime:0.000012s ]
INFO: [ app_init ] --END-- [ RunTime:0.000641s ]
INFO: [ app_begin ] --START--
INFO: Run Behavior\ReadHtmlCacheBehavior [ RunTime:0.001147s ]
INFO: [ app_begin ] --END-- [ RunTime:0.001190s ]
INFO: [ app_end ] --START--
INFO: Run Behavior\ShowPageTraceBehavior [ RunTime:0.001356s ]
INFO: [ app_end ] --END-- [ RunTime:0.001447s ]

[ 2018-12-06T08:46:11+08:00 ] 127.0.0.1 /index.php/Back/login/login.html
INFO: [ app_init ] --START--
INFO: Run Behavior\BuildLiteBehavior [ RunTime:0.000012s ]
INFO: [ app_init ] --END-- [ RunTime:0.000517s ]
INFO: [ app_begin ] --START--
INFO: Run Behavior\ReadHtmlCacheBehavior [ RunTime:0.001129s ]
INFO: [ app_begin ] --END-- [ RunTime:0.001168s ]
SQL: SHOW COLUMNS FROM `shop0926_admin` [ RunTime:0.0520s ]
SQL: SELECT * FROM `shop0926_admin` WHERE `admin_name` = 'root' LIMIT 1   [ RunTime:0.0283s ]

[ 2018-12-06T08:46:11+08:00 ] 127.0.0.1 /index.php/Back/Index/index.html
INFO: [ app_init ] --START--
INFO: Run Behavior\BuildLiteBehavior [ RunTime:0.000018s ]
INFO: [ app_init ] --END-- [ RunTime:0.001357s ]
INFO: [ app_begin ] --START--
INFO: Run Behavior\ReadHtmlCacheBehavior [ RunTime:0.001459s ]
INFO: [ app_begin ] --END-- [ RunTime:0.001518s ]
INFO: [ view_parse ] --START--
INFO: [ template_filter ] --START--
INFO: Run Behavior\ContentReplaceBehavior [ RunTime:0.000079s ]
INFO: [ template_filter ] --END-- [ RunTime:0.000190s ]
INFO: Run Behavior\ParseTemplateBehavior [ RunTime:0.047475s ]
INFO: [ view_parse ] --END-- [ RunTime:0.047636s ]
INFO: [ view_filter ] --START--
INFO: Run Behavior\WriteHtmlCacheBehavior [ RunTime:0.002777s ]
INFO: [ view_filter ] --END-- [ RunTime:0.002869s ]
INFO: [ app_end ] --START--
INFO: Run Behavior\ShowPageTraceBehavior [ RunTime:0.003049s ]
INFO: [ app_end ] --END-- [ RunTime:0.003148s ]

[ 2018-12-06T08:46:11+08:00 ] 127.0.0.1 /index.php/Back/Index/head.html
INFO: [ app_init ] --START--
INFO: Run Behavior\BuildLiteBehavior [ RunTime:0.000013s ]
INFO: [ app_init ] --END-- [ RunTime:0.000567s ]
INFO: [ app_begin ] --START--
INFO: Run Behavior\ReadHtmlCacheBehavior [ RunTime:0.002515s ]
INFO: [ app_begin ] --END-- [ RunTime:0.002678s ]
INFO: [ view_parse ] --START--
INFO: [ template_filter ] --START--
INFO: Run Behavior\ContentReplaceBehavior [ RunTime:0.000028s ]
INFO: [ template_filter ] --END-- [ RunTime:0.000069s ]
INFO: Run Behavior\ParseTemplateBehavior [ RunTime:0.089200s ]
INFO: [ view_parse ] --END-- [ RunTime:0.089275s ]
INFO: [ view_filter ] --START--
INFO: Run Behavior\WriteHtmlCacheBehavior [ RunTime:0.002480s ]
INFO: [ view_filter ] --END-- [ RunTime:0.002578s ]
INFO: [ app_end ] --START--
INFO: Run Behavior\ShowPageTraceBehavior [ RunTime:0.002370s ]
INFO: [ app_end ] --END-- [ RunTime:0.002445s ]

[ 2018-12-06T08:46:11+08:00 ] 127.0.0.1 /index.php/Back/Index/left.html
INFO: [ app_init ] --START--
INFO: Run Behavior\BuildLiteBehavior [ RunTime:0.000015s ]
INFO: [ app_init ] --END-- [ RunTime:0.000686s ]
INFO: [ app_begin ] --START--
INFO: Run Behavior\ReadHtmlCacheBehavior [ RunTime:0.001230s ]
INFO: [ app_begin ] --END-- [ RunTime:0.001285s ]
SQL: select * from shop0926_auth  [ RunTime:0.0654s ]
INFO: [ view_parse ] --START--
INFO: [ template_filter ] --START--
INFO: Run Behavior\ContentReplaceBehavior [ RunTime:0.000075s ]
INFO: [ template_filter ] --END-- [ RunTime:0.000126s ]
INFO: Run Behavior\ParseTemplateBehavior [ RunTime:0.042553s ]
INFO: [ view_parse ] --END-- [ RunTime:0.042626s ]
INFO: [ view_filter ] --START--
INFO: Run Behavior\WriteHtmlCacheBehavior [ RunTime:0.001257s ]
INFO: [ view_filter ] --END-- [ RunTime:0.001307s ]
INFO: [ app_end ] --START--
INFO: Run Behavior\ShowPageTraceBehavior [ RunTime:0.001504s ]
INFO: [ app_end ] --END-- [ RunTime:0.001552s ]

[ 2018-12-06T08:46:11+08:00 ] 127.0.0.1 /index.php/Back/Index/right.html
INFO: [ app_init ] --START--
INFO: Run Behavior\BuildLiteBehavior [ RunTime:0.000012s ]
INFO: [ app_init ] --END-- [ RunTime:0.000727s ]
INFO: [ app_begin ] --START--
INFO: Run Behavior\ReadHtmlCacheBehavior [ RunTime:0.001242s ]
INFO: [ app_begin ] --END-- [ RunTime:0.001298s ]
INFO: [ view_parse ] --START--
INFO: [ template_filter ] --START--
INFO: Run Behavior\ContentReplaceBehavior [ RunTime:0.000032s ]
INFO: [ template_filter ] --END-- [ RunTime:0.000072s ]
INFO: Run Behavior\ParseTemplateBehavior [ RunTime:0.020830s ]
INFO: [ view_parse ] --END-- [ RunTime:0.020870s ]
INFO: [ view_filter ] --START--
INFO: Run Behavior\WriteHtmlCacheBehavior [ RunTime:0.000858s ]
INFO: [ view_filter ] --END-- [ RunTime:0.000889s ]
INFO: [ app_end ] --START--
INFO: Run Behavior\ShowPageTraceBehavior [ RunTime:0.001428s ]
INFO: [ app_end ] --END-- [ RunTime:0.001502s ]

[ 2018-12-06T08:46:14+08:00 ] 127.0.0.1 /index.php/Back/Goods/showlist.html
INFO: [ app_init ] --START--
INFO: Run Behavior\BuildLiteBehavior [ RunTime:0.000011s ]
INFO: [ app_init ] --END-- [ RunTime:0.000650s ]
INFO: [ app_begin ] --START--
INFO: Run Behavior\ReadHtmlCacheBehavior [ RunTime:0.000984s ]
INFO: [ app_begin ] --END-- [ RunTime:0.001024s ]
SQL: select count(*) has from shop0926_auth where  module_name="Back" and controller_name = "Goods" and action_name = "showlist"  [ RunTime:0.0003s ]
SQL: SHOW COLUMNS FROM `shop0926_goods` [ RunTime:0.0447s ]
SQL: SELECT COUNT(*) AS tp_count FROM `shop0926_goods` LIMIT 1   [ RunTime:0.0006s ]
SQL: SELECT * FROM `shop0926_goods` ORDER BY goods_id asc LIMIT 0,2   [ RunTime:0.0011s ]
NOTIC: [8] Undefined index: page D:\phpStudy\WWW\www.shop0926.com\Application\Back\Controller\GoodsController.class.php 第 25 行.
INFO: [ view_parse ] --START--
INFO: [ template_filter ] --START--
INFO: Run Behavior\ContentReplaceBehavior [ RunTime:0.000125s ]
INFO: [ template_filter ] --END-- [ RunTime:0.000219s ]
NOTIC: [8] Undefined index: goods_big_logo D:\phpStudy\WWW\www.shop0926.com\Application\Runtime\Cache\Back\117a00a08ba9cd8d25e088ade947e6a0.php 第 90 行.
NOTIC: [8] Undefined index: goods_small_logo D:\phpStudy\WWW\www.shop0926.com\Application\Runtime\Cache\Back\117a00a08ba9cd8d25e088ade947e6a0.php 第 91 行.
NOTIC: [8] Undefined index: goods_price D:\phpStudy\WWW\www.shop0926.com\Application\Runtime\Cache\Back\117a00a08ba9cd8d25e088ade947e6a0.php 第 92 行.
NOTIC: [8] Undefined index: goods_num D:\phpStudy\WWW\www.shop0926.com\Application\Runtime\Cache\Back\117a00a08ba9cd8d25e088ade947e6a0.php 第 93 行.
NOTIC: [8] Undefined index: is_sale D:\phpStudy\WWW\www.shop0926.com\Application\Runtime\Cache\Back\117a00a08ba9cd8d25e088ade947e6a0.php 第 95 行.
NOTIC: [8] Use of undefined constant 下架 - assumed '下架' D:\phpStudy\WWW\www.shop0926.com\Application\Runtime\Cache\Back\117a00a08ba9cd8d25e088ade947e6a0.php 第 95 行.
NOTIC: [8] Use of undefined constant 未删除 - assumed '未删除' D:\phpStudy\WWW\www.shop0926.com\Application\Runtime\Cache\Back\117a00a08ba9cd8d25e088ade947e6a0.php 第 96 行.
NOTIC: [8] Undefined index: goods_add_time D:\phpStudy\WWW\www.shop0926.com\Application\Runtime\Cache\Back\117a00a08ba9cd8d25e088ade947e6a0.php 第 97 行.
NOTIC: [8] Undefined index: goods_big_logo D:\phpStudy\WWW\www.shop0926.com\Application\Runtime\Cache\Back\117a00a08ba9cd8d25e088ade947e6a0.php 第 90 行.
NOTIC: [8] Undefined index: goods_small_logo D:\phpStudy\WWW\www.shop0926.com\Application\Runtime\Cache\Back\117a00a08ba9cd8d25e088ade947e6a0.php 第 91 行.
NOTIC: [8] Undefined index: goods_price D:\phpStudy\WWW\www.shop0926.com\Application\Runtime\Cache\Back\117a00a08ba9cd8d25e088ade947e6a0.php 第 92 行.
NOTIC: [8] Undefined index: goods_num D:\phpStudy\WWW\www.shop0926.com\Application\Runtime\Cache\Back\117a00a08ba9cd8d25e088ade947e6a0.php 第 93 行.
NOTIC: [8] Undefined index: is_sale D:\phpStudy\WWW\www.shop0926.com\Application\Runtime\Cache\Back\117a00a08ba9cd8d25e088ade947e6a0.php 第 95 行.
NOTIC: [8] Use of undefined constant 下架 - assumed '下架' D:\phpStudy\WWW\www.shop0926.com\Application\Runtime\Cache\Back\117a00a08ba9cd8d25e088ade947e6a0.php 第 95 行.
NOTIC: [8] Use of undefined constant 未删除 - assumed '未删除' D:\phpStudy\WWW\www.shop0926.com\Application\Runtime\Cache\Back\117a00a08ba9cd8d25e088ade947e6a0.php 第 96 行.
NOTIC: [8] Undefined index: goods_add_time D:\phpStudy\WWW\www.shop0926.com\Application\Runtime\Cache\Back\117a00a08ba9cd8d25e088ade947e6a0.php 第 97 行.
INFO: Run Behavior\ParseTemplateBehavior [ RunTime:0.058104s ]
INFO: [ view_parse ] --END-- [ RunTime:0.058198s ]
INFO: [ view_filter ] --START--
INFO: Run Behavior\WriteHtmlCacheBehavior [ RunTime:0.002300s ]
INFO: [ view_filter ] --END-- [ RunTime:0.002382s ]
INFO: [ app_end ] --START--
INFO: Run Behavior\ShowPageTraceBehavior [ RunTime:0.003124s ]
INFO: [ app_end ] --END-- [ RunTime:0.003222s ]

[ 2018-12-06T08:46:16+08:00 ] 127.0.0.1 /index.php/Back/Category/showlist.html
INFO: [ app_init ] --START--
INFO: Run Behavior\BuildLiteBehavior [ RunTime:0.000017s ]
INFO: [ app_init ] --END-- [ RunTime:0.000980s ]
INFO: [ app_begin ] --START--
INFO: Run Behavior\ReadHtmlCacheBehavior [ RunTime:0.001005s ]
INFO: [ app_begin ] --END-- [ RunTime:0.001051s ]
ERR: 无法加载控制器:Category

[ 2018-12-06T08:46:18+08:00 ] 127.0.0.1 /index.php/Back/Auth/showlist.html
INFO: [ app_init ] --START--
INFO: Run Behavior\BuildLiteBehavior [ RunTime:0.000011s ]
INFO: [ app_init ] --END-- [ RunTime:0.000494s ]
INFO: [ app_begin ] --START--
INFO: Run Behavior\ReadHtmlCacheBehavior [ RunTime:0.000991s ]
INFO: [ app_begin ] --END-- [ RunTime:0.001030s ]
SQL: select count(*) has from shop0926_auth where  module_name="Back" and controller_name = "Auth" and action_name = "showlist"  [ RunTime:0.0004s ]
SQL: SHOW COLUMNS FROM `shop0926_auth` [ RunTime:0.0048s ]
SQL: SELECT COUNT(*) AS tp_count FROM `shop0926_auth` LIMIT 1   [ RunTime:0.0002s ]
SQL: SELECT * FROM `shop0926_auth`  [ RunTime:0.0004s ]
INFO: [ view_parse ] --START--
INFO: [ template_filter ] --START--
INFO: Run Behavior\ContentReplaceBehavior [ RunTime:0.000044s ]
INFO: [ template_filter ] --END-- [ RunTime:0.000096s ]
INFO: Run Behavior\ParseTemplateBehavior [ RunTime:0.011008s ]
INFO: [ view_parse ] --END-- [ RunTime:0.011046s ]
INFO: [ view_filter ] --START--
INFO: Run Behavior\WriteHtmlCacheBehavior [ RunTime:0.000881s ]
INFO: [ view_filter ] --END-- [ RunTime:0.000914s ]
INFO: [ app_end ] --START--
INFO: Run Behavior\ShowPageTraceBehavior [ RunTime:0.001099s ]
INFO: [ app_end ] --END-- [ RunTime:0.001144s ]

[ 2018-12-06T08:46:25+08:00 ] 127.0.0.1 /index.php/Back/Role/showlist.html
INFO: [ app_init ] --START--
INFO: Run Behavior\BuildLiteBehavior [ RunTime:0.000012s ]
INFO: [ app_init ] --END-- [ RunTime:0.000569s ]
INFO: [ app_begin ] --START--
INFO: Run Behavior\ReadHtmlCacheBehavior [ RunTime:0.002008s ]
INFO: [ app_begin ] --END-- [ RunTime:0.002056s ]
SQL: select count(*) has from shop0926_auth where  module_name="Back" and controller_name = "Role" and action_name = "showlist"  [ RunTime:0.0003s ]
SQL: SHOW COLUMNS FROM `shop0926_role` [ RunTime:0.0437s ]
SQL: SELECT COUNT(*) AS tp_count FROM `shop0926_role` LIMIT 1   [ RunTime:0.0005s ]
SQL: SELECT a.*,GROUP_CONCAT(c.auth_name) auth_name FROM shop0926_role a left join shop0926_role_auth b on a.role_id = b.role_id 
            left join shop0926_auth c on b.auth_id = c.auth_id  GROUP BY a.role_id LIMIT 0,1   [ RunTime:0.0339s ]
INFO: [ view_parse ] --START--
INFO: [ template_filter ] --START--
INFO: Run Behavior\ContentReplaceBehavior [ RunTime:0.000030s ]
INFO: [ template_filter ] --END-- [ RunTime:0.000086s ]
INFO: Run Behavior\ParseTemplateBehavior [ RunTime:0.009562s ]
INFO: [ view_parse ] --END-- [ RunTime:0.009605s ]
INFO: [ view_filter ] --START--
INFO: Run Behavior\WriteHtmlCacheBehavior [ RunTime:0.000838s ]
INFO: [ view_filter ] --END-- [ RunTime:0.000868s ]
INFO: [ app_end ] --START--
INFO: Run Behavior\ShowPageTraceBehavior [ RunTime:0.001065s ]
INFO: [ app_end ] --END-- [ RunTime:0.001096s ]

[ 2018-12-06T08:46:27+08:00 ] 127.0.0.1 /index.php/Back/Admin/showlist.html
INFO: [ app_init ] --START--
INFO: Run Behavior\BuildLiteBehavior [ RunTime:0.000011s ]
INFO: [ app_init ] --END-- [ RunTime:0.000593s ]
INFO: [ app_begin ] --START--
INFO: Run Behavior\ReadHtmlCacheBehavior [ RunTime:0.001269s ]
INFO: [ app_begin ] --END-- [ RunTime:0.001330s ]
SQL: select count(*) has from shop0926_auth where  module_name="Back" and controller_name = "Admin" and action_name = "showlist"  [ RunTime:0.0003s ]
SQL: SHOW COLUMNS FROM `shop0926_admin` [ RunTime:0.0053s ]
SQL: SELECT COUNT(*) AS tp_count FROM `shop0926_admin` LIMIT 1   [ RunTime:0.0003s ]
SQL: SELECT * FROM `shop0926_admin` ORDER BY admin_id desc LIMIT 0,1   [ RunTime:0.0003s ]
INFO: [ view_parse ] --START--
INFO: [ template_filter ] --START--
INFO: Run Behavior\ContentReplaceBehavior [ RunTime:0.000038s ]
INFO: [ template_filter ] --END-- [ RunTime:0.000080s ]
INFO: Run Behavior\ParseTemplateBehavior [ RunTime:0.033993s ]
INFO: [ view_parse ] --END-- [ RunTime:0.034084s ]
INFO: [ view_filter ] --START--
INFO: Run Behavior\WriteHtmlCacheBehavior [ RunTime:0.001109s ]
INFO: [ view_filter ] --END-- [ RunTime:0.001159s ]
INFO: [ app_end ] --START--
INFO: Run Behavior\ShowPageTraceBehavior [ RunTime:0.001022s ]
INFO: [ app_end ] --END-- [ RunTime:0.001055s ]

[ 2018-12-06T08:46:29+08:00 ] 127.0.0.1 /index.php/Back/Admin/showlist/p/2.html
INFO: [ app_init ] --START--
INFO: Run Behavior\BuildLiteBehavior [ RunTime:0.000054s ]
INFO: [ app_init ] --END-- [ RunTime:0.001561s ]
INFO: [ app_begin ] --START--
INFO: Run Behavior\ReadHtmlCacheBehavior [ RunTime:0.001090s ]
INFO: [ app_begin ] --END-- [ RunTime:0.001175s ]
SQL: select count(*) has from shop0926_auth where  module_name="Back" and controller_name = "Admin" and action_name = "showlist"  [ RunTime:0.0003s ]
SQL: SHOW COLUMNS FROM `shop0926_admin` [ RunTime:0.0056s ]
SQL: SELECT COUNT(*) AS tp_count FROM `shop0926_admin` LIMIT 1   [ RunTime:0.0002s ]
SQL: SELECT * FROM `shop0926_admin` ORDER BY admin_id desc LIMIT 1,1   [ RunTime:0.0003s ]
INFO: [ view_parse ] --START--
INFO: [ template_filter ] --START--
INFO: Run Behavior\ContentReplaceBehavior [ RunTime:0.000034s ]
INFO: [ template_filter ] --END-- [ RunTime:0.000073s ]
INFO: Run Behavior\ParseTemplateBehavior [ RunTime:0.010461s ]
INFO: [ view_parse ] --END-- [ RunTime:0.010499s ]
INFO: [ view_filter ] --START--
INFO: Run Behavior\WriteHtmlCacheBehavior [ RunTime:0.000741s ]
INFO: [ view_filter ] --END-- [ RunTime:0.000770s ]
INFO: [ app_end ] --START--
INFO: Run Behavior\ShowPageTraceBehavior [ RunTime:0.000967s ]
INFO: [ app_end ] --END-- [ RunTime:0.000997s ]

[ 2018-12-06T08:46:30+08:00 ] 127.0.0.1 /index.php/Back/Admin/edit/admin_id/2.html
INFO: [ app_init ] --START--
INFO: Run Behavior\BuildLiteBehavior [ RunTime:0.000012s ]
INFO: [ app_init ] --END-- [ RunTime:0.000592s ]
INFO: [ app_begin ] --START--
INFO: Run Behavior\ReadHtmlCacheBehavior [ RunTime:0.000990s ]
INFO: [ app_begin ] --END-- [ RunTime:0.001031s ]
SQL: select count(*) has from shop0926_auth where  module_name="Back" and controller_name = "Admin" and action_name = "edit"  [ RunTime:0.0003s ]
SQL: SHOW COLUMNS FROM `shop0926_admin` [ RunTime:0.0055s ]
SQL: SELECT * FROM `shop0926_admin` WHERE `admin_id` = 2 LIMIT 1   [ RunTime:0.0004s ]
SQL: SHOW COLUMNS FROM `shop0926_role` [ RunTime:0.0055s ]
SQL: SELECT * FROM `shop0926_role`  [ RunTime:0.0003s ]
SQL: SHOW COLUMNS FROM `shop0926_admin_role` [ RunTime:0.0063s ]
SQL: SELECT GROUP_CONCAT(role_id) role_id FROM `shop0926_admin_role` WHERE `admin_id` = 2 LIMIT 1   [ RunTime:0.0003s ]
INFO: [ view_parse ] --START--
INFO: [ template_filter ] --START--
INFO: Run Behavior\ContentReplaceBehavior [ RunTime:0.000072s ]
INFO: [ template_filter ] --END-- [ RunTime:0.000131s ]
INFO: Run Behavior\ParseTemplateBehavior [ RunTime:0.009739s ]
INFO: [ view_parse ] --END-- [ RunTime:0.009785s ]
INFO: [ view_filter ] --START--
INFO: Run Behavior\WriteHtmlCacheBehavior [ RunTime:0.000776s ]
INFO: [ view_filter ] --END-- [ RunTime:0.000806s ]
INFO: [ app_end ] --START--
INFO: Run Behavior\ShowPageTraceBehavior [ RunTime:0.000985s ]
INFO: [ app_end ] --END-- [ RunTime:0.001018s ]

[ 2018-12-06T08:46:35+08:00 ] 127.0.0.1 /index.php/Back/Admin/ajaxUpdateIsUse.html?admin_id=2
INFO: [ app_init ] --START--
INFO: Run Behavior\BuildLiteBehavior [ RunTime:0.000011s ]
INFO: [ app_init ] --END-- [ RunTime:0.000531s ]
INFO: [ app_begin ] --START--
INFO: Run Behavior\ReadHtmlCacheBehavior [ RunTime:0.001000s ]
INFO: [ app_begin ] --END-- [ RunTime:0.001034s ]
SQL: select count(*) has from shop0926_auth where  module_name="Back" and controller_name = "Admin" and action_name = "ajaxUpdateIsUse"  [ RunTime:0.0002s ]
SQL: SHOW COLUMNS FROM `shop0926_admin` [ RunTime:0.0048s ]
SQL: SELECT * FROM `shop0926_admin` WHERE `admin_id` = 2 LIMIT 1   [ RunTime:0.0003s ]
SQL: UPDATE `shop0926_admin` SET `is_use`='0' WHERE `admin_id` = '2' [ RunTime:0.0478s ]
INFO: [ app_end ] --START--
INFO: Run Behavior\ShowPageTraceBehavior [ RunTime:0.002978s ]
INFO: [ app_end ] --END-- [ RunTime:0.003071s ]

[ 2018-12-06T08:46:36+08:00 ] 127.0.0.1 /index.php/Back/Admin/edit/admin_id/2.html
INFO: [ app_init ] --START--
INFO: Run Behavior\BuildLiteBehavior [ RunTime:0.000015s ]
INFO: [ app_init ] --END-- [ RunTime:0.001557s ]
INFO: [ app_begin ] --START--
INFO: Run Behavior\ReadHtmlCacheBehavior [ RunTime:0.001037s ]
INFO: [ app_begin ] --END-- [ RunTime:0.001080s ]
SQL: select count(*) has from shop0926_auth where  module_name="Back" and controller_name = "Admin" and action_name = "edit"  [ RunTime:0.0004s ]
SQL: SHOW COLUMNS FROM `shop0926_admin` [ RunTime:0.0057s ]
SQL: SELECT * FROM `shop0926_admin` WHERE `admin_id` = 2 LIMIT 1   [ RunTime:0.0003s ]
SQL: SHOW COLUMNS FROM `shop0926_role` [ RunTime:0.0048s ]
SQL: SELECT * FROM `shop0926_role`  [ RunTime:0.0003s ]
SQL: SHOW COLUMNS FROM `shop0926_admin_role` [ RunTime:0.0053s ]
SQL: SELECT GROUP_CONCAT(role_id) role_id FROM `shop0926_admin_role` WHERE `admin_id` = 2 LIMIT 1   [ RunTime:0.0002s ]
INFO: [ view_parse ] --START--
INFO: [ template_filter ] --START--
INFO: Run Behavior\ContentReplaceBehavior [ RunTime:0.000037s ]
INFO: [ template_filter ] --END-- [ RunTime:0.000089s ]
INFO: Run Behavior\ParseTemplateBehavior [ RunTime:0.008580s ]
INFO: [ view_parse ] --END-- [ RunTime:0.008621s ]
INFO: [ view_filter ] --START--
INFO: Run Behavior\WriteHtmlCacheBehavior [ RunTime:0.000696s ]
INFO: [ view_filter ] --END-- [ RunTime:0.000725s ]
INFO: [ app_end ] --START--
INFO: Run Behavior\ShowPageTraceBehavior [ RunTime:0.001162s ]
INFO: [ app_end ] --END-- [ RunTime:0.001198s ]

[ 2018-12-06T08:46:45+08:00 ] 127.0.0.1 /index.php/Back/Role/showlist.html
INFO: [ app_init ] --START--
INFO: Run Behavior\BuildLiteBehavior [ RunTime:0.000013s ]
INFO: [ app_init ] --END-- [ RunTime:0.001500s ]
INFO: [ app_begin ] --START--
INFO: Run Behavior\ReadHtmlCacheBehavior [ RunTime:0.002051s ]
INFO: [ app_begin ] --END-- [ RunTime:0.002131s ]
SQL: select count(*) has from shop0926_auth where  module_name="Back" and controller_name = "Role" and action_name = "showlist"  [ RunTime:0.0004s ]
SQL: SHOW COLUMNS FROM `shop0926_role` [ RunTime:0.0070s ]
SQL: SELECT COUNT(*) AS tp_count FROM `shop0926_role` LIMIT 1   [ RunTime:0.0002s ]
SQL: SELECT a.*,GROUP_CONCAT(c.auth_name) auth_name FROM shop0926_role a left join shop0926_role_auth b on a.role_id = b.role_id 
            left join shop0926_auth c on b.auth_id = c.auth_id  GROUP BY a.role_id LIMIT 0,1   [ RunTime:0.0004s ]
INFO: [ view_parse ] --START--
INFO: [ template_filter ] --START--
INFO: Run Behavior\ContentReplaceBehavior [ RunTime:0.000069s ]
INFO: [ template_filter ] --END-- [ RunTime:0.000280s ]
INFO: Run Behavior\ParseTemplateBehavior [ RunTime:0.009508s ]
INFO: [ view_parse ] --END-- [ RunTime:0.009567s ]
INFO: [ view_filter ] --START--
INFO: Run Behavior\WriteHtmlCacheBehavior [ RunTime:0.000883s ]
INFO: [ view_filter ] --END-- [ RunTime:0.000914s ]
INFO: [ app_end ] --START--
INFO: Run Behavior\ShowPageTraceBehavior [ RunTime:0.001151s ]
INFO: [ app_end ] --END-- [ RunTime:0.001182s ]

[ 2018-12-06T08:46:46+08:00 ] 127.0.0.1 /index.php/Back/Auth/showlist.html
INFO: [ app_init ] --START--
INFO: Run Behavior\BuildLiteBehavior [ RunTime:0.000011s ]
INFO: [ app_init ] --END-- [ RunTime:0.000593s ]
INFO: [ app_begin ] --START--
INFO: Run Behavior\ReadHtmlCacheBehavior [ RunTime:0.000991s ]
INFO: [ app_begin ] --END-- [ RunTime:0.001034s ]
SQL: select count(*) has from shop0926_auth where  module_name="Back" and controller_name = "Auth" and action_name = "showlist"  [ RunTime:0.0004s ]
SQL: SHOW COLUMNS FROM `shop0926_auth` [ RunTime:0.0064s ]
SQL: SELECT COUNT(*) AS tp_count FROM `shop0926_auth` LIMIT 1   [ RunTime:0.0002s ]
SQL: SELECT * FROM `shop0926_auth`  [ RunTime:0.0004s ]
INFO: [ view_parse ] --START--
INFO: [ template_filter ] --START--
INFO: Run Behavior\ContentReplaceBehavior [ RunTime:0.000043s ]
INFO: [ template_filter ] --END-- [ RunTime:0.000093s ]
INFO: Run Behavior\ParseTemplateBehavior [ RunTime:0.010281s ]
INFO: [ view_parse ] --END-- [ RunTime:0.010377s ]
INFO: [ view_filter ] --START--
INFO: Run Behavior\WriteHtmlCacheBehavior [ RunTime:0.001083s ]
INFO: [ view_filter ] --END-- [ RunTime:0.001139s ]
INFO: [ app_end ] --START--
INFO: Run Behavior\ShowPageTraceBehavior [ RunTime:0.001141s ]
INFO: [ app_end ] --END-- [ RunTime:0.001184s ]

[ 2018-12-06T08:46:47+08:00 ] 127.0.0.1 /index.php/Back/Admin/showlist.html
INFO: [ app_init ] --START--
INFO: Run Behavior\BuildLiteBehavior [ RunTime:0.000011s ]
INFO: [ app_init ] --END-- [ RunTime:0.000603s ]
INFO: [ app_begin ] --START--
INFO: Run Behavior\ReadHtmlCacheBehavior [ RunTime:0.001005s ]
INFO: [ app_begin ] --END-- [ RunTime:0.001050s ]
SQL: select count(*) has from shop0926_auth where  module_name="Back" and controller_name = "Admin" and action_name = "showlist"  [ RunTime:0.0002s ]
SQL: SHOW COLUMNS FROM `shop0926_admin` [ RunTime:0.0057s ]
SQL: SELECT COUNT(*) AS tp_count FROM `shop0926_admin` LIMIT 1   [ RunTime:0.0003s ]
SQL: SELECT * FROM `shop0926_admin` ORDER BY admin_id desc LIMIT 0,1   [ RunTime:0.0004s ]
INFO: [ view_parse ] --START--
INFO: [ template_filter ] --START--
INFO: Run Behavior\ContentReplaceBehavior [ RunTime:0.000034s ]
INFO: [ template_filter ] --END-- [ RunTime:0.000073s ]
INFO: Run Behavior\ParseTemplateBehavior [ RunTime:0.008950s ]
INFO: [ view_parse ] --END-- [ RunTime:0.008995s ]
INFO: [ view_filter ] --START--
INFO: Run Behavior\WriteHtmlCacheBehavior [ RunTime:0.000843s ]
INFO: [ view_filter ] --END-- [ RunTime:0.000875s ]
INFO: [ app_end ] --START--
INFO: Run Behavior\ShowPageTraceBehavior [ RunTime:0.000964s ]
INFO: [ app_end ] --END-- [ RunTime:0.000995s ]

[ 2018-12-06T08:47:03+08:00 ] 127.0.0.1 /index.php/Back/user/lists
INFO: [ app_init ] --START--
INFO: Run Behavior\BuildLiteBehavior [ RunTime:0.000015s ]
INFO: [ app_init ] --END-- [ RunTime:0.000694s ]
INFO: [ app_begin ] --START--
INFO: Run Behavior\ReadHtmlCacheBehavior [ RunTime:0.001088s ]
INFO: [ app_begin ] --END-- [ RunTime:0.001131s ]
ERR: 无法加载控制器:User

