[ 2018-11-16T13:51:07+08:00 ] 127.0.0.1 /index.php/Back/Qz/showlist.html
INFO: [ app_init ] --START--
INFO: Run Behavior\BuildLiteBehavior [ RunTime:0.000065s ]
INFO: [ app_init ] --END-- [ RunTime:0.142366s ]
INFO: [ app_begin ] --START--
INFO: Run Behavior\ReadHtmlCacheBehavior [ RunTime:0.020315s ]
INFO: [ app_begin ] --END-- [ RunTime:0.020542s ]
SQL: SHOW COLUMNS FROM `shop0926_qz1` [ RunTime:0.0737s ]
SQL: SELECT * FROM `shop0926_qz1`  [ RunTime:0.0007s ]
INFO: [ view_parse ] --START--
INFO: [ template_filter ] --START--
INFO: Run Behavior\ContentReplaceBehavior [ RunTime:0.000085s ]
INFO: [ template_filter ] --END-- [ RunTime:0.000196s ]
INFO: Run Behavior\ParseTemplateBehavior [ RunTime:0.144855s ]
INFO: [ view_parse ] --END-- [ RunTime:0.145025s ]
INFO: [ view_filter ] --START--
INFO: Run Behavior\WriteHtmlCacheBehavior [ RunTime:0.019085s ]
INFO: [ view_filter ] --END-- [ RunTime:0.019188s ]
NOTIC: [8] Undefined variable: data D:\phpStudy\WWW\www.shop0926.com\Application\Back\Controller\QzController.class.php 第 48 行.
INFO: [ app_end ] --START--
INFO: Run Behavior\ShowPageTraceBehavior [ RunTime:0.025472s ]
INFO: [ app_end ] --END-- [ RunTime:0.025587s ]

