[ 2018-10-31T08:22:01+08:00 ] 127.0.0.1 /index.php/back/yk/add
INFO: [ app_init ] --START--
INFO: Run Behavior\BuildLiteBehavior [ RunTime:0.000022s ]
INFO: [ app_init ] --END-- [ RunTime:0.020692s ]
INFO: [ app_begin ] --START--
INFO: Run Behavior\ReadHtmlCacheBehavior [ RunTime:0.034967s ]
INFO: [ app_begin ] --END-- [ RunTime:0.035025s ]
SQL: SHOW COLUMNS FROM `shop0926_yka` [ RunTime:0.1053s ]
INFO: [ view_parse ] --START--
INFO: [ template_filter ] --START--
INFO: Run Behavior\ContentReplaceBehavior [ RunTime:0.000070s ]
INFO: [ template_filter ] --END-- [ RunTime:0.000184s ]
NOTIC: [8] Undefined variable: info D:\phpStudy\WWW\www.shop0926.com\Application\Runtime\Cache\Back\4c71353c135846e557b15eb3e38475c0.php 第 62 行.
NOTIC: [2] Invalid argument supplied for foreach() D:\phpStudy\WWW\www.shop0926.com\Application\Runtime\Cache\Back\4c71353c135846e557b15eb3e38475c0.php 第 62 行.
INFO: Run Behavior\ParseTemplateBehavior [ RunTime:0.097802s ]
INFO: [ view_parse ] --END-- [ RunTime:0.097862s ]
INFO: [ view_filter ] --START--
INFO: Run Behavior\WriteHtmlCacheBehavior [ RunTime:0.017245s ]
INFO: [ view_filter ] --END-- [ RunTime:0.017288s ]
INFO: [ app_end ] --START--
INFO: Run Behavior\ShowPageTraceBehavior [ RunTime:0.021257s ]
INFO: [ app_end ] --END-- [ RunTime:0.021298s ]

[ 2018-10-31T10:06:23+08:00 ] 127.0.0.1 /index.php/back/login/login
INFO: [ app_init ] --START--
INFO: Run Behavior\BuildLiteBehavior [ RunTime:0.000026s ]
INFO: [ app_init ] --END-- [ RunTime:0.001334s ]
INFO: [ app_begin ] --START--
INFO: Run Behavior\ReadHtmlCacheBehavior [ RunTime:0.001930s ]
INFO: [ app_begin ] --END-- [ RunTime:0.002025s ]
INFO: [ view_parse ] --START--
INFO: [ template_filter ] --START--
INFO: Run Behavior\ContentReplaceBehavior [ RunTime:0.000077s ]
INFO: [ template_filter ] --END-- [ RunTime:0.000158s ]
INFO: Run Behavior\ParseTemplateBehavior [ RunTime:0.075861s ]
INFO: [ view_parse ] --END-- [ RunTime:0.075961s ]
INFO: [ view_filter ] --START--
INFO: Run Behavior\WriteHtmlCacheBehavior [ RunTime:0.002494s ]
INFO: [ view_filter ] --END-- [ RunTime:0.002569s ]
INFO: [ app_end ] --START--
INFO: Run Behavior\ShowPageTraceBehavior [ RunTime:0.001961s ]
INFO: [ app_end ] --END-- [ RunTime:0.002037s ]

[ 2018-10-31T10:06:24+08:00 ] 127.0.0.1 /index.php/Back/Login/captcha.html
INFO: [ app_init ] --START--
INFO: Run Behavior\BuildLiteBehavior [ RunTime:0.000025s ]
INFO: [ app_init ] --END-- [ RunTime:0.001045s ]
INFO: [ app_begin ] --START--
INFO: Run Behavior\ReadHtmlCacheBehavior [ RunTime:0.001495s ]
INFO: [ app_begin ] --END-- [ RunTime:0.001585s ]
INFO: [ app_end ] --START--
INFO: Run Behavior\ShowPageTraceBehavior [ RunTime:0.002976s ]
INFO: [ app_end ] --END-- [ RunTime:0.003133s ]

[ 2018-10-31T10:06:31+08:00 ] 127.0.0.1 /index.php/Back/Login/captcha.html
INFO: [ app_init ] --START--
INFO: Run Behavior\BuildLiteBehavior [ RunTime:0.000024s ]
INFO: [ app_init ] --END-- [ RunTime:0.001396s ]
INFO: [ app_begin ] --START--
INFO: Run Behavior\ReadHtmlCacheBehavior [ RunTime:0.001944s ]
INFO: [ app_begin ] --END-- [ RunTime:0.002036s ]
INFO: [ app_end ] --START--
INFO: Run Behavior\ShowPageTraceBehavior [ RunTime:0.002484s ]
INFO: [ app_end ] --END-- [ RunTime:0.002600s ]

[ 2018-10-31T10:06:31+08:00 ] 127.0.0.1 /index.php/Back/Login/captcha.html
INFO: [ app_init ] --START--
INFO: Run Behavior\BuildLiteBehavior [ RunTime:0.000025s ]
INFO: [ app_init ] --END-- [ RunTime:0.001166s ]
INFO: [ app_begin ] --START--
INFO: Run Behavior\ReadHtmlCacheBehavior [ RunTime:0.001536s ]
INFO: [ app_begin ] --END-- [ RunTime:0.001621s ]
INFO: [ app_end ] --START--
INFO: Run Behavior\ShowPageTraceBehavior [ RunTime:0.001778s ]
INFO: [ app_end ] --END-- [ RunTime:0.001868s ]

[ 2018-10-31T10:06:41+08:00 ] 127.0.0.1 /index.php/back/login/login
INFO: [ app_init ] --START--
INFO: Run Behavior\BuildLiteBehavior [ RunTime:0.000023s ]
INFO: [ app_init ] --END-- [ RunTime:0.001233s ]
INFO: [ app_begin ] --START--
INFO: Run Behavior\ReadHtmlCacheBehavior [ RunTime:0.002991s ]
INFO: [ app_begin ] --END-- [ RunTime:0.003086s ]
SQL: SHOW COLUMNS FROM `shop0926_admin` [ RunTime:0.0521s ]
SQL: SELECT * FROM `shop0926_admin` WHERE `admin_name` = 'root' LIMIT 1   [ RunTime:0.0320s ]

[ 2018-10-31T10:06:41+08:00 ] 127.0.0.1 /index.php/Back/Index/index.html
INFO: [ app_init ] --START--
INFO: Run Behavior\BuildLiteBehavior [ RunTime:0.000032s ]
INFO: [ app_init ] --END-- [ RunTime:0.001679s ]
INFO: [ app_begin ] --START--
INFO: Run Behavior\ReadHtmlCacheBehavior [ RunTime:0.002140s ]
INFO: [ app_begin ] --END-- [ RunTime:0.002261s ]
INFO: [ view_parse ] --START--
INFO: [ template_filter ] --START--
INFO: Run Behavior\ContentReplaceBehavior [ RunTime:0.000078s ]
INFO: [ template_filter ] --END-- [ RunTime:0.000206s ]
INFO: Run Behavior\ParseTemplateBehavior [ RunTime:0.041610s ]
INFO: [ view_parse ] --END-- [ RunTime:0.041752s ]
INFO: [ view_filter ] --START--
INFO: Run Behavior\WriteHtmlCacheBehavior [ RunTime:0.001913s ]
INFO: [ view_filter ] --END-- [ RunTime:0.002005s ]
INFO: [ app_end ] --START--
INFO: Run Behavior\ShowPageTraceBehavior [ RunTime:0.002569s ]
INFO: [ app_end ] --END-- [ RunTime:0.002668s ]

[ 2018-10-31T10:06:41+08:00 ] 127.0.0.1 /index.php/Back/Index/head.html
INFO: [ app_init ] --START--
INFO: Run Behavior\BuildLiteBehavior [ RunTime:0.000029s ]
INFO: [ app_init ] --END-- [ RunTime:0.001084s ]
INFO: [ app_begin ] --START--
INFO: Run Behavior\ReadHtmlCacheBehavior [ RunTime:0.001595s ]
INFO: [ app_begin ] --END-- [ RunTime:0.001695s ]
INFO: [ view_parse ] --START--
INFO: [ template_filter ] --START--
INFO: Run Behavior\ContentReplaceBehavior [ RunTime:0.000057s ]
INFO: [ template_filter ] --END-- [ RunTime:0.000144s ]
INFO: Run Behavior\ParseTemplateBehavior [ RunTime:0.015019s ]
INFO: [ view_parse ] --END-- [ RunTime:0.015137s ]
INFO: [ view_filter ] --START--
INFO: Run Behavior\WriteHtmlCacheBehavior [ RunTime:0.001211s ]
INFO: [ view_filter ] --END-- [ RunTime:0.001277s ]
INFO: [ app_end ] --START--
INFO: Run Behavior\ShowPageTraceBehavior [ RunTime:0.002199s ]
INFO: [ app_end ] --END-- [ RunTime:0.002277s ]

[ 2018-10-31T10:06:41+08:00 ] 127.0.0.1 /index.php/Back/Index/right.html
INFO: [ app_init ] --START--
INFO: Run Behavior\BuildLiteBehavior [ RunTime:0.000026s ]
INFO: [ app_init ] --END-- [ RunTime:0.001442s ]
INFO: [ app_begin ] --START--
INFO: Run Behavior\ReadHtmlCacheBehavior [ RunTime:0.002416s ]
INFO: [ app_begin ] --END-- [ RunTime:0.002518s ]
INFO: [ view_parse ] --START--
INFO: [ template_filter ] --START--
INFO: Run Behavior\ContentReplaceBehavior [ RunTime:0.000068s ]
INFO: [ template_filter ] --END-- [ RunTime:0.000153s ]
INFO: Run Behavior\ParseTemplateBehavior [ RunTime:0.017659s ]
INFO: [ view_parse ] --END-- [ RunTime:0.017748s ]
INFO: [ view_filter ] --START--
INFO: Run Behavior\WriteHtmlCacheBehavior [ RunTime:0.001373s ]
INFO: [ view_filter ] --END-- [ RunTime:0.001438s ]
INFO: [ app_end ] --START--
INFO: Run Behavior\ShowPageTraceBehavior [ RunTime:0.001855s ]
INFO: [ app_end ] --END-- [ RunTime:0.001927s ]

[ 2018-10-31T10:06:42+08:00 ] 127.0.0.1 /index.php/Back/Index/left.html
INFO: [ app_init ] --START--
INFO: Run Behavior\BuildLiteBehavior [ RunTime:0.000025s ]
INFO: [ app_init ] --END-- [ RunTime:0.002911s ]
INFO: [ app_begin ] --START--
INFO: Run Behavior\ReadHtmlCacheBehavior [ RunTime:0.002293s ]
INFO: [ app_begin ] --END-- [ RunTime:0.002385s ]
SQL: select * from shop0926_auth  [ RunTime:0.0456s ]
INFO: [ view_parse ] --START--
INFO: [ template_filter ] --START--
INFO: Run Behavior\ContentReplaceBehavior [ RunTime:0.000131s ]
INFO: [ template_filter ] --END-- [ RunTime:0.000334s ]
NOTIC: [8] Undefined index: children D:\phpStudy\WWW\www.shop0926.com\Application\Runtime\Cache\Back\7e8d1ed74cc180c47f5a0a25fad584a3.php 第 79 行.
NOTIC: [2] Invalid argument supplied for foreach() D:\phpStudy\WWW\www.shop0926.com\Application\Runtime\Cache\Back\7e8d1ed74cc180c47f5a0a25fad584a3.php 第 79 行.
INFO: Run Behavior\ParseTemplateBehavior [ RunTime:0.071695s ]
INFO: [ view_parse ] --END-- [ RunTime:0.071838s ]
INFO: [ view_filter ] --START--
INFO: Run Behavior\WriteHtmlCacheBehavior [ RunTime:0.002181s ]
INFO: [ view_filter ] --END-- [ RunTime:0.002275s ]
INFO: [ app_end ] --START--
INFO: Run Behavior\ShowPageTraceBehavior [ RunTime:0.005624s ]
INFO: [ app_end ] --END-- [ RunTime:0.005868s ]

[ 2018-10-31T10:06:46+08:00 ] 127.0.0.1 /index.php/Back/Goods/showlist.html
INFO: [ app_init ] --START--
INFO: Run Behavior\BuildLiteBehavior [ RunTime:0.000024s ]
INFO: [ app_init ] --END-- [ RunTime:0.001140s ]
INFO: [ app_begin ] --START--
INFO: Run Behavior\ReadHtmlCacheBehavior [ RunTime:0.001589s ]
INFO: [ app_begin ] --END-- [ RunTime:0.001679s ]
SQL: select count(*) has from shop0926_auth where  module_name="Back" and controller_name = "Goods" and action_name = "showlist"  [ RunTime:0.1349s ]
SQL: SHOW COLUMNS FROM `shop0926_goods` [ RunTime:0.0639s ]
SQL: SELECT COUNT(*) AS tp_count FROM `shop0926_goods` LIMIT 1   [ RunTime:0.0006s ]
SQL: SELECT * FROM `shop0926_goods` ORDER BY goods_id asc LIMIT 0,2   [ RunTime:0.0013s ]
NOTIC: [8] Undefined index: page D:\phpStudy\WWW\www.shop0926.com\Application\Back\Controller\GoodsController.class.php 第 25 行.
INFO: [ view_parse ] --START--
INFO: [ template_filter ] --START--
INFO: Run Behavior\ContentReplaceBehavior [ RunTime:0.000143s ]
INFO: [ template_filter ] --END-- [ RunTime:0.000252s ]
NOTIC: [8] Undefined index: goods_big_logo D:\phpStudy\WWW\www.shop0926.com\Application\Runtime\Cache\Back\117a00a08ba9cd8d25e088ade947e6a0.php 第 90 行.
NOTIC: [8] Undefined index: goods_small_logo D:\phpStudy\WWW\www.shop0926.com\Application\Runtime\Cache\Back\117a00a08ba9cd8d25e088ade947e6a0.php 第 91 行.
NOTIC: [8] Undefined index: goods_price D:\phpStudy\WWW\www.shop0926.com\Application\Runtime\Cache\Back\117a00a08ba9cd8d25e088ade947e6a0.php 第 92 行.
NOTIC: [8] Undefined index: goods_num D:\phpStudy\WWW\www.shop0926.com\Application\Runtime\Cache\Back\117a00a08ba9cd8d25e088ade947e6a0.php 第 93 行.
NOTIC: [8] Undefined index: is_sale D:\phpStudy\WWW\www.shop0926.com\Application\Runtime\Cache\Back\117a00a08ba9cd8d25e088ade947e6a0.php 第 95 行.
NOTIC: [8] Use of undefined constant 下架 - assumed '下架' D:\phpStudy\WWW\www.shop0926.com\Application\Runtime\Cache\Back\117a00a08ba9cd8d25e088ade947e6a0.php 第 95 行.
NOTIC: [8] Use of undefined constant 未删除 - assumed '未删除' D:\phpStudy\WWW\www.shop0926.com\Application\Runtime\Cache\Back\117a00a08ba9cd8d25e088ade947e6a0.php 第 96 行.
NOTIC: [8] Undefined index: goods_add_time D:\phpStudy\WWW\www.shop0926.com\Application\Runtime\Cache\Back\117a00a08ba9cd8d25e088ade947e6a0.php 第 97 行.
NOTIC: [8] Undefined index: goods_big_logo D:\phpStudy\WWW\www.shop0926.com\Application\Runtime\Cache\Back\117a00a08ba9cd8d25e088ade947e6a0.php 第 90 行.
NOTIC: [8] Undefined index: goods_small_logo D:\phpStudy\WWW\www.shop0926.com\Application\Runtime\Cache\Back\117a00a08ba9cd8d25e088ade947e6a0.php 第 91 行.
NOTIC: [8] Undefined index: goods_price D:\phpStudy\WWW\www.shop0926.com\Application\Runtime\Cache\Back\117a00a08ba9cd8d25e088ade947e6a0.php 第 92 行.
NOTIC: [8] Undefined index: goods_num D:\phpStudy\WWW\www.shop0926.com\Application\Runtime\Cache\Back\117a00a08ba9cd8d25e088ade947e6a0.php 第 93 行.
NOTIC: [8] Undefined index: is_sale D:\phpStudy\WWW\www.shop0926.com\Application\Runtime\Cache\Back\117a00a08ba9cd8d25e088ade947e6a0.php 第 95 行.
NOTIC: [8] Use of undefined constant 下架 - assumed '下架' D:\phpStudy\WWW\www.shop0926.com\Application\Runtime\Cache\Back\117a00a08ba9cd8d25e088ade947e6a0.php 第 95 行.
NOTIC: [8] Use of undefined constant 未删除 - assumed '未删除' D:\phpStudy\WWW\www.shop0926.com\Application\Runtime\Cache\Back\117a00a08ba9cd8d25e088ade947e6a0.php 第 96 行.
NOTIC: [8] Undefined index: goods_add_time D:\phpStudy\WWW\www.shop0926.com\Application\Runtime\Cache\Back\117a00a08ba9cd8d25e088ade947e6a0.php 第 97 行.
INFO: Run Behavior\ParseTemplateBehavior [ RunTime:0.113659s ]
INFO: [ view_parse ] --END-- [ RunTime:0.113775s ]
INFO: [ view_filter ] --START--
INFO: Run Behavior\WriteHtmlCacheBehavior [ RunTime:0.002801s ]
INFO: [ view_filter ] --END-- [ RunTime:0.002927s ]
INFO: [ app_end ] --START--
INFO: Run Behavior\ShowPageTraceBehavior [ RunTime:0.003199s ]
INFO: [ app_end ] --END-- [ RunTime:0.003312s ]

[ 2018-10-31T10:40:47+08:00 ] 127.0.0.1 /index.php/Back/Qz/showlist.html
INFO: [ app_init ] --START--
INFO: Run Behavior\BuildLiteBehavior [ RunTime:0.000024s ]
INFO: [ app_init ] --END-- [ RunTime:0.001249s ]
INFO: [ app_begin ] --START--
INFO: Run Behavior\ReadHtmlCacheBehavior [ RunTime:0.001990s ]
INFO: [ app_begin ] --END-- [ RunTime:0.002084s ]
SQL: SHOW COLUMNS FROM `shop0926_qz1` [ RunTime:0.1539s ]
SQL: SELECT * FROM `shop0926_qz1`  [ RunTime:0.0008s ]
INFO: [ view_parse ] --START--
INFO: [ template_filter ] --START--
INFO: Run Behavior\ContentReplaceBehavior [ RunTime:0.000082s ]
INFO: [ template_filter ] --END-- [ RunTime:0.000190s ]
INFO: Run Behavior\ParseTemplateBehavior [ RunTime:0.043544s ]
INFO: [ view_parse ] --END-- [ RunTime:0.043713s ]
INFO: [ view_filter ] --START--
INFO: Run Behavior\WriteHtmlCacheBehavior [ RunTime:0.002347s ]
INFO: [ view_filter ] --END-- [ RunTime:0.002443s ]
NOTIC: [8] Undefined variable: data D:\phpStudy\WWW\www.shop0926.com\Application\Back\Controller\QzController.class.php 第 48 行.
INFO: [ app_end ] --START--
INFO: Run Behavior\ShowPageTraceBehavior [ RunTime:0.002901s ]
INFO: [ app_end ] --END-- [ RunTime:0.003033s ]

