[ 2018-09-28T09:14:58+08:00 ] 127.0.0.1 /favicon.ico
INFO: [ app_init ] --START--
INFO: Run Behavior\BuildLiteBehavior [ RunTime:0.000014s ]
INFO: [ app_init ] --END-- [ RunTime:0.000601s ]
ERR: 无法加载模块:Favicon

[ 2018-09-28T09:58:32+08:00 ] 127.0.0.1 /shop0926/Back/Public/js/jquery.js
INFO: [ app_init ] --START--
INFO: Run Behavior\BuildLiteBehavior [ RunTime:0.000036s ]
INFO: [ app_init ] --END-- [ RunTime:0.001004s ]
ERR: 无法加载模块:Shop0926

[ 2018-09-28T10:02:48+08:00 ] 127.0.0.1 /shop0926/Back/Public/js/jquery.js
INFO: [ app_init ] --START--
INFO: Run Behavior\BuildLiteBehavior [ RunTime:0.000014s ]
INFO: [ app_init ] --END-- [ RunTime:0.000769s ]
ERR: 无法加载模块:Shop0926

[ 2018-09-28T10:04:14+08:00 ] 127.0.0.1 /shop0926/Back/Public/js/jquery.js
INFO: [ app_init ] --START--
INFO: Run Behavior\BuildLiteBehavior [ RunTime:0.000050s ]
INFO: [ app_init ] --END-- [ RunTime:0.001211s ]
ERR: 无法加载模块:Shop0926

[ 2018-09-28T10:08:04+08:00 ] 127.0.0.1 /shop0926/Back/Public/js/jquery.js
INFO: [ app_init ] --START--
INFO: Run Behavior\BuildLiteBehavior [ RunTime:0.000015s ]
INFO: [ app_init ] --END-- [ RunTime:0.001111s ]
ERR: 无法加载模块:Shop0926

[ 2018-09-28T10:08:11+08:00 ] 127.0.0.1 /shop0926/Back/Public/js/jquery.js
INFO: [ app_init ] --START--
INFO: Run Behavior\BuildLiteBehavior [ RunTime:0.000014s ]
INFO: [ app_init ] --END-- [ RunTime:0.000677s ]
ERR: 无法加载模块:Shop0926

[ 2018-09-28T10:08:28+08:00 ] 127.0.0.1 /shop0926/Back/Public/js/jquery.js
INFO: [ app_init ] --START--
INFO: Run Behavior\BuildLiteBehavior [ RunTime:0.000012s ]
INFO: [ app_init ] --END-- [ RunTime:0.001172s ]
ERR: 无法加载模块:Shop0926

[ 2018-09-28T10:22:21+08:00 ] 127.0.0.1 /shop0926/Back/Public/js/jquery.js
INFO: [ app_init ] --START--
INFO: Run Behavior\BuildLiteBehavior [ RunTime:0.000066s ]
INFO: [ app_init ] --END-- [ RunTime:0.001428s ]
ERR: 无法加载模块:Shop0926

[ 2018-09-28T10:23:19+08:00 ] 127.0.0.1 /shop0926/Back/Public/js/jquery.js
INFO: [ app_init ] --START--
INFO: Run Behavior\BuildLiteBehavior [ RunTime:0.000018s ]
INFO: [ app_init ] --END-- [ RunTime:0.000588s ]
ERR: 无法加载模块:Shop0926

[ 2018-09-28T10:25:42+08:00 ] 127.0.0.1 /shop0926/Back/Public/js/jquery.js
INFO: [ app_init ] --START--
INFO: Run Behavior\BuildLiteBehavior [ RunTime:0.000017s ]
INFO: [ app_init ] --END-- [ RunTime:0.000821s ]
ERR: 无法加载模块:Shop0926

[ 2018-09-28T10:40:16+08:00 ] 127.0.0.1 /shop0926/Back/Public/js/jquery.js
INFO: [ app_init ] --START--
INFO: Run Behavior\BuildLiteBehavior [ RunTime:0.000013s ]
INFO: [ app_init ] --END-- [ RunTime:0.000675s ]
ERR: 无法加载模块:Shop0926

[ 2018-09-28T10:43:04+08:00 ] 127.0.0.1 /shop0926/Back/Public/js/jquery.js
INFO: [ app_init ] --START--
INFO: Run Behavior\BuildLiteBehavior [ RunTime:0.000018s ]
INFO: [ app_init ] --END-- [ RunTime:0.000740s ]
ERR: 无法加载模块:Shop0926

[ 2018-09-28T10:46:02+08:00 ] 127.0.0.1 /shop0926/Back/Public/js/jquery.js
INFO: [ app_init ] --START--
INFO: Run Behavior\BuildLiteBehavior [ RunTime:0.000015s ]
INFO: [ app_init ] --END-- [ RunTime:0.000612s ]
ERR: 无法加载模块:Shop0926

[ 2018-09-28T10:46:21+08:00 ] 127.0.0.1 /shop0926/Back/Public/js/jquery.js
INFO: [ app_init ] --START--
INFO: Run Behavior\BuildLiteBehavior [ RunTime:0.000014s ]
INFO: [ app_init ] --END-- [ RunTime:0.000868s ]
ERR: 无法加载模块:Shop0926

[ 2018-09-28T10:46:23+08:00 ] 127.0.0.1 /shop0926/Back/Public/js/jquery.js
INFO: [ app_init ] --START--
INFO: Run Behavior\BuildLiteBehavior [ RunTime:0.000071s ]
INFO: [ app_init ] --END-- [ RunTime:0.001686s ]
ERR: 无法加载模块:Shop0926

[ 2018-09-28T10:46:43+08:00 ] 127.0.0.1 /shop0926/Back/Public/js/jquery.js
INFO: [ app_init ] --START--
INFO: Run Behavior\BuildLiteBehavior [ RunTime:0.000013s ]
INFO: [ app_init ] --END-- [ RunTime:0.001003s ]
ERR: 无法加载模块:Shop0926

[ 2018-09-28T10:46:46+08:00 ] 127.0.0.1 /shop0926/Back/Public/js/jquery.js
INFO: [ app_init ] --START--
INFO: Run Behavior\BuildLiteBehavior [ RunTime:0.000012s ]
INFO: [ app_init ] --END-- [ RunTime:0.000582s ]
ERR: 无法加载模块:Shop0926

[ 2018-09-28T10:51:18+08:00 ] 127.0.0.1 /shop0926/Back/Public/js/jquery.js
INFO: [ app_init ] --START--
INFO: Run Behavior\BuildLiteBehavior [ RunTime:0.000048s ]
INFO: [ app_init ] --END-- [ RunTime:0.001431s ]
ERR: 无法加载模块:Shop0926

[ 2018-09-28T10:51:20+08:00 ] 127.0.0.1 /shop0926/Back/Public/js/jquery.js
INFO: [ app_init ] --START--
INFO: Run Behavior\BuildLiteBehavior [ RunTime:0.000026s ]
INFO: [ app_init ] --END-- [ RunTime:0.000730s ]
ERR: 无法加载模块:Shop0926

[ 2018-09-28T10:51:22+08:00 ] 127.0.0.1 /shop0926/Back/Public/js/jquery.js
INFO: [ app_init ] --START--
INFO: Run Behavior\BuildLiteBehavior [ RunTime:0.000020s ]
INFO: [ app_init ] --END-- [ RunTime:0.000763s ]
ERR: 无法加载模块:Shop0926

[ 2018-09-28T10:52:26+08:00 ] 127.0.0.1 /shop0926/Back/Public/js/jquery.js
INFO: [ app_init ] --START--
INFO: Run Behavior\BuildLiteBehavior [ RunTime:0.000017s ]
INFO: [ app_init ] --END-- [ RunTime:0.000973s ]
ERR: 无法加载模块:Shop0926

[ 2018-09-28T10:53:06+08:00 ] 127.0.0.1 /shop0926/Back/Public/js/jquery.js
INFO: [ app_init ] --START--
INFO: Run Behavior\BuildLiteBehavior [ RunTime:0.000022s ]
INFO: [ app_init ] --END-- [ RunTime:0.000660s ]
ERR: 无法加载模块:Shop0926

[ 2018-09-28T11:02:52+08:00 ] 127.0.0.1 /shop0926/Back/Public/js/jquery.js
INFO: [ app_init ] --START--
INFO: Run Behavior\BuildLiteBehavior [ RunTime:0.000012s ]
INFO: [ app_init ] --END-- [ RunTime:0.000586s ]
ERR: 无法加载模块:Shop0926

[ 2018-09-28T11:03:03+08:00 ] 127.0.0.1 /shop0926/Back/Public/js/jquery.js
INFO: [ app_init ] --START--
INFO: Run Behavior\BuildLiteBehavior [ RunTime:0.000012s ]
INFO: [ app_init ] --END-- [ RunTime:0.000935s ]
ERR: 无法加载模块:Shop0926

[ 2018-09-28T11:03:08+08:00 ] 127.0.0.1 /shop0926/Back/Public/js/jquery.js
INFO: [ app_init ] --START--
INFO: Run Behavior\BuildLiteBehavior [ RunTime:0.000013s ]
INFO: [ app_init ] --END-- [ RunTime:0.000740s ]
ERR: 无法加载模块:Shop0926

[ 2018-09-28T11:03:44+08:00 ] 127.0.0.1 /shop0926/Back/Public/js/jquery.js
INFO: [ app_init ] --START--
INFO: Run Behavior\BuildLiteBehavior [ RunTime:0.000024s ]
INFO: [ app_init ] --END-- [ RunTime:0.000949s ]
ERR: 无法加载模块:Shop0926

[ 2018-09-28T11:03:59+08:00 ] 127.0.0.1 /shop0926/Back/Public/js/jquery.js
INFO: [ app_init ] --START--
INFO: Run Behavior\BuildLiteBehavior [ RunTime:0.000048s ]
INFO: [ app_init ] --END-- [ RunTime:0.001210s ]
ERR: 无法加载模块:Shop0926

[ 2018-09-28T11:12:39+08:00 ] 127.0.0.1 /shop0926/Back/Public/js/jquery.js
INFO: [ app_init ] --START--
INFO: Run Behavior\BuildLiteBehavior [ RunTime:0.000012s ]
INFO: [ app_init ] --END-- [ RunTime:0.000582s ]
ERR: 无法加载模块:Shop0926

[ 2018-09-28T11:15:52+08:00 ] 127.0.0.1 /shop0926/Back/Public/js/jquery.js
INFO: [ app_init ] --START--
INFO: Run Behavior\BuildLiteBehavior [ RunTime:0.000013s ]
INFO: [ app_init ] --END-- [ RunTime:0.000845s ]
ERR: 无法加载模块:Shop0926

[ 2018-09-28T11:16:15+08:00 ] 127.0.0.1 /shop0926/Back/Public/js/jquery.js
INFO: [ app_init ] --START--
INFO: Run Behavior\BuildLiteBehavior [ RunTime:0.000016s ]
INFO: [ app_init ] --END-- [ RunTime:0.000778s ]
ERR: 无法加载模块:Shop0926

[ 2018-09-28T11:16:26+08:00 ] 127.0.0.1 /shop0926/Back/Public/js/jquery.js
INFO: [ app_init ] --START--
INFO: Run Behavior\BuildLiteBehavior [ RunTime:0.000031s ]
INFO: [ app_init ] --END-- [ RunTime:0.000894s ]
ERR: 无法加载模块:Shop0926

[ 2018-09-28T11:16:30+08:00 ] 127.0.0.1 /shop0926/Back/Public/js/jquery.js
INFO: [ app_init ] --START--
INFO: Run Behavior\BuildLiteBehavior [ RunTime:0.000015s ]
INFO: [ app_init ] --END-- [ RunTime:0.001823s ]
ERR: 无法加载模块:Shop0926

[ 2018-09-28T11:37:11+08:00 ] 127.0.0.1 /shop0926/Back/Public/js/jquery.js
INFO: [ app_init ] --START--
INFO: Run Behavior\BuildLiteBehavior [ RunTime:0.000037s ]
INFO: [ app_init ] --END-- [ RunTime:0.000939s ]
ERR: 无法加载模块:Shop0926

[ 2018-09-28T11:37:32+08:00 ] 127.0.0.1 /shop0926/Back/Public/js/jquery.js
INFO: [ app_init ] --START--
INFO: Run Behavior\BuildLiteBehavior [ RunTime:0.000014s ]
INFO: [ app_init ] --END-- [ RunTime:0.000761s ]
ERR: 无法加载模块:Shop0926

[ 2018-09-28T14:31:31+08:00 ] 127.0.0.1 /shop0926/Back/Public/js/jquery.js
INFO: [ app_init ] --START--
INFO: Run Behavior\BuildLiteBehavior [ RunTime:0.000013s ]
INFO: [ app_init ] --END-- [ RunTime:0.000570s ]
ERR: 无法加载模块:Shop0926

[ 2018-09-28T14:31:31+08:00 ] 127.0.0.1 /favicon.ico
INFO: [ app_init ] --START--
INFO: Run Behavior\BuildLiteBehavior [ RunTime:0.000011s ]
INFO: [ app_init ] --END-- [ RunTime:0.000566s ]
ERR: 无法加载模块:Favicon

[ 2018-09-28T14:31:42+08:00 ] 127.0.0.1 /shop0926/Back/Public/js/jquery.js
INFO: [ app_init ] --START--
INFO: Run Behavior\BuildLiteBehavior [ RunTime:0.000014s ]
INFO: [ app_init ] --END-- [ RunTime:0.000769s ]
ERR: 无法加载模块:Shop0926

[ 2018-09-28T14:31:53+08:00 ] 127.0.0.1 /shop0926/Back/Public/js/jquery.js
INFO: [ app_init ] --START--
INFO: Run Behavior\BuildLiteBehavior [ RunTime:0.000121s ]
INFO: [ app_init ] --END-- [ RunTime:0.001516s ]
ERR: 无法加载模块:Shop0926

[ 2018-09-28T14:32:12+08:00 ] 127.0.0.1 /shop0926/Back/Public/js/jquery.js
INFO: [ app_init ] --START--
INFO: Run Behavior\BuildLiteBehavior [ RunTime:0.000014s ]
INFO: [ app_init ] --END-- [ RunTime:0.000574s ]
ERR: 无法加载模块:Shop0926

[ 2018-09-28T14:32:18+08:00 ] 127.0.0.1 /shop0926/Back/Public/js/jquery.js
INFO: [ app_init ] --START--
INFO: Run Behavior\BuildLiteBehavior [ RunTime:0.000020s ]
INFO: [ app_init ] --END-- [ RunTime:0.000871s ]
ERR: 无法加载模块:Shop0926

[ 2018-09-28T14:32:23+08:00 ] 127.0.0.1 /shop0926/Back/Public/js/jquery.js
INFO: [ app_init ] --START--
INFO: Run Behavior\BuildLiteBehavior [ RunTime:0.000022s ]
INFO: [ app_init ] --END-- [ RunTime:0.000920s ]
ERR: 无法加载模块:Shop0926

[ 2018-09-28T14:32:27+08:00 ] 127.0.0.1 /shop0926/Back/Public/js/jquery.js
INFO: [ app_init ] --START--
INFO: Run Behavior\BuildLiteBehavior [ RunTime:0.000014s ]
INFO: [ app_init ] --END-- [ RunTime:0.000545s ]
ERR: 无法加载模块:Shop0926

[ 2018-09-28T14:32:31+08:00 ] 127.0.0.1 /shop0926/Back/Public/js/jquery.js
INFO: [ app_init ] --START--
INFO: Run Behavior\BuildLiteBehavior [ RunTime:0.000038s ]
INFO: [ app_init ] --END-- [ RunTime:0.000920s ]
ERR: 无法加载模块:Shop0926

[ 2018-09-28T14:32:35+08:00 ] 127.0.0.1 /shop0926/Back/Public/js/jquery.js
INFO: [ app_init ] --START--
INFO: Run Behavior\BuildLiteBehavior [ RunTime:0.000025s ]
INFO: [ app_init ] --END-- [ RunTime:0.000999s ]
ERR: 无法加载模块:Shop0926

[ 2018-09-28T14:32:38+08:00 ] 127.0.0.1 /shop0926/Back/Public/js/jquery.js
INFO: [ app_init ] --START--
INFO: Run Behavior\BuildLiteBehavior [ RunTime:0.000012s ]
INFO: [ app_init ] --END-- [ RunTime:0.000538s ]
ERR: 无法加载模块:Shop0926

[ 2018-09-28T14:32:47+08:00 ] 127.0.0.1 /shop0926/Back/Public/js/jquery.js
INFO: [ app_init ] --START--
INFO: Run Behavior\BuildLiteBehavior [ RunTime:0.000055s ]
INFO: [ app_init ] --END-- [ RunTime:0.001284s ]
ERR: 无法加载模块:Shop0926

[ 2018-09-28T14:32:53+08:00 ] 127.0.0.1 /shop0926/Back/Public/js/jquery.js
INFO: [ app_init ] --START--
INFO: Run Behavior\BuildLiteBehavior [ RunTime:0.000034s ]
INFO: [ app_init ] --END-- [ RunTime:0.000799s ]
ERR: 无法加载模块:Shop0926

[ 2018-09-28T14:32:57+08:00 ] 127.0.0.1 /shop0926/Back/Public/js/jquery.js
INFO: [ app_init ] --START--
INFO: Run Behavior\BuildLiteBehavior [ RunTime:0.000016s ]
INFO: [ app_init ] --END-- [ RunTime:0.000618s ]
ERR: 无法加载模块:Shop0926

[ 2018-09-28T14:33:10+08:00 ] 127.0.0.1 /shop0926/Back/Public/js/jquery.js
INFO: [ app_init ] --START--
INFO: Run Behavior\BuildLiteBehavior [ RunTime:0.000020s ]
INFO: [ app_init ] --END-- [ RunTime:0.000857s ]
ERR: 无法加载模块:Shop0926

[ 2018-09-28T14:36:41+08:00 ] 127.0.0.1 /shop0926/Back/Public/js/jquery.js
INFO: [ app_init ] --START--
INFO: Run Behavior\BuildLiteBehavior [ RunTime:0.000015s ]
INFO: [ app_init ] --END-- [ RunTime:0.000687s ]
ERR: 无法加载模块:Shop0926

[ 2018-09-28T14:36:47+08:00 ] 127.0.0.1 /shop0926/Back/Public/js/jquery.js
INFO: [ app_init ] --START--
INFO: Run Behavior\BuildLiteBehavior [ RunTime:0.000047s ]
INFO: [ app_init ] --END-- [ RunTime:0.001262s ]
ERR: 无法加载模块:Shop0926

[ 2018-09-28T14:36:57+08:00 ] 127.0.0.1 /shop0926/Back/Public/js/jquery.js
INFO: [ app_init ] --START--
INFO: Run Behavior\BuildLiteBehavior [ RunTime:0.000012s ]
INFO: [ app_init ] --END-- [ RunTime:0.000829s ]
ERR: 无法加载模块:Shop0926

[ 2018-09-28T14:37:03+08:00 ] 127.0.0.1 /shop0926/Back/Public/js/jquery.js
INFO: [ app_init ] --START--
INFO: Run Behavior\BuildLiteBehavior [ RunTime:0.000036s ]
INFO: [ app_init ] --END-- [ RunTime:0.001010s ]
ERR: 无法加载模块:Shop0926

[ 2018-09-28T14:37:12+08:00 ] 127.0.0.1 /shop0926/Back/Public/js/jquery.js
INFO: [ app_init ] --START--
INFO: Run Behavior\BuildLiteBehavior [ RunTime:0.000012s ]
INFO: [ app_init ] --END-- [ RunTime:0.000584s ]
ERR: 无法加载模块:Shop0926

[ 2018-09-28T14:37:18+08:00 ] 127.0.0.1 /shop0926/Back/Public/js/jquery.js
INFO: [ app_init ] --START--
INFO: Run Behavior\BuildLiteBehavior [ RunTime:0.000012s ]
INFO: [ app_init ] --END-- [ RunTime:0.000548s ]
ERR: 无法加载模块:Shop0926

[ 2018-09-28T14:37:22+08:00 ] 127.0.0.1 /shop0926/Back/Public/js/jquery.js
INFO: [ app_init ] --START--
INFO: Run Behavior\BuildLiteBehavior [ RunTime:0.000033s ]
INFO: [ app_init ] --END-- [ RunTime:0.000917s ]
ERR: 无法加载模块:Shop0926

[ 2018-09-28T14:37:28+08:00 ] 127.0.0.1 /shop0926/Back/Public/js/jquery.js
INFO: [ app_init ] --START--
INFO: Run Behavior\BuildLiteBehavior [ RunTime:0.000019s ]
INFO: [ app_init ] --END-- [ RunTime:0.000656s ]
ERR: 无法加载模块:Shop0926

[ 2018-09-28T14:47:21+08:00 ] 127.0.0.1 /shop0926/Back/Public/js/jquery.js
INFO: [ app_init ] --START--
INFO: Run Behavior\BuildLiteBehavior [ RunTime:0.000014s ]
INFO: [ app_init ] --END-- [ RunTime:0.000731s ]
ERR: 无法加载模块:Shop0926

[ 2018-09-28T14:47:24+08:00 ] 127.0.0.1 /shop0926/Back/Public/js/jquery.js
INFO: [ app_init ] --START--
INFO: Run Behavior\BuildLiteBehavior [ RunTime:0.000015s ]
INFO: [ app_init ] --END-- [ RunTime:0.000646s ]
ERR: 无法加载模块:Shop0926

[ 2018-09-28T14:47:27+08:00 ] 127.0.0.1 /shop0926/Back/Public/js/jquery.js
INFO: [ app_init ] --START--
INFO: Run Behavior\BuildLiteBehavior [ RunTime:0.000022s ]
INFO: [ app_init ] --END-- [ RunTime:0.000771s ]
ERR: 无法加载模块:Shop0926

[ 2018-09-28T14:47:30+08:00 ] 127.0.0.1 /shop0926/Back/Public/js/jquery.js
INFO: [ app_init ] --START--
INFO: Run Behavior\BuildLiteBehavior [ RunTime:0.000025s ]
INFO: [ app_init ] --END-- [ RunTime:0.000722s ]
ERR: 无法加载模块:Shop0926

[ 2018-09-28T14:47:34+08:00 ] 127.0.0.1 /shop0926/Back/Public/js/jquery.js
INFO: [ app_init ] --START--
INFO: Run Behavior\BuildLiteBehavior [ RunTime:0.000016s ]
INFO: [ app_init ] --END-- [ RunTime:0.001764s ]
ERR: 无法加载模块:Shop0926

[ 2018-09-28T15:06:07+08:00 ] 127.0.0.1 /shop0926/Back/Public/js/jquery.js
INFO: [ app_init ] --START--
INFO: Run Behavior\BuildLiteBehavior [ RunTime:0.000022s ]
INFO: [ app_init ] --END-- [ RunTime:0.000745s ]
ERR: 无法加载模块:Shop0926

[ 2018-09-28T15:06:12+08:00 ] 127.0.0.1 /shop0926/Back/Public/js/jquery.js
INFO: [ app_init ] --START--
INFO: Run Behavior\BuildLiteBehavior [ RunTime:0.000063s ]
INFO: [ app_init ] --END-- [ RunTime:0.001076s ]
ERR: 无法加载模块:Shop0926

[ 2018-09-28T15:06:18+08:00 ] 127.0.0.1 /shop0926/Back/Public/js/jquery.js
INFO: [ app_init ] --START--
INFO: Run Behavior\BuildLiteBehavior [ RunTime:0.000018s ]
INFO: [ app_init ] --END-- [ RunTime:0.000736s ]
ERR: 无法加载模块:Shop0926

[ 2018-09-28T15:08:15+08:00 ] 127.0.0.1 /shop0926/Back/Public/js/jquery.js
INFO: [ app_init ] --START--
INFO: Run Behavior\BuildLiteBehavior [ RunTime:0.000031s ]
INFO: [ app_init ] --END-- [ RunTime:0.001058s ]
ERR: 无法加载模块:Shop0926

[ 2018-09-28T15:08:21+08:00 ] 127.0.0.1 /shop0926/Back/Public/js/jquery.js
INFO: [ app_init ] --START--
INFO: Run Behavior\BuildLiteBehavior [ RunTime:0.000021s ]
INFO: [ app_init ] --END-- [ RunTime:0.000722s ]
ERR: 无法加载模块:Shop0926

[ 2018-09-28T15:08:26+08:00 ] 127.0.0.1 /shop0926/Back/Public/js/jquery.js
INFO: [ app_init ] --START--
INFO: Run Behavior\BuildLiteBehavior [ RunTime:0.000028s ]
INFO: [ app_init ] --END-- [ RunTime:0.001032s ]
ERR: 无法加载模块:Shop0926

[ 2018-09-28T15:08:30+08:00 ] 127.0.0.1 /shop0926/Back/Public/js/jquery.js
INFO: [ app_init ] --START--
INFO: Run Behavior\BuildLiteBehavior [ RunTime:0.000016s ]
INFO: [ app_init ] --END-- [ RunTime:0.000665s ]
ERR: 无法加载模块:Shop0926

[ 2018-09-28T15:08:34+08:00 ] 127.0.0.1 /shop0926/Back/Public/js/jquery.js
INFO: [ app_init ] --START--
INFO: Run Behavior\BuildLiteBehavior [ RunTime:0.000044s ]
INFO: [ app_init ] --END-- [ RunTime:0.001154s ]
ERR: 无法加载模块:Shop0926

[ 2018-09-28T15:43:14+08:00 ] 127.0.0.1 /shop0926/Back/Public/js/jquery.js
INFO: [ app_init ] --START--
INFO: Run Behavior\BuildLiteBehavior [ RunTime:0.000029s ]
INFO: [ app_init ] --END-- [ RunTime:0.001988s ]
ERR: 无法加载模块:Shop0926

[ 2018-09-28T15:43:18+08:00 ] 127.0.0.1 /shop0926/Back/Public/js/jquery.js
INFO: [ app_init ] --START--
INFO: Run Behavior\BuildLiteBehavior [ RunTime:0.000025s ]
INFO: [ app_init ] --END-- [ RunTime:0.001207s ]
ERR: 无法加载模块:Shop0926

[ 2018-09-28T15:55:07+08:00 ] 127.0.0.1 /shop0926/Back/Public/js/jquery.js
INFO: [ app_init ] --START--
INFO: Run Behavior\BuildLiteBehavior [ RunTime:0.000022s ]
INFO: [ app_init ] --END-- [ RunTime:0.000790s ]
ERR: 无法加载模块:Shop0926

[ 2018-09-28T15:55:13+08:00 ] 127.0.0.1 /shop0926/Back/Public/js/jquery.js
INFO: [ app_init ] --START--
INFO: Run Behavior\BuildLiteBehavior [ RunTime:0.000019s ]
INFO: [ app_init ] --END-- [ RunTime:0.000690s ]
ERR: 无法加载模块:Shop0926

[ 2018-09-28T15:55:16+08:00 ] 127.0.0.1 /shop0926/Back/Public/js/jquery.js
INFO: [ app_init ] --START--
INFO: Run Behavior\BuildLiteBehavior [ RunTime:0.000063s ]
INFO: [ app_init ] --END-- [ RunTime:0.001048s ]
ERR: 无法加载模块:Shop0926

[ 2018-09-28T15:55:23+08:00 ] 127.0.0.1 /shop0926/Back/Public/js/jquery.js
INFO: [ app_init ] --START--
INFO: Run Behavior\BuildLiteBehavior [ RunTime:0.000037s ]
INFO: [ app_init ] --END-- [ RunTime:0.000748s ]
ERR: 无法加载模块:Shop0926

[ 2018-09-28T15:55:27+08:00 ] 127.0.0.1 /shop0926/Back/Public/js/jquery.js
INFO: [ app_init ] --START--
INFO: Run Behavior\BuildLiteBehavior [ RunTime:0.000014s ]
INFO: [ app_init ] --END-- [ RunTime:0.001047s ]
ERR: 无法加载模块:Shop0926

[ 2018-09-28T15:55:34+08:00 ] 127.0.0.1 /shop0926/Back/Public/js/jquery.js
INFO: [ app_init ] --START--
INFO: Run Behavior\BuildLiteBehavior [ RunTime:0.000017s ]
INFO: [ app_init ] --END-- [ RunTime:0.001076s ]
ERR: 无法加载模块:Shop0926

[ 2018-09-28T15:55:38+08:00 ] 127.0.0.1 /shop0926/Back/Public/js/jquery.js
INFO: [ app_init ] --START--
INFO: Run Behavior\BuildLiteBehavior [ RunTime:0.000017s ]
INFO: [ app_init ] --END-- [ RunTime:0.000930s ]
ERR: 无法加载模块:Shop0926

[ 2018-09-28T15:55:41+08:00 ] 127.0.0.1 /shop0926/Back/Public/js/jquery.js
INFO: [ app_init ] --START--
INFO: Run Behavior\BuildLiteBehavior [ RunTime:0.000032s ]
INFO: [ app_init ] --END-- [ RunTime:0.000878s ]
ERR: 无法加载模块:Shop0926

[ 2018-09-28T15:55:49+08:00 ] 127.0.0.1 /shop0926/Back/Public/js/jquery.js
INFO: [ app_init ] --START--
INFO: Run Behavior\BuildLiteBehavior [ RunTime:0.000013s ]
INFO: [ app_init ] --END-- [ RunTime:0.001530s ]
ERR: 无法加载模块:Shop0926

[ 2018-09-28T15:55:52+08:00 ] 127.0.0.1 /shop0926/Back/Public/js/jquery.js
INFO: [ app_init ] --START--
INFO: Run Behavior\BuildLiteBehavior [ RunTime:0.000021s ]
INFO: [ app_init ] --END-- [ RunTime:0.000696s ]
ERR: 无法加载模块:Shop0926

[ 2018-09-28T15:55:58+08:00 ] 127.0.0.1 /shop0926/Back/Public/js/jquery.js
INFO: [ app_init ] --START--
INFO: Run Behavior\BuildLiteBehavior [ RunTime:0.000013s ]
INFO: [ app_init ] --END-- [ RunTime:0.000705s ]
ERR: 无法加载模块:Shop0926

[ 2018-09-28T16:26:52+08:00 ] 127.0.0.1 /shop0926/Back/Public/js/jquery.js
INFO: [ app_init ] --START--
INFO: Run Behavior\BuildLiteBehavior [ RunTime:0.000020s ]
INFO: [ app_init ] --END-- [ RunTime:0.000967s ]
ERR: 无法加载模块:Shop0926

[ 2018-09-28T16:26:57+08:00 ] 127.0.0.1 /shop0926/Back/Public/js/jquery.js
INFO: [ app_init ] --START--
INFO: Run Behavior\BuildLiteBehavior [ RunTime:0.000032s ]
INFO: [ app_init ] --END-- [ RunTime:0.000800s ]
ERR: 无法加载模块:Shop0926

[ 2018-09-28T16:27:01+08:00 ] 127.0.0.1 /shop0926/Back/Public/js/jquery.js
INFO: [ app_init ] --START--
INFO: Run Behavior\BuildLiteBehavior [ RunTime:0.000014s ]
INFO: [ app_init ] --END-- [ RunTime:0.000847s ]
ERR: 无法加载模块:Shop0926

[ 2018-09-28T16:27:05+08:00 ] 127.0.0.1 /shop0926/Back/Public/js/jquery.js
INFO: [ app_init ] --START--
INFO: Run Behavior\BuildLiteBehavior [ RunTime:0.000015s ]
INFO: [ app_init ] --END-- [ RunTime:0.000912s ]
ERR: 无法加载模块:Shop0926

[ 2018-09-28T16:27:13+08:00 ] 127.0.0.1 /shop0926/Back/Public/js/jquery.js
INFO: [ app_init ] --START--
INFO: Run Behavior\BuildLiteBehavior [ RunTime:0.000013s ]
INFO: [ app_init ] --END-- [ RunTime:0.001023s ]
ERR: 无法加载模块:Shop0926

[ 2018-09-28T16:27:17+08:00 ] 127.0.0.1 /shop0926/Back/Public/js/jquery.js
INFO: [ app_init ] --START--
INFO: Run Behavior\BuildLiteBehavior [ RunTime:0.000017s ]
INFO: [ app_init ] --END-- [ RunTime:0.001312s ]
ERR: 无法加载模块:Shop0926

[ 2018-09-28T16:27:19+08:00 ] 127.0.0.1 /shop0926/Back/Public/js/jquery.js
INFO: [ app_init ] --START--
INFO: Run Behavior\BuildLiteBehavior [ RunTime:0.000011s ]
INFO: [ app_init ] --END-- [ RunTime:0.000558s ]
ERR: 无法加载模块:Shop0926

[ 2018-09-28T16:27:22+08:00 ] 127.0.0.1 /shop0926/Back/Public/js/jquery.js
INFO: [ app_init ] --START--
INFO: Run Behavior\BuildLiteBehavior [ RunTime:0.000015s ]
INFO: [ app_init ] --END-- [ RunTime:0.000619s ]
ERR: 无法加载模块:Shop0926

[ 2018-09-28T16:35:33+08:00 ] 127.0.0.1 /shop0926/Back/Public/js/jquery.js
INFO: [ app_init ] --START--
INFO: Run Behavior\BuildLiteBehavior [ RunTime:0.000012s ]
INFO: [ app_init ] --END-- [ RunTime:0.000672s ]
ERR: 无法加载模块:Shop0926

[ 2018-09-28T16:35:39+08:00 ] 127.0.0.1 /shop0926/Back/Public/js/jquery.js
INFO: [ app_init ] --START--
INFO: Run Behavior\BuildLiteBehavior [ RunTime:0.000016s ]
INFO: [ app_init ] --END-- [ RunTime:0.001059s ]
ERR: 无法加载模块:Shop0926

[ 2018-09-28T16:35:42+08:00 ] 127.0.0.1 /shop0926/Back/Public/js/jquery.js
INFO: [ app_init ] --START--
INFO: Run Behavior\BuildLiteBehavior [ RunTime:0.000013s ]
INFO: [ app_init ] --END-- [ RunTime:0.000848s ]
ERR: 无法加载模块:Shop0926

[ 2018-09-28T16:35:46+08:00 ] 127.0.0.1 /shop0926/Back/Public/js/jquery.js
INFO: [ app_init ] --START--
INFO: Run Behavior\BuildLiteBehavior [ RunTime:0.000016s ]
INFO: [ app_init ] --END-- [ RunTime:0.000802s ]
ERR: 无法加载模块:Shop0926

[ 2018-09-28T20:24:35+08:00 ] 127.0.0.1 /shop0926/Back/Public/js/jq.js
INFO: [ app_init ] --START--
INFO: Run Behavior\BuildLiteBehavior [ RunTime:0.000011s ]
INFO: [ app_init ] --END-- [ RunTime:0.000716s ]
ERR: 无法加载模块:Shop0926

[ 2018-09-28T20:24:35+08:00 ] 127.0.0.1 /favicon.ico
INFO: [ app_init ] --START--
INFO: Run Behavior\BuildLiteBehavior [ RunTime:0.000011s ]
INFO: [ app_init ] --END-- [ RunTime:0.000577s ]
ERR: 无法加载模块:Favicon

[ 2018-09-28T20:24:49+08:00 ] 127.0.0.1 /shop0926/Back/Public/js/jq.js
INFO: [ app_init ] --START--
INFO: Run Behavior\BuildLiteBehavior [ RunTime:0.000013s ]
INFO: [ app_init ] --END-- [ RunTime:0.000610s ]
ERR: 无法加载模块:Shop0926

[ 2018-09-28T20:25:16+08:00 ] 127.0.0.1 /shop0926/Back/Public/js/jq.js
INFO: [ app_init ] --START--
INFO: Run Behavior\BuildLiteBehavior [ RunTime:0.000013s ]
INFO: [ app_init ] --END-- [ RunTime:0.000597s ]
ERR: 无法加载模块:Shop0926

[ 2018-09-28T20:25:21+08:00 ] 127.0.0.1 /shop0926/Back/Public/js/jq.js
INFO: [ app_init ] --START--
INFO: Run Behavior\BuildLiteBehavior [ RunTime:0.000013s ]
INFO: [ app_init ] --END-- [ RunTime:0.000586s ]
ERR: 无法加载模块:Shop0926

[ 2018-09-28T20:25:25+08:00 ] 127.0.0.1 /shop0926/Back/Public/js/jq.js
INFO: [ app_init ] --START--
INFO: Run Behavior\BuildLiteBehavior [ RunTime:0.000048s ]
INFO: [ app_init ] --END-- [ RunTime:0.000944s ]
ERR: 无法加载模块:Shop0926

[ 2018-09-28T20:26:28+08:00 ] 127.0.0.1 /shop0926/Back/Public/js/jq.js
INFO: [ app_init ] --START--
INFO: Run Behavior\BuildLiteBehavior [ RunTime:0.000016s ]
INFO: [ app_init ] --END-- [ RunTime:0.000741s ]
ERR: 无法加载模块:Shop0926

[ 2018-09-28T20:26:44+08:00 ] 127.0.0.1 /shop0926/Back/Public/js/jq.js
INFO: [ app_init ] --START--
INFO: Run Behavior\BuildLiteBehavior [ RunTime:0.000011s ]
INFO: [ app_init ] --END-- [ RunTime:0.000617s ]
ERR: 无法加载模块:Shop0926

[ 2018-09-28T20:27:54+08:00 ] 127.0.0.1 /shop0926/Back/Public/js/jq.js
INFO: [ app_init ] --START--
INFO: Run Behavior\BuildLiteBehavior [ RunTime:0.000015s ]
INFO: [ app_init ] --END-- [ RunTime:0.000738s ]
ERR: 无法加载模块:Shop0926

[ 2018-09-28T20:33:43+08:00 ] 127.0.0.1 /shop0926/Back/Public/js/jq.js
INFO: [ app_init ] --START--
INFO: Run Behavior\BuildLiteBehavior [ RunTime:0.000013s ]
INFO: [ app_init ] --END-- [ RunTime:0.000711s ]
ERR: 无法加载模块:Shop0926

[ 2018-09-28T20:33:50+08:00 ] 127.0.0.1 /shop0926/Back/Public/js/jq.js
INFO: [ app_init ] --START--
INFO: Run Behavior\BuildLiteBehavior [ RunTime:0.000012s ]
INFO: [ app_init ] --END-- [ RunTime:0.000611s ]
ERR: 无法加载模块:Shop0926

[ 2018-09-28T20:51:41+08:00 ] 127.0.0.1 /shop0926/Back/Public/js/jq.js
INFO: [ app_init ] --START--
INFO: Run Behavior\BuildLiteBehavior [ RunTime:0.000011s ]
INFO: [ app_init ] --END-- [ RunTime:0.000718s ]
ERR: 无法加载模块:Shop0926

[ 2018-09-28T20:51:45+08:00 ] 127.0.0.1 /shop0926/Back/Public/js/jq.js
INFO: [ app_init ] --START--
INFO: Run Behavior\BuildLiteBehavior [ RunTime:0.000028s ]
INFO: [ app_init ] --END-- [ RunTime:0.001195s ]
ERR: 无法加载模块:Shop0926

[ 2018-09-28T20:51:55+08:00 ] 127.0.0.1 /shop0926/Back/Public/js/jq.js
INFO: [ app_init ] --START--
INFO: Run Behavior\BuildLiteBehavior [ RunTime:0.000012s ]
INFO: [ app_init ] --END-- [ RunTime:0.000650s ]
ERR: 无法加载模块:Shop0926

[ 2018-09-28T20:52:49+08:00 ] 127.0.0.1 /shop0926/Back/Public/js/jq.js
INFO: [ app_init ] --START--
INFO: Run Behavior\BuildLiteBehavior [ RunTime:0.000016s ]
INFO: [ app_init ] --END-- [ RunTime:0.000967s ]
ERR: 无法加载模块:Shop0926

[ 2018-09-28T20:55:45+08:00 ] 127.0.0.1 /shop0926/Back/Public/js/jqS.js
INFO: [ app_init ] --START--
INFO: Run Behavior\BuildLiteBehavior [ RunTime:0.000014s ]
INFO: [ app_init ] --END-- [ RunTime:0.000826s ]
ERR: 无法加载模块:Shop0926

[ 2018-09-28T20:55:49+08:00 ] 127.0.0.1 /shop0926/Back/Public/js/jqS.js
INFO: [ app_init ] --START--
INFO: Run Behavior\BuildLiteBehavior [ RunTime:0.000016s ]
INFO: [ app_init ] --END-- [ RunTime:0.000857s ]
ERR: 无法加载模块:Shop0926

[ 2018-09-28T21:07:28+08:00 ] 127.0.0.1 /shop0926/Back/Public/js/jq.js
INFO: [ app_init ] --START--
INFO: Run Behavior\BuildLiteBehavior [ RunTime:0.000011s ]
INFO: [ app_init ] --END-- [ RunTime:0.000627s ]
ERR: 无法加载模块:Shop0926

[ 2018-09-28T21:08:09+08:00 ] 127.0.0.1 /shop0926/Back/Public/js/jq.js
INFO: [ app_init ] --START--
INFO: Run Behavior\BuildLiteBehavior [ RunTime:0.000012s ]
INFO: [ app_init ] --END-- [ RunTime:0.000551s ]
ERR: 无法加载模块:Shop0926

