[ 2018-09-27T14:36:09+08:00 ] 127.0.0.1 /favicon.ico
INFO: [ app_init ] --START--
INFO: Run Behavior\BuildLiteBehavior [ RunTime:0.000012s ]
INFO: [ app_init ] --END-- [ RunTime:0.000725s ]
ERR: 无法加载模块:Favicon

[ 2018-09-27T16:19:58+08:00 ] 127.0.0.1 /favicon.ico
INFO: [ app_init ] --START--
INFO: Run Behavior\BuildLiteBehavior [ RunTime:0.000014s ]
INFO: [ app_init ] --END-- [ RunTime:0.000590s ]
ERR: 无法加载模块:Favicon

[ 2018-09-27T16:20:10+08:00 ] 127.0.0.1 /shop0926/index.php/Back/Goods/showList.html
INFO: [ app_init ] --START--
INFO: Run Behavior\BuildLiteBehavior [ RunTime:0.000013s ]
INFO: [ app_init ] --END-- [ RunTime:0.000699s ]
ERR: 无法加载模块:Shop0926

[ 2018-09-27T16:20:16+08:00 ] 127.0.0.1 /shop0926/index.php/Back/Goods/showList
INFO: [ app_init ] --START--
INFO: Run Behavior\BuildLiteBehavior [ RunTime:0.000010s ]
INFO: [ app_init ] --END-- [ RunTime:0.000523s ]
ERR: 无法加载模块:Shop0926

[ 2018-09-27T16:47:49+08:00 ] 127.0.0.1 /Uploads//Goods/2018-09-27/thumb_/Goods/2018-09-27/
INFO: [ app_init ] --START--
INFO: Run Behavior\BuildLiteBehavior [ RunTime:0.000029s ]
INFO: [ app_init ] --END-- [ RunTime:0.000842s ]
ERR: 无法加载模块:Uploads

[ 2018-09-27T16:49:06+08:00 ] 127.0.0.1 /Uploads//Goods/2018-09-27/thumb_/Goods/2018-09-27/
INFO: [ app_init ] --START--
INFO: Run Behavior\BuildLiteBehavior [ RunTime:0.000012s ]
INFO: [ app_init ] --END-- [ RunTime:0.000650s ]
ERR: 无法加载模块:Uploads

[ 2018-09-27T16:49:20+08:00 ] 127.0.0.1 /Uploads//Goods/2018-09-27/thumb_/Goods/2018-09-27/
INFO: [ app_init ] --START--
INFO: Run Behavior\BuildLiteBehavior [ RunTime:0.000015s ]
INFO: [ app_init ] --END-- [ RunTime:0.001628s ]
ERR: 无法加载模块:Uploads

[ 2018-09-27T16:49:24+08:00 ] 127.0.0.1 /Uploads//Goods/2018-09-27/thumb_/Goods/2018-09-27/
INFO: [ app_init ] --START--
INFO: Run Behavior\BuildLiteBehavior [ RunTime:0.000012s ]
INFO: [ app_init ] --END-- [ RunTime:0.000793s ]
ERR: 无法加载模块:Uploads

[ 2018-09-27T16:50:24+08:00 ] 127.0.0.1 /Uploads//Goods/2018-09-27/thumb_/Goods/2018-09-27/
INFO: [ app_init ] --START--
INFO: Run Behavior\BuildLiteBehavior [ RunTime:0.000011s ]
INFO: [ app_init ] --END-- [ RunTime:0.000600s ]
ERR: 无法加载模块:Uploads

[ 2018-09-27T16:50:41+08:00 ] 127.0.0.1 /Uploads//Goods/2018-09-27/thumb_/Goods/2018-09-27/
INFO: [ app_init ] --START--
INFO: Run Behavior\BuildLiteBehavior [ RunTime:0.000012s ]
INFO: [ app_init ] --END-- [ RunTime:0.000589s ]
ERR: 无法加载模块:Uploads

[ 2018-09-27T16:55:06+08:00 ] 127.0.0.1 /Uploads//Goods/2018-09-27/thumb_/Goods/2018-09-27/
INFO: [ app_init ] --START--
INFO: Run Behavior\BuildLiteBehavior [ RunTime:0.000012s ]
INFO: [ app_init ] --END-- [ RunTime:0.000626s ]
ERR: 无法加载模块:Uploads

[ 2018-09-27T16:55:27+08:00 ] 127.0.0.1 /Uploads//Goods/2018-09-27/thumb_/Goods/2018-09-27/
INFO: [ app_init ] --START--
INFO: Run Behavior\BuildLiteBehavior [ RunTime:0.000013s ]
INFO: [ app_init ] --END-- [ RunTime:0.000680s ]
ERR: 无法加载模块:Uploads

[ 2018-09-27T16:55:40+08:00 ] 127.0.0.1 /Uploads//Goods/2018-09-27/thumb_/Goods/2018-09-27/
INFO: [ app_init ] --START--
INFO: Run Behavior\BuildLiteBehavior [ RunTime:0.000014s ]
INFO: [ app_init ] --END-- [ RunTime:0.000785s ]
ERR: 无法加载模块:Uploads

[ 2018-09-27T16:55:57+08:00 ] 127.0.0.1 /Uploads//Goods/2018-09-27/thumb_/Goods/2018-09-27/
INFO: [ app_init ] --START--
INFO: Run Behavior\BuildLiteBehavior [ RunTime:0.000014s ]
INFO: [ app_init ] --END-- [ RunTime:0.000693s ]
ERR: 无法加载模块:Uploads

[ 2018-09-27T16:56:46+08:00 ] 127.0.0.1 /Uploads//Goods/2018-09-27/thumb_/Goods/2018-09-27/
INFO: [ app_init ] --START--
INFO: Run Behavior\BuildLiteBehavior [ RunTime:0.000021s ]
INFO: [ app_init ] --END-- [ RunTime:0.000721s ]
ERR: 无法加载模块:Uploads

[ 2018-09-27T17:02:52+08:00 ] 127.0.0.1 /Uploads//Goods/2018-09-27/thumb_/Goods/2018-09-27/
INFO: [ app_init ] --START--
INFO: Run Behavior\BuildLiteBehavior [ RunTime:0.000015s ]
INFO: [ app_init ] --END-- [ RunTime:0.000938s ]
ERR: 无法加载模块:Uploads

[ 2018-09-27T21:31:48+08:00 ] 127.0.0.1 /shop0926/Back/Public/js/jquery.js
INFO: [ app_init ] --START--
INFO: Run Behavior\BuildLiteBehavior [ RunTime:0.000012s ]
INFO: [ app_init ] --END-- [ RunTime:0.000607s ]
ERR: 无法加载模块:Shop0926

[ 2018-09-27T21:31:48+08:00 ] 127.0.0.1 /favicon.ico
INFO: [ app_init ] --START--
INFO: Run Behavior\BuildLiteBehavior [ RunTime:0.000012s ]
INFO: [ app_init ] --END-- [ RunTime:0.000525s ]
ERR: 无法加载模块:Favicon

[ 2018-09-27T21:32:52+08:00 ] 127.0.0.1 /shop0926/Back/Public/js/jquery.js
INFO: [ app_init ] --START--
INFO: Run Behavior\BuildLiteBehavior [ RunTime:0.000017s ]
INFO: [ app_init ] --END-- [ RunTime:0.000619s ]
ERR: 无法加载模块:Shop0926

[ 2018-09-27T21:35:51+08:00 ] 127.0.0.1 /shop0926/Back/Public/js/jquery.js
INFO: [ app_init ] --START--
INFO: Run Behavior\BuildLiteBehavior [ RunTime:0.000015s ]
INFO: [ app_init ] --END-- [ RunTime:0.000720s ]
ERR: 无法加载模块:Shop0926

[ 2018-09-27T21:36:29+08:00 ] 127.0.0.1 /shop0926/Back/Public/js/jquery.js
INFO: [ app_init ] --START--
INFO: Run Behavior\BuildLiteBehavior [ RunTime:0.000014s ]
INFO: [ app_init ] --END-- [ RunTime:0.000893s ]
ERR: 无法加载模块:Shop0926

[ 2018-09-27T21:37:00+08:00 ] 127.0.0.1 /shop0926/Back/Public/js/jquery.js
INFO: [ app_init ] --START--
INFO: Run Behavior\BuildLiteBehavior [ RunTime:0.000028s ]
INFO: [ app_init ] --END-- [ RunTime:0.000720s ]
ERR: 无法加载模块:Shop0926

[ 2018-09-27T21:37:26+08:00 ] 127.0.0.1 /shop0926/Back/Public/js/jquery.js
INFO: [ app_init ] --START--
INFO: Run Behavior\BuildLiteBehavior [ RunTime:0.000031s ]
INFO: [ app_init ] --END-- [ RunTime:0.001035s ]
ERR: 无法加载模块:Shop0926

[ 2018-09-27T21:41:24+08:00 ] 127.0.0.1 /shop0926/Back/Public/js/jquery.js
INFO: [ app_init ] --START--
INFO: Run Behavior\BuildLiteBehavior [ RunTime:0.000031s ]
INFO: [ app_init ] --END-- [ RunTime:0.000912s ]
ERR: 无法加载模块:Shop0926

[ 2018-09-27T21:45:05+08:00 ] 127.0.0.1 /shop0926/Back/Public/js/jquery.js
INFO: [ app_init ] --START--
INFO: Run Behavior\BuildLiteBehavior [ RunTime:0.000014s ]
INFO: [ app_init ] --END-- [ RunTime:0.000537s ]
ERR: 无法加载模块:Shop0926

