[ 2018-09-29T08:47:26+08:00 ] 127.0.0.1 /shop0926/Back/Public/js/jq.js
INFO: [ app_init ] --START--
INFO: Run Behavior\BuildLiteBehavior [ RunTime:0.000015s ]
INFO: [ app_init ] --END-- [ RunTime:0.000784s ]
ERR: 无法加载模块:Shop0926

[ 2018-09-29T08:47:26+08:00 ] 127.0.0.1 /favicon.ico
INFO: [ app_init ] --START--
INFO: Run Behavior\BuildLiteBehavior [ RunTime:0.000012s ]
INFO: [ app_init ] --END-- [ RunTime:0.000505s ]
ERR: 无法加载模块:Favicon

[ 2018-09-29T08:47:31+08:00 ] 127.0.0.1 /shop0926/Back/Public/js/jq.js
INFO: [ app_init ] --START--
INFO: Run Behavior\BuildLiteBehavior [ RunTime:0.000013s ]
INFO: [ app_init ] --END-- [ RunTime:0.000549s ]
ERR: 无法加载模块:Shop0926

[ 2018-09-29T08:47:35+08:00 ] 127.0.0.1 /shop0926/Back/Public/js/jq.js
INFO: [ app_init ] --START--
INFO: Run Behavior\BuildLiteBehavior [ RunTime:0.000012s ]
INFO: [ app_init ] --END-- [ RunTime:0.000528s ]
ERR: 无法加载模块:Shop0926

[ 2018-09-29T08:47:53+08:00 ] 127.0.0.1 /shop0926/Back/Public/js/jq.js
INFO: [ app_init ] --START--
INFO: Run Behavior\BuildLiteBehavior [ RunTime:0.000012s ]
INFO: [ app_init ] --END-- [ RunTime:0.000681s ]
ERR: 无法加载模块:Shop0926

[ 2018-09-29T08:48:10+08:00 ] 127.0.0.1 /shop0926/Back/Public/js/jq.js
INFO: [ app_init ] --START--
INFO: Run Behavior\BuildLiteBehavior [ RunTime:0.000057s ]
INFO: [ app_init ] --END-- [ RunTime:0.001645s ]
ERR: 无法加载模块:Shop0926

[ 2018-09-29T08:48:14+08:00 ] 127.0.0.1 /shop0926/Back/Public/js/jq.js
INFO: [ app_init ] --START--
INFO: Run Behavior\BuildLiteBehavior [ RunTime:0.000033s ]
INFO: [ app_init ] --END-- [ RunTime:0.000939s ]
ERR: 无法加载模块:Shop0926

[ 2018-09-29T09:36:36+08:00 ] 127.0.0.1 /shop0926/Back/Public/js/jq.js
INFO: [ app_init ] --START--
INFO: Run Behavior\BuildLiteBehavior [ RunTime:0.000011s ]
INFO: [ app_init ] --END-- [ RunTime:0.000583s ]
ERR: 无法加载模块:Shop0926

[ 2018-09-29T09:36:36+08:00 ] 127.0.0.1 /shop0926/Back/Public/js/jq.js
INFO: [ app_init ] --START--
INFO: Run Behavior\BuildLiteBehavior [ RunTime:0.000026s ]
INFO: [ app_init ] --END-- [ RunTime:0.000750s ]
ERR: 无法加载模块:Shop0926

[ 2018-09-29T09:36:36+08:00 ] 127.0.0.1 /favicon.ico
INFO: [ app_init ] --START--
INFO: Run Behavior\BuildLiteBehavior [ RunTime:0.000015s ]
INFO: [ app_init ] --END-- [ RunTime:0.001072s ]
ERR: 无法加载模块:Favicon

[ 2018-09-29T10:45:09+08:00 ] 127.0.0.1 /shop0926/Back/Public/js/jq.js
INFO: [ app_init ] --START--
INFO: Run Behavior\BuildLiteBehavior [ RunTime:0.000015s ]
INFO: [ app_init ] --END-- [ RunTime:0.001116s ]
ERR: 无法加载模块:Shop0926

[ 2018-09-29T10:45:35+08:00 ] 127.0.0.1 /shop0926/Back/Public/js/jq.js
INFO: [ app_init ] --START--
INFO: Run Behavior\BuildLiteBehavior [ RunTime:0.000021s ]
INFO: [ app_init ] --END-- [ RunTime:0.000546s ]
ERR: 无法加载模块:Shop0926

[ 2018-09-29T10:45:37+08:00 ] 127.0.0.1 /shop0926/Back/Public/js/jq.js
INFO: [ app_init ] --START--
INFO: Run Behavior\BuildLiteBehavior [ RunTime:0.000013s ]
INFO: [ app_init ] --END-- [ RunTime:0.000706s ]
ERR: 无法加载模块:Shop0926

[ 2018-09-29T10:46:16+08:00 ] 127.0.0.1 /shop0926/Back/Public/js/jq.js
INFO: [ app_init ] --START--
INFO: Run Behavior\BuildLiteBehavior [ RunTime:0.000014s ]
INFO: [ app_init ] --END-- [ RunTime:0.000727s ]
ERR: 无法加载模块:Shop0926

[ 2018-09-29T10:47:00+08:00 ] 127.0.0.1 /shop0926/Back/Public/js/jq.js
INFO: [ app_init ] --START--
INFO: Run Behavior\BuildLiteBehavior [ RunTime:0.000011s ]
INFO: [ app_init ] --END-- [ RunTime:0.000871s ]
ERR: 无法加载模块:Shop0926

[ 2018-09-29T10:47:05+08:00 ] 127.0.0.1 /shop0926/Back/Public/js/jq.js
INFO: [ app_init ] --START--
INFO: Run Behavior\BuildLiteBehavior [ RunTime:0.000011s ]
INFO: [ app_init ] --END-- [ RunTime:0.000902s ]
ERR: 无法加载模块:Shop0926

[ 2018-09-29T10:47:08+08:00 ] 127.0.0.1 /shop0926/Back/Public/js/jq.js
INFO: [ app_init ] --START--
INFO: Run Behavior\BuildLiteBehavior [ RunTime:0.000011s ]
INFO: [ app_init ] --END-- [ RunTime:0.000914s ]
ERR: 无法加载模块:Shop0926

[ 2018-09-29T10:49:13+08:00 ] 127.0.0.1 /shop0926/Back/Public/js/jq.js
INFO: [ app_init ] --START--
INFO: Run Behavior\BuildLiteBehavior [ RunTime:0.000013s ]
INFO: [ app_init ] --END-- [ RunTime:0.000621s ]
ERR: 无法加载模块:Shop0926

[ 2018-09-29T10:49:49+08:00 ] 127.0.0.1 /shop0926/Back/Public/js/jq.js
INFO: [ app_init ] --START--
INFO: Run Behavior\BuildLiteBehavior [ RunTime:0.000014s ]
INFO: [ app_init ] --END-- [ RunTime:0.000651s ]
ERR: 无法加载模块:Shop0926

[ 2018-09-29T10:49:57+08:00 ] 127.0.0.1 /shop0926/Back/Public/js/jq.js
INFO: [ app_init ] --START--
INFO: Run Behavior\BuildLiteBehavior [ RunTime:0.000013s ]
INFO: [ app_init ] --END-- [ RunTime:0.000678s ]
ERR: 无法加载模块:Shop0926

[ 2018-09-29T10:51:16+08:00 ] 127.0.0.1 /shop0926/Back/Public/js/jq.js
INFO: [ app_init ] --START--
INFO: Run Behavior\BuildLiteBehavior [ RunTime:0.000012s ]
INFO: [ app_init ] --END-- [ RunTime:0.000640s ]
ERR: 无法加载模块:Shop0926

[ 2018-09-29T10:51:19+08:00 ] 127.0.0.1 /shop0926/Back/Public/js/jq.js
INFO: [ app_init ] --START--
INFO: Run Behavior\BuildLiteBehavior [ RunTime:0.000015s ]
INFO: [ app_init ] --END-- [ RunTime:0.000716s ]
ERR: 无法加载模块:Shop0926

