[ 2018-10-21T18:28:37+08:00 ] 127.0.0.1 /Application/Back/Public/js/jquery-2.1.3.min.js
INFO: [ app_init ] --START--
INFO: Run Behavior\BuildLiteBehavior [ RunTime:0.000024s ]
INFO: [ app_init ] --END-- [ RunTime:0.001163s ]
ERR: 无法加载模块:Application

[ 2018-10-21T18:28:38+08:00 ] 127.0.0.1 /favicon.ico
INFO: [ app_init ] --START--
INFO: Run Behavior\BuildLiteBehavior [ RunTime:0.000030s ]
INFO: [ app_init ] --END-- [ RunTime:0.002020s ]
ERR: 无法加载模块:Favicon

[ 2018-10-21T18:33:38+08:00 ] 127.0.0.1 /Application/Back/Public/js/jquery-2.1.3.min.js
INFO: [ app_init ] --START--
INFO: Run Behavior\BuildLiteBehavior [ RunTime:0.000024s ]
INFO: [ app_init ] --END-- [ RunTime:0.001244s ]
ERR: 无法加载模块:Application

[ 2018-10-21T18:34:49+08:00 ] 127.0.0.1 /Application/Back/Public/css/BACK.css
INFO: [ app_init ] --START--
INFO: Run Behavior\BuildLiteBehavior [ RunTime:0.000025s ]
INFO: [ app_init ] --END-- [ RunTime:0.006243s ]
ERR: 无法加载模块:Application

[ 2018-10-21T18:34:49+08:00 ] 127.0.0.1 /Application/Back/Public/css/shadow_bg.jpg
INFO: [ app_init ] --START--
INFO: Run Behavior\BuildLiteBehavior [ RunTime:0.000025s ]
INFO: [ app_init ] --END-- [ RunTime:0.001059s ]
ERR: 无法加载模块:Application

[ 2018-10-21T18:34:49+08:00 ] 127.0.0.1 /Application/Back/Public/css/title_bg1.jpg
INFO: [ app_init ] --START--
INFO: Run Behavior\BuildLiteBehavior [ RunTime:0.000028s ]
INFO: [ app_init ] --END-- [ RunTime:0.001382s ]
ERR: 无法加载模块:Application

[ 2018-10-21T18:34:49+08:00 ] 127.0.0.1 /Application/Back/Public/css/title_bg2.jpg
INFO: [ app_init ] --START--
INFO: Run Behavior\BuildLiteBehavior [ RunTime:0.000030s ]
INFO: [ app_init ] --END-- [ RunTime:0.001175s ]
ERR: 无法加载模块:Application

[ 2018-10-21T18:48:47+08:00 ] 127.0.0.1 /Application/Back/Public/css/shadow_bg.jpg
INFO: [ app_init ] --START--
INFO: Run Behavior\BuildLiteBehavior [ RunTime:0.000024s ]
INFO: [ app_init ] --END-- [ RunTime:0.001106s ]
ERR: 无法加载模块:Application

[ 2018-10-21T18:48:47+08:00 ] 127.0.0.1 /Application/Back/Public/css/title_bg2.jpg
INFO: [ app_init ] --START--
INFO: Run Behavior\BuildLiteBehavior [ RunTime:0.000024s ]
INFO: [ app_init ] --END-- [ RunTime:0.001023s ]
ERR: 无法加载模块:Application

[ 2018-10-21T18:48:47+08:00 ] 127.0.0.1 /Application/Back/Public/css/title_bg1.jpg
INFO: [ app_init ] --START--
INFO: Run Behavior\BuildLiteBehavior [ RunTime:0.000025s ]
INFO: [ app_init ] --END-- [ RunTime:0.001234s ]
ERR: 无法加载模块:Application

[ 2018-10-21T18:48:48+08:00 ] 127.0.0.1 /Application/Back/Public/css/BACK.css
INFO: [ app_init ] --START--
INFO: Run Behavior\BuildLiteBehavior [ RunTime:0.000031s ]
INFO: [ app_init ] --END-- [ RunTime:0.001409s ]
ERR: 无法加载模块:Application

[ 2018-10-21T18:49:13+08:00 ] 127.0.0.1 /Application/Back/Public/css/title_bg2.jpg
INFO: [ app_init ] --START--
INFO: Run Behavior\BuildLiteBehavior [ RunTime:0.000025s ]
INFO: [ app_init ] --END-- [ RunTime:0.001055s ]
ERR: 无法加载模块:Application

[ 2018-10-21T18:49:13+08:00 ] 127.0.0.1 /Application/Back/Public/css/shadow_bg.jpg
INFO: [ app_init ] --START--
INFO: Run Behavior\BuildLiteBehavior [ RunTime:0.000029s ]
INFO: [ app_init ] --END-- [ RunTime:0.001245s ]
ERR: 无法加载模块:Application

[ 2018-10-21T18:49:13+08:00 ] 127.0.0.1 /Application/Back/Public/css/title_bg1.jpg
INFO: [ app_init ] --START--
INFO: Run Behavior\BuildLiteBehavior [ RunTime:0.000028s ]
INFO: [ app_init ] --END-- [ RunTime:0.002506s ]
ERR: 无法加载模块:Application

[ 2018-10-21T18:49:14+08:00 ] 127.0.0.1 /Application/Back/Public/css/BACK.css
INFO: [ app_init ] --START--
INFO: Run Behavior\BuildLiteBehavior [ RunTime:0.000043s ]
INFO: [ app_init ] --END-- [ RunTime:0.001547s ]
ERR: 无法加载模块:Application

[ 2018-10-21T19:01:45+08:00 ] 127.0.0.1 /Application/Back/Public/css/BACK.css
INFO: [ app_init ] --START--
INFO: Run Behavior\BuildLiteBehavior [ RunTime:0.000025s ]
INFO: [ app_init ] --END-- [ RunTime:0.001142s ]
ERR: 无法加载模块:Application

[ 2018-10-21T19:01:45+08:00 ] 127.0.0.1 /Application/Back/Public/css/shadow_bg.jpg
INFO: [ app_init ] --START--
INFO: Run Behavior\BuildLiteBehavior [ RunTime:0.000026s ]
INFO: [ app_init ] --END-- [ RunTime:0.001049s ]
ERR: 无法加载模块:Application

[ 2018-10-21T19:01:45+08:00 ] 127.0.0.1 /Application/Back/Public/css/title_bg1.jpg
INFO: [ app_init ] --START--
INFO: Run Behavior\BuildLiteBehavior [ RunTime:0.000027s ]
INFO: [ app_init ] --END-- [ RunTime:0.001311s ]
ERR: 无法加载模块:Application

[ 2018-10-21T19:01:45+08:00 ] 127.0.0.1 /Application/Back/Public/css/title_bg2.jpg
INFO: [ app_init ] --START--
INFO: Run Behavior\BuildLiteBehavior [ RunTime:0.000062s ]
INFO: [ app_init ] --END-- [ RunTime:0.002773s ]
ERR: 无法加载模块:Application

[ 2018-10-21T19:02:08+08:00 ] 127.0.0.1 /Application/Back/Public/css/shadow_bg.jpg
INFO: [ app_init ] --START--
INFO: Run Behavior\BuildLiteBehavior [ RunTime:0.000032s ]
INFO: [ app_init ] --END-- [ RunTime:0.001339s ]
ERR: 无法加载模块:Application

[ 2018-10-21T19:02:08+08:00 ] 127.0.0.1 /Application/Back/Public/css/title_bg2.jpg
INFO: [ app_init ] --START--
INFO: Run Behavior\BuildLiteBehavior [ RunTime:0.000037s ]
INFO: [ app_init ] --END-- [ RunTime:0.001928s ]
ERR: 无法加载模块:Application

[ 2018-10-21T19:02:08+08:00 ] 127.0.0.1 /Application/Back/Public/css/title_bg1.jpg
INFO: [ app_init ] --START--
INFO: Run Behavior\BuildLiteBehavior [ RunTime:0.000025s ]
INFO: [ app_init ] --END-- [ RunTime:0.001099s ]
ERR: 无法加载模块:Application

[ 2018-10-21T19:02:09+08:00 ] 127.0.0.1 /Application/Back/Public/css/BACK.css
INFO: [ app_init ] --START--
INFO: Run Behavior\BuildLiteBehavior [ RunTime:0.000033s ]
INFO: [ app_init ] --END-- [ RunTime:0.002346s ]
ERR: 无法加载模块:Application

[ 2018-10-21T19:04:35+08:00 ] 127.0.0.1 /Application/Back/Public/css/BACK.css
INFO: [ app_init ] --START--
INFO: Run Behavior\BuildLiteBehavior [ RunTime:0.000027s ]
INFO: [ app_init ] --END-- [ RunTime:0.001575s ]
ERR: 无法加载模块:Application

[ 2018-10-21T19:04:35+08:00 ] 127.0.0.1 /Application/Back/Public/css/shadow_bg.jpg
INFO: [ app_init ] --START--
INFO: Run Behavior\BuildLiteBehavior [ RunTime:0.000024s ]
INFO: [ app_init ] --END-- [ RunTime:0.001021s ]
ERR: 无法加载模块:Application

[ 2018-10-21T19:04:35+08:00 ] 127.0.0.1 /Application/Back/Public/css/title_bg2.jpg
INFO: [ app_init ] --START--
INFO: Run Behavior\BuildLiteBehavior [ RunTime:0.000276s ]
INFO: [ app_init ] --END-- [ RunTime:0.001674s ]
ERR: 无法加载模块:Application

[ 2018-10-21T19:04:35+08:00 ] 127.0.0.1 /Application/Back/Public/css/title_bg1.jpg
INFO: [ app_init ] --START--
INFO: Run Behavior\BuildLiteBehavior [ RunTime:0.000023s ]
INFO: [ app_init ] --END-- [ RunTime:0.001277s ]
ERR: 无法加载模块:Application

[ 2018-10-21T19:05:43+08:00 ] 127.0.0.1 /Application/Back/Public/css/BACK.css
INFO: [ app_init ] --START--
INFO: Run Behavior\BuildLiteBehavior [ RunTime:0.000028s ]
INFO: [ app_init ] --END-- [ RunTime:0.002821s ]
ERR: 无法加载模块:Application

[ 2018-10-21T19:05:43+08:00 ] 127.0.0.1 /Application/Back/Public/css/title_bg2.jpg
INFO: [ app_init ] --START--
INFO: Run Behavior\BuildLiteBehavior [ RunTime:0.000023s ]
INFO: [ app_init ] --END-- [ RunTime:0.001095s ]
ERR: 无法加载模块:Application

[ 2018-10-21T19:05:43+08:00 ] 127.0.0.1 /Application/Back/Public/css/title_bg1.jpg
INFO: [ app_init ] --START--
INFO: Run Behavior\BuildLiteBehavior [ RunTime:0.000025s ]
INFO: [ app_init ] --END-- [ RunTime:0.001586s ]
ERR: 无法加载模块:Application

[ 2018-10-21T19:05:43+08:00 ] 127.0.0.1 /Application/Back/Public/css/shadow_bg.jpg
INFO: [ app_init ] --START--
INFO: Run Behavior\BuildLiteBehavior [ RunTime:0.000025s ]
INFO: [ app_init ] --END-- [ RunTime:0.001347s ]
ERR: 无法加载模块:Application

[ 2018-10-21T19:06:27+08:00 ] 127.0.0.1 /Application/Back/Public/css/BACK.css
INFO: [ app_init ] --START--
INFO: Run Behavior\BuildLiteBehavior [ RunTime:0.000025s ]
INFO: [ app_init ] --END-- [ RunTime:0.001345s ]
ERR: 无法加载模块:Application

[ 2018-10-21T19:06:27+08:00 ] 127.0.0.1 /Application/Back/Public/css/shadow_bg.jpg
INFO: [ app_init ] --START--
INFO: Run Behavior\BuildLiteBehavior [ RunTime:0.000025s ]
INFO: [ app_init ] --END-- [ RunTime:0.001054s ]
ERR: 无法加载模块:Application

[ 2018-10-21T19:06:27+08:00 ] 127.0.0.1 /Application/Back/Public/css/title_bg2.jpg
INFO: [ app_init ] --START--
INFO: Run Behavior\BuildLiteBehavior [ RunTime:0.000028s ]
INFO: [ app_init ] --END-- [ RunTime:0.001232s ]
ERR: 无法加载模块:Application

[ 2018-10-21T19:06:27+08:00 ] 127.0.0.1 /Application/Back/Public/css/title_bg1.jpg
INFO: [ app_init ] --START--
INFO: Run Behavior\BuildLiteBehavior [ RunTime:0.000025s ]
INFO: [ app_init ] --END-- [ RunTime:0.001130s ]
ERR: 无法加载模块:Application

[ 2018-10-21T19:07:10+08:00 ] 127.0.0.1 /Application/Back/Public/css/BACK.css
INFO: [ app_init ] --START--
INFO: Run Behavior\BuildLiteBehavior [ RunTime:0.000025s ]
INFO: [ app_init ] --END-- [ RunTime:0.001103s ]
ERR: 无法加载模块:Application

[ 2018-10-21T19:07:10+08:00 ] 127.0.0.1 /Application/Back/Public/css/shadow_bg.jpg
INFO: [ app_init ] --START--
INFO: Run Behavior\BuildLiteBehavior [ RunTime:0.000026s ]
INFO: [ app_init ] --END-- [ RunTime:0.001054s ]
ERR: 无法加载模块:Application

[ 2018-10-21T19:07:10+08:00 ] 127.0.0.1 /Application/Back/Public/css/title_bg2.jpg
INFO: [ app_init ] --START--
INFO: Run Behavior\BuildLiteBehavior [ RunTime:0.000029s ]
INFO: [ app_init ] --END-- [ RunTime:0.001808s ]
ERR: 无法加载模块:Application

[ 2018-10-21T19:07:10+08:00 ] 127.0.0.1 /Application/Back/Public/css/title_bg1.jpg
INFO: [ app_init ] --START--
INFO: Run Behavior\BuildLiteBehavior [ RunTime:0.000025s ]
INFO: [ app_init ] --END-- [ RunTime:0.001362s ]
ERR: 无法加载模块:Application

[ 2018-10-21T19:23:28+08:00 ] 127.0.0.1 /Application/Back/Public/css/BACK.css
INFO: [ app_init ] --START--
INFO: Run Behavior\BuildLiteBehavior [ RunTime:0.000025s ]
INFO: [ app_init ] --END-- [ RunTime:0.001254s ]
ERR: 无法加载模块:Application

[ 2018-10-21T19:23:28+08:00 ] 127.0.0.1 /Application/Back/Public/css/shadow_bg.jpg
INFO: [ app_init ] --START--
INFO: Run Behavior\BuildLiteBehavior [ RunTime:0.000025s ]
INFO: [ app_init ] --END-- [ RunTime:0.001056s ]
ERR: 无法加载模块:Application

[ 2018-10-21T19:23:28+08:00 ] 127.0.0.1 /Application/Back/Public/css/title_bg2.jpg
INFO: [ app_init ] --START--
INFO: Run Behavior\BuildLiteBehavior [ RunTime:0.000026s ]
INFO: [ app_init ] --END-- [ RunTime:0.001284s ]
ERR: 无法加载模块:Application

[ 2018-10-21T19:23:28+08:00 ] 127.0.0.1 /Application/Back/Public/css/title_bg1.jpg
INFO: [ app_init ] --START--
INFO: Run Behavior\BuildLiteBehavior [ RunTime:0.000024s ]
INFO: [ app_init ] --END-- [ RunTime:0.001106s ]
ERR: 无法加载模块:Application

[ 2018-10-21T19:23:38+08:00 ] 127.0.0.1 /Application/Back/Public/js/jquery-2.1.3.min.js
INFO: [ app_init ] --START--
INFO: Run Behavior\BuildLiteBehavior [ RunTime:0.000024s ]
INFO: [ app_init ] --END-- [ RunTime:0.001222s ]
ERR: 无法加载模块:Application

[ 2018-10-21T19:39:43+08:00 ] 127.0.0.1 /Application/Back/Public/js/jquery-2.1.3.min.js
INFO: [ app_init ] --START--
INFO: Run Behavior\BuildLiteBehavior [ RunTime:0.000012s ]
INFO: [ app_init ] --END-- [ RunTime:0.000569s ]
ERR: 无法加载模块:Application

[ 2018-10-21T19:59:40+08:00 ] 127.0.0.1 /Application/Home/Public/js/jq.js
INFO: [ app_init ] --START--
INFO: Run Behavior\BuildLiteBehavior [ RunTime:0.000016s ]
INFO: [ app_init ] --END-- [ RunTime:0.000626s ]
ERR: 无法加载模块:Application

[ 2018-10-21T20:55:05+08:00 ] 127.0.0.1 /Application/Back/Public/js/jquery-2.1.3.min.js
INFO: [ app_init ] --START--
INFO: Run Behavior\BuildLiteBehavior [ RunTime:0.000013s ]
INFO: [ app_init ] --END-- [ RunTime:0.000616s ]
ERR: 无法加载模块:Application

[ 2018-10-21T20:55:11+08:00 ] 127.0.0.1 /favicon.ico
INFO: [ app_init ] --START--
INFO: Run Behavior\BuildLiteBehavior [ RunTime:0.000014s ]
INFO: [ app_init ] --END-- [ RunTime:0.000639s ]
ERR: 无法加载模块:Favicon

