[ 2018-11-01T16:59:58+08:00 ] 127.0.0.1 /Application/Back/Public/js/jquery-2.1.3.min.js
INFO: [ app_init ] --START--
INFO: Run Behavior\BuildLiteBehavior [ RunTime:0.000024s ]
INFO: [ app_init ] --END-- [ RunTime:0.001121s ]
ERR: 无法加载模块:Application

[ 2018-11-01T16:59:58+08:00 ] 127.0.0.1 /favicon.ico
INFO: [ app_init ] --START--
INFO: Run Behavior\BuildLiteBehavior [ RunTime:0.000036s ]
INFO: [ app_init ] --END-- [ RunTime:0.001164s ]
ERR: 无法加载模块:Favicon

[ 2018-11-01T17:00:12+08:00 ] 127.0.0.1 /Application/Back/Public/css/BACK.css
INFO: [ app_init ] --START--
INFO: Run Behavior\BuildLiteBehavior [ RunTime:0.000032s ]
INFO: [ app_init ] --END-- [ RunTime:0.001508s ]
ERR: 无法加载模块:Application

[ 2018-11-01T17:00:12+08:00 ] 127.0.0.1 /Application/Back/Public/css/title_bg1.jpg
INFO: [ app_init ] --START--
INFO: Run Behavior\BuildLiteBehavior [ RunTime:0.000025s ]
INFO: [ app_init ] --END-- [ RunTime:0.001372s ]
ERR: 无法加载模块:Application

[ 2018-11-01T17:00:12+08:00 ] 127.0.0.1 /Application/Back/Public/css/shadow_bg.jpg
INFO: [ app_init ] --START--
INFO: Run Behavior\BuildLiteBehavior [ RunTime:0.000024s ]
INFO: [ app_init ] --END-- [ RunTime:0.001425s ]
ERR: 无法加载模块:Application

[ 2018-11-01T17:00:12+08:00 ] 127.0.0.1 /Application/Back/Public/css/title_bg2.jpg
INFO: [ app_init ] --START--
INFO: Run Behavior\BuildLiteBehavior [ RunTime:0.000026s ]
INFO: [ app_init ] --END-- [ RunTime:0.002105s ]
ERR: 无法加载模块:Application

[ 2018-11-01T17:02:27+08:00 ] 127.0.0.1 /Application/Back/Public/js/jquery-2.1.3.min.js
INFO: [ app_init ] --START--
INFO: Run Behavior\BuildLiteBehavior [ RunTime:0.000024s ]
INFO: [ app_init ] --END-- [ RunTime:0.001097s ]
ERR: 无法加载模块:Application

[ 2018-11-01T17:02:51+08:00 ] 127.0.0.1 /Application/Back/Public/js/jquery-2.1.3.min.js
INFO: [ app_init ] --START--
INFO: Run Behavior\BuildLiteBehavior [ RunTime:0.000032s ]
INFO: [ app_init ] --END-- [ RunTime:0.001518s ]
ERR: 无法加载模块:Application

[ 2018-11-01T17:02:53+08:00 ] 127.0.0.1 /Application/Back/Public/js/jquery-2.1.3.min.js
INFO: [ app_init ] --START--
INFO: Run Behavior\BuildLiteBehavior [ RunTime:0.000024s ]
INFO: [ app_init ] --END-- [ RunTime:0.001029s ]
ERR: 无法加载模块:Application

[ 2018-11-01T17:02:59+08:00 ] 127.0.0.1 /Application/Back/Public/js/jquery-2.1.3.min.js
INFO: [ app_init ] --START--
INFO: Run Behavior\BuildLiteBehavior [ RunTime:0.000033s ]
INFO: [ app_init ] --END-- [ RunTime:0.002112s ]
ERR: 无法加载模块:Application

